[2021-05-16 05:18:20,864] {scheduler_job.py:182} INFO - Started process (PID=28) to work on /home/airflow/.local/lib/python3.6/site-packages/airflow/example_dags/example_latest_only.py
[2021-05-16 05:18:20,891] {scheduler_job.py:629} INFO - Processing file /home/airflow/.local/lib/python3.6/site-packages/airflow/example_dags/example_latest_only.py for tasks to queue
[2021-05-16 05:18:20,896] {logging_mixin.py:104} INFO - [2021-05-16 05:18:20,896] {dagbag.py:451} INFO - Filling up the DagBag from /home/airflow/.local/lib/python3.6/site-packages/airflow/example_dags/example_latest_only.py
[2021-05-16 05:18:21,165] {scheduler_job.py:639} INFO - DAG(s) dict_keys(['latest_only']) retrieved from /home/airflow/.local/lib/python3.6/site-packages/airflow/example_dags/example_latest_only.py
[2021-05-16 05:18:21,350] {logging_mixin.py:104} INFO - [2021-05-16 05:18:21,350] {dag.py:1824} INFO - Sync 1 DAGs
[2021-05-16 05:18:21,566] {logging_mixin.py:104} INFO - [2021-05-16 05:18:21,566] {dag.py:1843} INFO - Creating ORM DAG for latest_only
[2021-05-16 05:18:21,636] {logging_mixin.py:104} INFO - [2021-05-16 05:18:21,636] {dag.py:2280} INFO - Setting next_dagrun for latest_only to 2021-05-14 00:00:00+00:00
[2021-05-16 05:18:21,805] {scheduler_job.py:190} INFO - Processing /home/airflow/.local/lib/python3.6/site-packages/airflow/example_dags/example_latest_only.py took 0.978 seconds
[2021-05-16 05:18:52,247] {scheduler_job.py:182} INFO - Started process (PID=54) to work on /home/airflow/.local/lib/python3.6/site-packages/airflow/example_dags/example_latest_only.py
[2021-05-16 05:18:52,271] {scheduler_job.py:629} INFO - Processing file /home/airflow/.local/lib/python3.6/site-packages/airflow/example_dags/example_latest_only.py for tasks to queue
[2021-05-16 05:18:52,283] {logging_mixin.py:104} INFO - [2021-05-16 05:18:52,282] {dagbag.py:451} INFO - Filling up the DagBag from /home/airflow/.local/lib/python3.6/site-packages/airflow/example_dags/example_latest_only.py
[2021-05-16 05:18:52,378] {scheduler_job.py:639} INFO - DAG(s) dict_keys(['latest_only']) retrieved from /home/airflow/.local/lib/python3.6/site-packages/airflow/example_dags/example_latest_only.py
[2021-05-16 05:18:52,502] {logging_mixin.py:104} INFO - [2021-05-16 05:18:52,502] {dag.py:1824} INFO - Sync 1 DAGs
[2021-05-16 05:18:52,675] {logging_mixin.py:104} INFO - [2021-05-16 05:18:52,675] {dag.py:2280} INFO - Setting next_dagrun for latest_only to 2021-05-14 00:00:00+00:00
[2021-05-16 05:18:52,804] {scheduler_job.py:190} INFO - Processing /home/airflow/.local/lib/python3.6/site-packages/airflow/example_dags/example_latest_only.py took 0.574 seconds
[2021-05-16 05:19:22,989] {scheduler_job.py:182} INFO - Started process (PID=80) to work on /home/airflow/.local/lib/python3.6/site-packages/airflow/example_dags/example_latest_only.py
[2021-05-16 05:19:22,996] {scheduler_job.py:629} INFO - Processing file /home/airflow/.local/lib/python3.6/site-packages/airflow/example_dags/example_latest_only.py for tasks to queue
[2021-05-16 05:19:23,002] {logging_mixin.py:104} INFO - [2021-05-16 05:19:23,002] {dagbag.py:451} INFO - Filling up the DagBag from /home/airflow/.local/lib/python3.6/site-packages/airflow/example_dags/example_latest_only.py
[2021-05-16 05:19:23,050] {scheduler_job.py:639} INFO - DAG(s) dict_keys(['latest_only']) retrieved from /home/airflow/.local/lib/python3.6/site-packages/airflow/example_dags/example_latest_only.py
[2021-05-16 05:19:23,145] {logging_mixin.py:104} INFO - [2021-05-16 05:19:23,145] {dag.py:1824} INFO - Sync 1 DAGs
[2021-05-16 05:19:23,268] {logging_mixin.py:104} INFO - [2021-05-16 05:19:23,268] {dag.py:2280} INFO - Setting next_dagrun for latest_only to 2021-05-14 00:00:00+00:00
[2021-05-16 05:19:23,343] {scheduler_job.py:190} INFO - Processing /home/airflow/.local/lib/python3.6/site-packages/airflow/example_dags/example_latest_only.py took 0.366 seconds
[2021-05-16 05:19:53,392] {scheduler_job.py:182} INFO - Started process (PID=105) to work on /home/airflow/.local/lib/python3.6/site-packages/airflow/example_dags/example_latest_only.py
[2021-05-16 05:19:53,395] {scheduler_job.py:629} INFO - Processing file /home/airflow/.local/lib/python3.6/site-packages/airflow/example_dags/example_latest_only.py for tasks to queue
[2021-05-16 05:19:53,397] {logging_mixin.py:104} INFO - [2021-05-16 05:19:53,397] {dagbag.py:451} INFO - Filling up the DagBag from /home/airflow/.local/lib/python3.6/site-packages/airflow/example_dags/example_latest_only.py
[2021-05-16 05:19:53,424] {scheduler_job.py:639} INFO - DAG(s) dict_keys(['latest_only']) retrieved from /home/airflow/.local/lib/python3.6/site-packages/airflow/example_dags/example_latest_only.py
[2021-05-16 05:19:53,475] {logging_mixin.py:104} INFO - [2021-05-16 05:19:53,475] {dag.py:1824} INFO - Sync 1 DAGs
[2021-05-16 05:19:53,507] {logging_mixin.py:104} INFO - [2021-05-16 05:19:53,507] {dag.py:2280} INFO - Setting next_dagrun for latest_only to 2021-05-14 00:00:00+00:00
[2021-05-16 05:19:53,527] {scheduler_job.py:190} INFO - Processing /home/airflow/.local/lib/python3.6/site-packages/airflow/example_dags/example_latest_only.py took 0.141 seconds
[2021-05-16 05:20:23,821] {scheduler_job.py:182} INFO - Started process (PID=132) to work on /home/airflow/.local/lib/python3.6/site-packages/airflow/example_dags/example_latest_only.py
[2021-05-16 05:20:23,827] {scheduler_job.py:629} INFO - Processing file /home/airflow/.local/lib/python3.6/site-packages/airflow/example_dags/example_latest_only.py for tasks to queue
[2021-05-16 05:20:23,829] {logging_mixin.py:104} INFO - [2021-05-16 05:20:23,829] {dagbag.py:451} INFO - Filling up the DagBag from /home/airflow/.local/lib/python3.6/site-packages/airflow/example_dags/example_latest_only.py
[2021-05-16 05:20:23,853] {scheduler_job.py:639} INFO - DAG(s) dict_keys(['latest_only']) retrieved from /home/airflow/.local/lib/python3.6/site-packages/airflow/example_dags/example_latest_only.py
[2021-05-16 05:20:23,905] {logging_mixin.py:104} INFO - [2021-05-16 05:20:23,905] {dag.py:1824} INFO - Sync 1 DAGs
[2021-05-16 05:20:23,959] {logging_mixin.py:104} INFO - [2021-05-16 05:20:23,959] {dag.py:2280} INFO - Setting next_dagrun for latest_only to 2021-05-14 00:00:00+00:00
[2021-05-16 05:20:23,989] {scheduler_job.py:190} INFO - Processing /home/airflow/.local/lib/python3.6/site-packages/airflow/example_dags/example_latest_only.py took 0.176 seconds
[2021-05-16 05:20:54,241] {scheduler_job.py:182} INFO - Started process (PID=158) to work on /home/airflow/.local/lib/python3.6/site-packages/airflow/example_dags/example_latest_only.py
[2021-05-16 05:20:54,247] {scheduler_job.py:629} INFO - Processing file /home/airflow/.local/lib/python3.6/site-packages/airflow/example_dags/example_latest_only.py for tasks to queue
[2021-05-16 05:20:54,250] {logging_mixin.py:104} INFO - [2021-05-16 05:20:54,249] {dagbag.py:451} INFO - Filling up the DagBag from /home/airflow/.local/lib/python3.6/site-packages/airflow/example_dags/example_latest_only.py
[2021-05-16 05:20:54,276] {scheduler_job.py:639} INFO - DAG(s) dict_keys(['latest_only']) retrieved from /home/airflow/.local/lib/python3.6/site-packages/airflow/example_dags/example_latest_only.py
[2021-05-16 05:20:54,323] {logging_mixin.py:104} INFO - [2021-05-16 05:20:54,323] {dag.py:1824} INFO - Sync 1 DAGs
[2021-05-16 05:20:54,367] {logging_mixin.py:104} INFO - [2021-05-16 05:20:54,367] {dag.py:2280} INFO - Setting next_dagrun for latest_only to 2021-05-14 00:00:00+00:00
[2021-05-16 05:20:54,389] {scheduler_job.py:190} INFO - Processing /home/airflow/.local/lib/python3.6/site-packages/airflow/example_dags/example_latest_only.py took 0.157 seconds
[2021-05-16 05:21:25,255] {scheduler_job.py:182} INFO - Started process (PID=184) to work on /home/airflow/.local/lib/python3.6/site-packages/airflow/example_dags/example_latest_only.py
[2021-05-16 05:21:25,258] {scheduler_job.py:629} INFO - Processing file /home/airflow/.local/lib/python3.6/site-packages/airflow/example_dags/example_latest_only.py for tasks to queue
[2021-05-16 05:21:25,262] {logging_mixin.py:104} INFO - [2021-05-16 05:21:25,261] {dagbag.py:451} INFO - Filling up the DagBag from /home/airflow/.local/lib/python3.6/site-packages/airflow/example_dags/example_latest_only.py
[2021-05-16 05:21:25,305] {scheduler_job.py:639} INFO - DAG(s) dict_keys(['latest_only']) retrieved from /home/airflow/.local/lib/python3.6/site-packages/airflow/example_dags/example_latest_only.py
[2021-05-16 05:21:25,367] {logging_mixin.py:104} INFO - [2021-05-16 05:21:25,367] {dag.py:1824} INFO - Sync 1 DAGs
[2021-05-16 05:21:25,393] {logging_mixin.py:104} INFO - [2021-05-16 05:21:25,393] {dag.py:2280} INFO - Setting next_dagrun for latest_only to 2021-05-14 00:00:00+00:00
[2021-05-16 05:21:25,417] {scheduler_job.py:190} INFO - Processing /home/airflow/.local/lib/python3.6/site-packages/airflow/example_dags/example_latest_only.py took 0.171 seconds
[2021-05-16 05:21:55,694] {scheduler_job.py:182} INFO - Started process (PID=210) to work on /home/airflow/.local/lib/python3.6/site-packages/airflow/example_dags/example_latest_only.py
[2021-05-16 05:21:55,698] {scheduler_job.py:629} INFO - Processing file /home/airflow/.local/lib/python3.6/site-packages/airflow/example_dags/example_latest_only.py for tasks to queue
[2021-05-16 05:21:55,702] {logging_mixin.py:104} INFO - [2021-05-16 05:21:55,702] {dagbag.py:451} INFO - Filling up the DagBag from /home/airflow/.local/lib/python3.6/site-packages/airflow/example_dags/example_latest_only.py
[2021-05-16 05:21:55,735] {scheduler_job.py:639} INFO - DAG(s) dict_keys(['latest_only']) retrieved from /home/airflow/.local/lib/python3.6/site-packages/airflow/example_dags/example_latest_only.py
[2021-05-16 05:21:55,790] {logging_mixin.py:104} INFO - [2021-05-16 05:21:55,789] {dag.py:1824} INFO - Sync 1 DAGs
[2021-05-16 05:21:55,835] {logging_mixin.py:104} INFO - [2021-05-16 05:21:55,835] {dag.py:2280} INFO - Setting next_dagrun for latest_only to 2021-05-14 00:00:00+00:00
[2021-05-16 05:21:55,862] {scheduler_job.py:190} INFO - Processing /home/airflow/.local/lib/python3.6/site-packages/airflow/example_dags/example_latest_only.py took 0.184 seconds
[2021-05-16 05:22:27,515] {scheduler_job.py:182} INFO - Started process (PID=237) to work on /home/airflow/.local/lib/python3.6/site-packages/airflow/example_dags/example_latest_only.py
[2021-05-16 05:22:27,520] {scheduler_job.py:629} INFO - Processing file /home/airflow/.local/lib/python3.6/site-packages/airflow/example_dags/example_latest_only.py for tasks to queue
[2021-05-16 05:22:27,533] {logging_mixin.py:104} INFO - [2021-05-16 05:22:27,531] {dagbag.py:451} INFO - Filling up the DagBag from /home/airflow/.local/lib/python3.6/site-packages/airflow/example_dags/example_latest_only.py
[2021-05-16 05:22:27,659] {scheduler_job.py:639} INFO - DAG(s) dict_keys(['latest_only']) retrieved from /home/airflow/.local/lib/python3.6/site-packages/airflow/example_dags/example_latest_only.py
[2021-05-16 05:22:27,798] {logging_mixin.py:104} INFO - [2021-05-16 05:22:27,797] {dag.py:1824} INFO - Sync 1 DAGs
[2021-05-16 05:22:27,951] {logging_mixin.py:104} INFO - [2021-05-16 05:22:27,950] {dag.py:2280} INFO - Setting next_dagrun for latest_only to 2021-05-14 00:00:00+00:00
[2021-05-16 05:22:28,049] {scheduler_job.py:190} INFO - Processing /home/airflow/.local/lib/python3.6/site-packages/airflow/example_dags/example_latest_only.py took 0.597 seconds
[2021-05-16 05:22:58,924] {scheduler_job.py:182} INFO - Started process (PID=263) to work on /home/airflow/.local/lib/python3.6/site-packages/airflow/example_dags/example_latest_only.py
[2021-05-16 05:22:58,932] {scheduler_job.py:629} INFO - Processing file /home/airflow/.local/lib/python3.6/site-packages/airflow/example_dags/example_latest_only.py for tasks to queue
[2021-05-16 05:22:58,937] {logging_mixin.py:104} INFO - [2021-05-16 05:22:58,937] {dagbag.py:451} INFO - Filling up the DagBag from /home/airflow/.local/lib/python3.6/site-packages/airflow/example_dags/example_latest_only.py
[2021-05-16 05:22:58,971] {scheduler_job.py:639} INFO - DAG(s) dict_keys(['latest_only']) retrieved from /home/airflow/.local/lib/python3.6/site-packages/airflow/example_dags/example_latest_only.py
[2021-05-16 05:22:59,048] {logging_mixin.py:104} INFO - [2021-05-16 05:22:59,048] {dag.py:1824} INFO - Sync 1 DAGs
[2021-05-16 05:22:59,104] {logging_mixin.py:104} INFO - [2021-05-16 05:22:59,104] {dag.py:2280} INFO - Setting next_dagrun for latest_only to 2021-05-14 00:00:00+00:00
[2021-05-16 05:22:59,140] {scheduler_job.py:190} INFO - Processing /home/airflow/.local/lib/python3.6/site-packages/airflow/example_dags/example_latest_only.py took 0.238 seconds
[2021-05-16 05:23:29,765] {scheduler_job.py:182} INFO - Started process (PID=289) to work on /home/airflow/.local/lib/python3.6/site-packages/airflow/example_dags/example_latest_only.py
[2021-05-16 05:23:29,769] {scheduler_job.py:629} INFO - Processing file /home/airflow/.local/lib/python3.6/site-packages/airflow/example_dags/example_latest_only.py for tasks to queue
[2021-05-16 05:23:29,773] {logging_mixin.py:104} INFO - [2021-05-16 05:23:29,772] {dagbag.py:451} INFO - Filling up the DagBag from /home/airflow/.local/lib/python3.6/site-packages/airflow/example_dags/example_latest_only.py
[2021-05-16 05:23:29,801] {scheduler_job.py:639} INFO - DAG(s) dict_keys(['latest_only']) retrieved from /home/airflow/.local/lib/python3.6/site-packages/airflow/example_dags/example_latest_only.py
[2021-05-16 05:23:29,883] {logging_mixin.py:104} INFO - [2021-05-16 05:23:29,882] {dag.py:1824} INFO - Sync 1 DAGs
[2021-05-16 05:23:29,946] {logging_mixin.py:104} INFO - [2021-05-16 05:23:29,946] {dag.py:2280} INFO - Setting next_dagrun for latest_only to 2021-05-14 00:00:00+00:00
[2021-05-16 05:23:29,989] {scheduler_job.py:190} INFO - Processing /home/airflow/.local/lib/python3.6/site-packages/airflow/example_dags/example_latest_only.py took 0.232 seconds
[2021-05-16 05:24:00,487] {scheduler_job.py:182} INFO - Started process (PID=315) to work on /home/airflow/.local/lib/python3.6/site-packages/airflow/example_dags/example_latest_only.py
[2021-05-16 05:24:00,498] {scheduler_job.py:629} INFO - Processing file /home/airflow/.local/lib/python3.6/site-packages/airflow/example_dags/example_latest_only.py for tasks to queue
[2021-05-16 05:24:00,501] {logging_mixin.py:104} INFO - [2021-05-16 05:24:00,501] {dagbag.py:451} INFO - Filling up the DagBag from /home/airflow/.local/lib/python3.6/site-packages/airflow/example_dags/example_latest_only.py
[2021-05-16 05:24:00,546] {scheduler_job.py:639} INFO - DAG(s) dict_keys(['latest_only']) retrieved from /home/airflow/.local/lib/python3.6/site-packages/airflow/example_dags/example_latest_only.py
[2021-05-16 05:24:00,592] {logging_mixin.py:104} INFO - [2021-05-16 05:24:00,592] {dag.py:1824} INFO - Sync 1 DAGs
[2021-05-16 05:24:00,628] {logging_mixin.py:104} INFO - [2021-05-16 05:24:00,627] {dag.py:2280} INFO - Setting next_dagrun for latest_only to 2021-05-14 00:00:00+00:00
[2021-05-16 05:24:00,691] {scheduler_job.py:190} INFO - Processing /home/airflow/.local/lib/python3.6/site-packages/airflow/example_dags/example_latest_only.py took 0.209 seconds
[2021-05-16 05:24:31,105] {scheduler_job.py:182} INFO - Started process (PID=341) to work on /home/airflow/.local/lib/python3.6/site-packages/airflow/example_dags/example_latest_only.py
[2021-05-16 05:24:31,113] {scheduler_job.py:629} INFO - Processing file /home/airflow/.local/lib/python3.6/site-packages/airflow/example_dags/example_latest_only.py for tasks to queue
[2021-05-16 05:24:31,116] {logging_mixin.py:104} INFO - [2021-05-16 05:24:31,116] {dagbag.py:451} INFO - Filling up the DagBag from /home/airflow/.local/lib/python3.6/site-packages/airflow/example_dags/example_latest_only.py
[2021-05-16 05:24:31,161] {scheduler_job.py:639} INFO - DAG(s) dict_keys(['latest_only']) retrieved from /home/airflow/.local/lib/python3.6/site-packages/airflow/example_dags/example_latest_only.py
[2021-05-16 05:24:31,226] {logging_mixin.py:104} INFO - [2021-05-16 05:24:31,226] {dag.py:1824} INFO - Sync 1 DAGs
[2021-05-16 05:24:31,272] {logging_mixin.py:104} INFO - [2021-05-16 05:24:31,272] {dag.py:2280} INFO - Setting next_dagrun for latest_only to 2021-05-14 00:00:00+00:00
[2021-05-16 05:24:31,322] {scheduler_job.py:190} INFO - Processing /home/airflow/.local/lib/python3.6/site-packages/airflow/example_dags/example_latest_only.py took 0.228 seconds
[2021-05-16 05:27:47,635] {scheduler_job.py:182} INFO - Started process (PID=35) to work on /home/airflow/.local/lib/python3.6/site-packages/airflow/example_dags/example_latest_only.py
[2021-05-16 05:27:47,661] {scheduler_job.py:629} INFO - Processing file /home/airflow/.local/lib/python3.6/site-packages/airflow/example_dags/example_latest_only.py for tasks to queue
[2021-05-16 05:27:47,676] {logging_mixin.py:104} INFO - [2021-05-16 05:27:47,675] {dagbag.py:451} INFO - Filling up the DagBag from /home/airflow/.local/lib/python3.6/site-packages/airflow/example_dags/example_latest_only.py
[2021-05-16 05:27:47,877] {scheduler_job.py:639} INFO - DAG(s) dict_keys(['latest_only']) retrieved from /home/airflow/.local/lib/python3.6/site-packages/airflow/example_dags/example_latest_only.py
[2021-05-16 05:27:48,162] {logging_mixin.py:104} INFO - [2021-05-16 05:27:48,162] {dag.py:1824} INFO - Sync 1 DAGs
[2021-05-16 05:27:48,363] {logging_mixin.py:104} INFO - [2021-05-16 05:27:48,363] {dag.py:2280} INFO - Setting next_dagrun for latest_only to 2021-05-14 00:00:00+00:00
[2021-05-16 05:27:48,540] {scheduler_job.py:190} INFO - Processing /home/airflow/.local/lib/python3.6/site-packages/airflow/example_dags/example_latest_only.py took 0.975 seconds
[2021-05-16 05:28:18,917] {scheduler_job.py:182} INFO - Started process (PID=60) to work on /home/airflow/.local/lib/python3.6/site-packages/airflow/example_dags/example_latest_only.py
[2021-05-16 05:28:18,932] {scheduler_job.py:629} INFO - Processing file /home/airflow/.local/lib/python3.6/site-packages/airflow/example_dags/example_latest_only.py for tasks to queue
[2021-05-16 05:28:18,940] {logging_mixin.py:104} INFO - [2021-05-16 05:28:18,940] {dagbag.py:451} INFO - Filling up the DagBag from /home/airflow/.local/lib/python3.6/site-packages/airflow/example_dags/example_latest_only.py
[2021-05-16 05:28:19,028] {scheduler_job.py:639} INFO - DAG(s) dict_keys(['latest_only']) retrieved from /home/airflow/.local/lib/python3.6/site-packages/airflow/example_dags/example_latest_only.py
[2021-05-16 05:28:19,094] {logging_mixin.py:104} INFO - [2021-05-16 05:28:19,094] {dag.py:1824} INFO - Sync 1 DAGs
[2021-05-16 05:28:19,166] {logging_mixin.py:104} INFO - [2021-05-16 05:28:19,166] {dag.py:2280} INFO - Setting next_dagrun for latest_only to 2021-05-14 00:00:00+00:00
[2021-05-16 05:28:19,247] {scheduler_job.py:190} INFO - Processing /home/airflow/.local/lib/python3.6/site-packages/airflow/example_dags/example_latest_only.py took 0.366 seconds
[2021-05-16 05:29:17,305] {scheduler_job.py:182} INFO - Started process (PID=87) to work on /home/airflow/.local/lib/python3.6/site-packages/airflow/example_dags/example_latest_only.py
[2021-05-16 05:29:17,315] {scheduler_job.py:629} INFO - Processing file /home/airflow/.local/lib/python3.6/site-packages/airflow/example_dags/example_latest_only.py for tasks to queue
[2021-05-16 05:29:17,326] {logging_mixin.py:104} INFO - [2021-05-16 05:29:17,325] {dagbag.py:451} INFO - Filling up the DagBag from /home/airflow/.local/lib/python3.6/site-packages/airflow/example_dags/example_latest_only.py
[2021-05-16 05:29:17,382] {scheduler_job.py:639} INFO - DAG(s) dict_keys(['latest_only']) retrieved from /home/airflow/.local/lib/python3.6/site-packages/airflow/example_dags/example_latest_only.py
[2021-05-16 05:29:17,478] {logging_mixin.py:104} INFO - [2021-05-16 05:29:17,477] {dag.py:1824} INFO - Sync 1 DAGs
[2021-05-16 05:29:17,528] {logging_mixin.py:104} INFO - [2021-05-16 05:29:17,528] {dag.py:2280} INFO - Setting next_dagrun for latest_only to 2021-05-14 00:00:00+00:00
[2021-05-16 05:29:17,583] {scheduler_job.py:190} INFO - Processing /home/airflow/.local/lib/python3.6/site-packages/airflow/example_dags/example_latest_only.py took 0.304 seconds
