[2021-05-16 05:18:27,367] {scheduler_job.py:182} INFO - Started process (PID=40) to work on /home/airflow/.local/lib/python3.6/site-packages/airflow/example_dags/example_trigger_target_dag.py
[2021-05-16 05:18:27,389] {scheduler_job.py:629} INFO - Processing file /home/airflow/.local/lib/python3.6/site-packages/airflow/example_dags/example_trigger_target_dag.py for tasks to queue
[2021-05-16 05:18:27,400] {logging_mixin.py:104} INFO - [2021-05-16 05:18:27,399] {dagbag.py:451} INFO - Filling up the DagBag from /home/airflow/.local/lib/python3.6/site-packages/airflow/example_dags/example_trigger_target_dag.py
[2021-05-16 05:18:27,518] {scheduler_job.py:639} INFO - DAG(s) dict_keys(['example_trigger_target_dag']) retrieved from /home/airflow/.local/lib/python3.6/site-packages/airflow/example_dags/example_trigger_target_dag.py
[2021-05-16 05:18:27,907] {logging_mixin.py:104} INFO - [2021-05-16 05:18:27,907] {dag.py:1824} INFO - Sync 1 DAGs
[2021-05-16 05:18:28,160] {logging_mixin.py:104} INFO - [2021-05-16 05:18:28,160] {dag.py:1843} INFO - Creating ORM DAG for example_trigger_target_dag
[2021-05-16 05:18:28,209] {logging_mixin.py:104} INFO - [2021-05-16 05:18:28,209] {dag.py:2280} INFO - Setting next_dagrun for example_trigger_target_dag to None
[2021-05-16 05:18:28,348] {scheduler_job.py:190} INFO - Processing /home/airflow/.local/lib/python3.6/site-packages/airflow/example_dags/example_trigger_target_dag.py took 1.007 seconds
[2021-05-16 05:18:58,631] {scheduler_job.py:182} INFO - Started process (PID=66) to work on /home/airflow/.local/lib/python3.6/site-packages/airflow/example_dags/example_trigger_target_dag.py
[2021-05-16 05:18:58,635] {scheduler_job.py:629} INFO - Processing file /home/airflow/.local/lib/python3.6/site-packages/airflow/example_dags/example_trigger_target_dag.py for tasks to queue
[2021-05-16 05:18:58,638] {logging_mixin.py:104} INFO - [2021-05-16 05:18:58,638] {dagbag.py:451} INFO - Filling up the DagBag from /home/airflow/.local/lib/python3.6/site-packages/airflow/example_dags/example_trigger_target_dag.py
[2021-05-16 05:18:58,693] {scheduler_job.py:639} INFO - DAG(s) dict_keys(['example_trigger_target_dag']) retrieved from /home/airflow/.local/lib/python3.6/site-packages/airflow/example_dags/example_trigger_target_dag.py
[2021-05-16 05:18:58,758] {logging_mixin.py:104} INFO - [2021-05-16 05:18:58,758] {dag.py:1824} INFO - Sync 1 DAGs
[2021-05-16 05:18:58,806] {logging_mixin.py:104} INFO - [2021-05-16 05:18:58,806] {dag.py:2280} INFO - Setting next_dagrun for example_trigger_target_dag to None
[2021-05-16 05:18:58,826] {scheduler_job.py:190} INFO - Processing /home/airflow/.local/lib/python3.6/site-packages/airflow/example_dags/example_trigger_target_dag.py took 0.201 seconds
[2021-05-16 05:19:29,230] {scheduler_job.py:182} INFO - Started process (PID=92) to work on /home/airflow/.local/lib/python3.6/site-packages/airflow/example_dags/example_trigger_target_dag.py
[2021-05-16 05:19:29,237] {scheduler_job.py:629} INFO - Processing file /home/airflow/.local/lib/python3.6/site-packages/airflow/example_dags/example_trigger_target_dag.py for tasks to queue
[2021-05-16 05:19:29,241] {logging_mixin.py:104} INFO - [2021-05-16 05:19:29,240] {dagbag.py:451} INFO - Filling up the DagBag from /home/airflow/.local/lib/python3.6/site-packages/airflow/example_dags/example_trigger_target_dag.py
[2021-05-16 05:19:29,327] {scheduler_job.py:639} INFO - DAG(s) dict_keys(['example_trigger_target_dag']) retrieved from /home/airflow/.local/lib/python3.6/site-packages/airflow/example_dags/example_trigger_target_dag.py
[2021-05-16 05:19:29,404] {logging_mixin.py:104} INFO - [2021-05-16 05:19:29,404] {dag.py:1824} INFO - Sync 1 DAGs
[2021-05-16 05:19:29,495] {logging_mixin.py:104} INFO - [2021-05-16 05:19:29,495] {dag.py:2280} INFO - Setting next_dagrun for example_trigger_target_dag to None
[2021-05-16 05:19:29,558] {scheduler_job.py:190} INFO - Processing /home/airflow/.local/lib/python3.6/site-packages/airflow/example_dags/example_trigger_target_dag.py took 0.347 seconds
[2021-05-16 05:19:59,999] {scheduler_job.py:182} INFO - Started process (PID=118) to work on /home/airflow/.local/lib/python3.6/site-packages/airflow/example_dags/example_trigger_target_dag.py
[2021-05-16 05:20:00,028] {scheduler_job.py:629} INFO - Processing file /home/airflow/.local/lib/python3.6/site-packages/airflow/example_dags/example_trigger_target_dag.py for tasks to queue
[2021-05-16 05:20:00,042] {logging_mixin.py:104} INFO - [2021-05-16 05:20:00,041] {dagbag.py:451} INFO - Filling up the DagBag from /home/airflow/.local/lib/python3.6/site-packages/airflow/example_dags/example_trigger_target_dag.py
[2021-05-16 05:20:00,124] {scheduler_job.py:639} INFO - DAG(s) dict_keys(['example_trigger_target_dag']) retrieved from /home/airflow/.local/lib/python3.6/site-packages/airflow/example_dags/example_trigger_target_dag.py
[2021-05-16 05:20:00,232] {logging_mixin.py:104} INFO - [2021-05-16 05:20:00,232] {dag.py:1824} INFO - Sync 1 DAGs
[2021-05-16 05:20:00,369] {logging_mixin.py:104} INFO - [2021-05-16 05:20:00,368] {dag.py:2280} INFO - Setting next_dagrun for example_trigger_target_dag to None
[2021-05-16 05:20:00,397] {scheduler_job.py:190} INFO - Processing /home/airflow/.local/lib/python3.6/site-packages/airflow/example_dags/example_trigger_target_dag.py took 0.419 seconds
[2021-05-16 05:20:30,585] {scheduler_job.py:182} INFO - Started process (PID=144) to work on /home/airflow/.local/lib/python3.6/site-packages/airflow/example_dags/example_trigger_target_dag.py
[2021-05-16 05:20:30,588] {scheduler_job.py:629} INFO - Processing file /home/airflow/.local/lib/python3.6/site-packages/airflow/example_dags/example_trigger_target_dag.py for tasks to queue
[2021-05-16 05:20:30,590] {logging_mixin.py:104} INFO - [2021-05-16 05:20:30,590] {dagbag.py:451} INFO - Filling up the DagBag from /home/airflow/.local/lib/python3.6/site-packages/airflow/example_dags/example_trigger_target_dag.py
[2021-05-16 05:20:30,615] {scheduler_job.py:639} INFO - DAG(s) dict_keys(['example_trigger_target_dag']) retrieved from /home/airflow/.local/lib/python3.6/site-packages/airflow/example_dags/example_trigger_target_dag.py
[2021-05-16 05:20:30,655] {logging_mixin.py:104} INFO - [2021-05-16 05:20:30,655] {dag.py:1824} INFO - Sync 1 DAGs
[2021-05-16 05:20:30,690] {logging_mixin.py:104} INFO - [2021-05-16 05:20:30,690] {dag.py:2280} INFO - Setting next_dagrun for example_trigger_target_dag to None
[2021-05-16 05:20:30,732] {scheduler_job.py:190} INFO - Processing /home/airflow/.local/lib/python3.6/site-packages/airflow/example_dags/example_trigger_target_dag.py took 0.154 seconds
[2021-05-16 05:21:01,323] {scheduler_job.py:182} INFO - Started process (PID=168) to work on /home/airflow/.local/lib/python3.6/site-packages/airflow/example_dags/example_trigger_target_dag.py
[2021-05-16 05:21:01,334] {scheduler_job.py:629} INFO - Processing file /home/airflow/.local/lib/python3.6/site-packages/airflow/example_dags/example_trigger_target_dag.py for tasks to queue
[2021-05-16 05:21:01,339] {logging_mixin.py:104} INFO - [2021-05-16 05:21:01,339] {dagbag.py:451} INFO - Filling up the DagBag from /home/airflow/.local/lib/python3.6/site-packages/airflow/example_dags/example_trigger_target_dag.py
[2021-05-16 05:21:01,381] {scheduler_job.py:639} INFO - DAG(s) dict_keys(['example_trigger_target_dag']) retrieved from /home/airflow/.local/lib/python3.6/site-packages/airflow/example_dags/example_trigger_target_dag.py
[2021-05-16 05:21:01,519] {logging_mixin.py:104} INFO - [2021-05-16 05:21:01,518] {dag.py:1824} INFO - Sync 1 DAGs
[2021-05-16 05:21:01,635] {logging_mixin.py:104} INFO - [2021-05-16 05:21:01,634] {dag.py:2280} INFO - Setting next_dagrun for example_trigger_target_dag to None
[2021-05-16 05:21:01,727] {scheduler_job.py:190} INFO - Processing /home/airflow/.local/lib/python3.6/site-packages/airflow/example_dags/example_trigger_target_dag.py took 0.416 seconds
[2021-05-16 05:21:32,314] {scheduler_job.py:182} INFO - Started process (PID=194) to work on /home/airflow/.local/lib/python3.6/site-packages/airflow/example_dags/example_trigger_target_dag.py
[2021-05-16 05:21:32,320] {scheduler_job.py:629} INFO - Processing file /home/airflow/.local/lib/python3.6/site-packages/airflow/example_dags/example_trigger_target_dag.py for tasks to queue
[2021-05-16 05:21:32,324] {logging_mixin.py:104} INFO - [2021-05-16 05:21:32,324] {dagbag.py:451} INFO - Filling up the DagBag from /home/airflow/.local/lib/python3.6/site-packages/airflow/example_dags/example_trigger_target_dag.py
[2021-05-16 05:21:32,364] {scheduler_job.py:639} INFO - DAG(s) dict_keys(['example_trigger_target_dag']) retrieved from /home/airflow/.local/lib/python3.6/site-packages/airflow/example_dags/example_trigger_target_dag.py
[2021-05-16 05:21:32,457] {logging_mixin.py:104} INFO - [2021-05-16 05:21:32,457] {dag.py:1824} INFO - Sync 1 DAGs
[2021-05-16 05:21:32,514] {logging_mixin.py:104} INFO - [2021-05-16 05:21:32,514] {dag.py:2280} INFO - Setting next_dagrun for example_trigger_target_dag to None
[2021-05-16 05:21:32,550] {scheduler_job.py:190} INFO - Processing /home/airflow/.local/lib/python3.6/site-packages/airflow/example_dags/example_trigger_target_dag.py took 0.249 seconds
[2021-05-16 05:22:02,886] {scheduler_job.py:182} INFO - Started process (PID=220) to work on /home/airflow/.local/lib/python3.6/site-packages/airflow/example_dags/example_trigger_target_dag.py
[2021-05-16 05:22:02,900] {scheduler_job.py:629} INFO - Processing file /home/airflow/.local/lib/python3.6/site-packages/airflow/example_dags/example_trigger_target_dag.py for tasks to queue
[2021-05-16 05:22:02,903] {logging_mixin.py:104} INFO - [2021-05-16 05:22:02,902] {dagbag.py:451} INFO - Filling up the DagBag from /home/airflow/.local/lib/python3.6/site-packages/airflow/example_dags/example_trigger_target_dag.py
[2021-05-16 05:22:02,978] {scheduler_job.py:639} INFO - DAG(s) dict_keys(['example_trigger_target_dag']) retrieved from /home/airflow/.local/lib/python3.6/site-packages/airflow/example_dags/example_trigger_target_dag.py
[2021-05-16 05:22:03,209] {logging_mixin.py:104} INFO - [2021-05-16 05:22:03,209] {dag.py:1824} INFO - Sync 1 DAGs
[2021-05-16 05:22:03,377] {logging_mixin.py:104} INFO - [2021-05-16 05:22:03,376] {dag.py:2280} INFO - Setting next_dagrun for example_trigger_target_dag to None
[2021-05-16 05:22:03,685] {scheduler_job.py:190} INFO - Processing /home/airflow/.local/lib/python3.6/site-packages/airflow/example_dags/example_trigger_target_dag.py took 0.819 seconds
[2021-05-16 05:22:34,423] {scheduler_job.py:182} INFO - Started process (PID=246) to work on /home/airflow/.local/lib/python3.6/site-packages/airflow/example_dags/example_trigger_target_dag.py
[2021-05-16 05:22:34,431] {scheduler_job.py:629} INFO - Processing file /home/airflow/.local/lib/python3.6/site-packages/airflow/example_dags/example_trigger_target_dag.py for tasks to queue
[2021-05-16 05:22:34,435] {logging_mixin.py:104} INFO - [2021-05-16 05:22:34,435] {dagbag.py:451} INFO - Filling up the DagBag from /home/airflow/.local/lib/python3.6/site-packages/airflow/example_dags/example_trigger_target_dag.py
[2021-05-16 05:22:34,476] {scheduler_job.py:639} INFO - DAG(s) dict_keys(['example_trigger_target_dag']) retrieved from /home/airflow/.local/lib/python3.6/site-packages/airflow/example_dags/example_trigger_target_dag.py
[2021-05-16 05:22:34,540] {logging_mixin.py:104} INFO - [2021-05-16 05:22:34,539] {dag.py:1824} INFO - Sync 1 DAGs
[2021-05-16 05:22:34,561] {logging_mixin.py:104} INFO - [2021-05-16 05:22:34,560] {dag.py:2280} INFO - Setting next_dagrun for example_trigger_target_dag to None
[2021-05-16 05:22:34,585] {scheduler_job.py:190} INFO - Processing /home/airflow/.local/lib/python3.6/site-packages/airflow/example_dags/example_trigger_target_dag.py took 0.193 seconds
[2021-05-16 05:23:05,122] {scheduler_job.py:182} INFO - Started process (PID=272) to work on /home/airflow/.local/lib/python3.6/site-packages/airflow/example_dags/example_trigger_target_dag.py
[2021-05-16 05:23:05,126] {scheduler_job.py:629} INFO - Processing file /home/airflow/.local/lib/python3.6/site-packages/airflow/example_dags/example_trigger_target_dag.py for tasks to queue
[2021-05-16 05:23:05,129] {logging_mixin.py:104} INFO - [2021-05-16 05:23:05,128] {dagbag.py:451} INFO - Filling up the DagBag from /home/airflow/.local/lib/python3.6/site-packages/airflow/example_dags/example_trigger_target_dag.py
[2021-05-16 05:23:05,168] {scheduler_job.py:639} INFO - DAG(s) dict_keys(['example_trigger_target_dag']) retrieved from /home/airflow/.local/lib/python3.6/site-packages/airflow/example_dags/example_trigger_target_dag.py
[2021-05-16 05:23:05,221] {logging_mixin.py:104} INFO - [2021-05-16 05:23:05,221] {dag.py:1824} INFO - Sync 1 DAGs
[2021-05-16 05:23:05,263] {logging_mixin.py:104} INFO - [2021-05-16 05:23:05,263] {dag.py:2280} INFO - Setting next_dagrun for example_trigger_target_dag to None
[2021-05-16 05:23:05,285] {scheduler_job.py:190} INFO - Processing /home/airflow/.local/lib/python3.6/site-packages/airflow/example_dags/example_trigger_target_dag.py took 0.172 seconds
[2021-05-16 05:23:35,775] {scheduler_job.py:182} INFO - Started process (PID=298) to work on /home/airflow/.local/lib/python3.6/site-packages/airflow/example_dags/example_trigger_target_dag.py
[2021-05-16 05:23:35,778] {scheduler_job.py:629} INFO - Processing file /home/airflow/.local/lib/python3.6/site-packages/airflow/example_dags/example_trigger_target_dag.py for tasks to queue
[2021-05-16 05:23:35,780] {logging_mixin.py:104} INFO - [2021-05-16 05:23:35,780] {dagbag.py:451} INFO - Filling up the DagBag from /home/airflow/.local/lib/python3.6/site-packages/airflow/example_dags/example_trigger_target_dag.py
[2021-05-16 05:23:35,821] {scheduler_job.py:639} INFO - DAG(s) dict_keys(['example_trigger_target_dag']) retrieved from /home/airflow/.local/lib/python3.6/site-packages/airflow/example_dags/example_trigger_target_dag.py
[2021-05-16 05:23:35,859] {logging_mixin.py:104} INFO - [2021-05-16 05:23:35,859] {dag.py:1824} INFO - Sync 1 DAGs
[2021-05-16 05:23:35,897] {logging_mixin.py:104} INFO - [2021-05-16 05:23:35,897] {dag.py:2280} INFO - Setting next_dagrun for example_trigger_target_dag to None
[2021-05-16 05:23:35,947] {scheduler_job.py:190} INFO - Processing /home/airflow/.local/lib/python3.6/site-packages/airflow/example_dags/example_trigger_target_dag.py took 0.181 seconds
[2021-05-16 05:24:06,397] {scheduler_job.py:182} INFO - Started process (PID=324) to work on /home/airflow/.local/lib/python3.6/site-packages/airflow/example_dags/example_trigger_target_dag.py
[2021-05-16 05:24:06,402] {scheduler_job.py:629} INFO - Processing file /home/airflow/.local/lib/python3.6/site-packages/airflow/example_dags/example_trigger_target_dag.py for tasks to queue
[2021-05-16 05:24:06,405] {logging_mixin.py:104} INFO - [2021-05-16 05:24:06,404] {dagbag.py:451} INFO - Filling up the DagBag from /home/airflow/.local/lib/python3.6/site-packages/airflow/example_dags/example_trigger_target_dag.py
[2021-05-16 05:24:06,452] {scheduler_job.py:639} INFO - DAG(s) dict_keys(['example_trigger_target_dag']) retrieved from /home/airflow/.local/lib/python3.6/site-packages/airflow/example_dags/example_trigger_target_dag.py
[2021-05-16 05:24:06,559] {logging_mixin.py:104} INFO - [2021-05-16 05:24:06,559] {dag.py:1824} INFO - Sync 1 DAGs
[2021-05-16 05:24:06,643] {logging_mixin.py:104} INFO - [2021-05-16 05:24:06,643] {dag.py:2280} INFO - Setting next_dagrun for example_trigger_target_dag to None
[2021-05-16 05:24:06,707] {scheduler_job.py:190} INFO - Processing /home/airflow/.local/lib/python3.6/site-packages/airflow/example_dags/example_trigger_target_dag.py took 0.317 seconds
[2021-05-16 05:24:36,839] {scheduler_job.py:182} INFO - Started process (PID=349) to work on /home/airflow/.local/lib/python3.6/site-packages/airflow/example_dags/example_trigger_target_dag.py
[2021-05-16 05:24:36,849] {scheduler_job.py:629} INFO - Processing file /home/airflow/.local/lib/python3.6/site-packages/airflow/example_dags/example_trigger_target_dag.py for tasks to queue
[2021-05-16 05:24:36,860] {logging_mixin.py:104} INFO - [2021-05-16 05:24:36,858] {dagbag.py:451} INFO - Filling up the DagBag from /home/airflow/.local/lib/python3.6/site-packages/airflow/example_dags/example_trigger_target_dag.py
[2021-05-16 05:24:37,035] {scheduler_job.py:639} INFO - DAG(s) dict_keys(['example_trigger_target_dag']) retrieved from /home/airflow/.local/lib/python3.6/site-packages/airflow/example_dags/example_trigger_target_dag.py
[2021-05-16 05:24:37,517] {logging_mixin.py:104} INFO - [2021-05-16 05:24:37,516] {dag.py:1824} INFO - Sync 1 DAGs
[2021-05-16 05:24:37,808] {logging_mixin.py:104} INFO - [2021-05-16 05:24:37,808] {dag.py:2280} INFO - Setting next_dagrun for example_trigger_target_dag to None
[2021-05-16 05:24:38,010] {scheduler_job.py:190} INFO - Processing /home/airflow/.local/lib/python3.6/site-packages/airflow/example_dags/example_trigger_target_dag.py took 1.187 seconds
[2021-05-16 05:27:46,728] {scheduler_job.py:182} INFO - Started process (PID=33) to work on /home/airflow/.local/lib/python3.6/site-packages/airflow/example_dags/example_trigger_target_dag.py
[2021-05-16 05:27:46,735] {scheduler_job.py:629} INFO - Processing file /home/airflow/.local/lib/python3.6/site-packages/airflow/example_dags/example_trigger_target_dag.py for tasks to queue
[2021-05-16 05:27:46,739] {logging_mixin.py:104} INFO - [2021-05-16 05:27:46,738] {dagbag.py:451} INFO - Filling up the DagBag from /home/airflow/.local/lib/python3.6/site-packages/airflow/example_dags/example_trigger_target_dag.py
[2021-05-16 05:27:46,820] {scheduler_job.py:639} INFO - DAG(s) dict_keys(['example_trigger_target_dag']) retrieved from /home/airflow/.local/lib/python3.6/site-packages/airflow/example_dags/example_trigger_target_dag.py
[2021-05-16 05:27:47,028] {logging_mixin.py:104} INFO - [2021-05-16 05:27:47,026] {dag.py:1824} INFO - Sync 1 DAGs
[2021-05-16 05:27:47,210] {logging_mixin.py:104} INFO - [2021-05-16 05:27:47,210] {dag.py:2280} INFO - Setting next_dagrun for example_trigger_target_dag to None
[2021-05-16 05:27:47,381] {scheduler_job.py:190} INFO - Processing /home/airflow/.local/lib/python3.6/site-packages/airflow/example_dags/example_trigger_target_dag.py took 0.673 seconds
[2021-05-16 05:28:17,697] {scheduler_job.py:182} INFO - Started process (PID=59) to work on /home/airflow/.local/lib/python3.6/site-packages/airflow/example_dags/example_trigger_target_dag.py
[2021-05-16 05:28:17,701] {scheduler_job.py:629} INFO - Processing file /home/airflow/.local/lib/python3.6/site-packages/airflow/example_dags/example_trigger_target_dag.py for tasks to queue
[2021-05-16 05:28:17,704] {logging_mixin.py:104} INFO - [2021-05-16 05:28:17,704] {dagbag.py:451} INFO - Filling up the DagBag from /home/airflow/.local/lib/python3.6/site-packages/airflow/example_dags/example_trigger_target_dag.py
[2021-05-16 05:28:17,781] {scheduler_job.py:639} INFO - DAG(s) dict_keys(['example_trigger_target_dag']) retrieved from /home/airflow/.local/lib/python3.6/site-packages/airflow/example_dags/example_trigger_target_dag.py
[2021-05-16 05:28:17,869] {logging_mixin.py:104} INFO - [2021-05-16 05:28:17,869] {dag.py:1824} INFO - Sync 1 DAGs
[2021-05-16 05:28:17,911] {logging_mixin.py:104} INFO - [2021-05-16 05:28:17,910] {dag.py:2280} INFO - Setting next_dagrun for example_trigger_target_dag to None
[2021-05-16 05:28:17,934] {scheduler_job.py:190} INFO - Processing /home/airflow/.local/lib/python3.6/site-packages/airflow/example_dags/example_trigger_target_dag.py took 0.251 seconds
[2021-05-16 05:29:16,597] {scheduler_job.py:182} INFO - Started process (PID=85) to work on /home/airflow/.local/lib/python3.6/site-packages/airflow/example_dags/example_trigger_target_dag.py
[2021-05-16 05:29:16,609] {scheduler_job.py:629} INFO - Processing file /home/airflow/.local/lib/python3.6/site-packages/airflow/example_dags/example_trigger_target_dag.py for tasks to queue
[2021-05-16 05:29:16,612] {logging_mixin.py:104} INFO - [2021-05-16 05:29:16,612] {dagbag.py:451} INFO - Filling up the DagBag from /home/airflow/.local/lib/python3.6/site-packages/airflow/example_dags/example_trigger_target_dag.py
[2021-05-16 05:29:16,677] {scheduler_job.py:639} INFO - DAG(s) dict_keys(['example_trigger_target_dag']) retrieved from /home/airflow/.local/lib/python3.6/site-packages/airflow/example_dags/example_trigger_target_dag.py
[2021-05-16 05:29:16,751] {logging_mixin.py:104} INFO - [2021-05-16 05:29:16,751] {dag.py:1824} INFO - Sync 1 DAGs
[2021-05-16 05:29:16,790] {logging_mixin.py:104} INFO - [2021-05-16 05:29:16,790] {dag.py:2280} INFO - Setting next_dagrun for example_trigger_target_dag to None
[2021-05-16 05:29:16,822] {scheduler_job.py:190} INFO - Processing /home/airflow/.local/lib/python3.6/site-packages/airflow/example_dags/example_trigger_target_dag.py took 0.242 seconds
