[2021-05-16 05:18:19,354] {scheduler_job.py:182} INFO - Started process (PID=25) to work on /home/airflow/.local/lib/python3.6/site-packages/airflow/example_dags/example_bash_operator.py
[2021-05-16 05:18:19,384] {scheduler_job.py:629} INFO - Processing file /home/airflow/.local/lib/python3.6/site-packages/airflow/example_dags/example_bash_operator.py for tasks to queue
[2021-05-16 05:18:19,408] {logging_mixin.py:104} INFO - [2021-05-16 05:18:19,408] {dagbag.py:451} INFO - Filling up the DagBag from /home/airflow/.local/lib/python3.6/site-packages/airflow/example_dags/example_bash_operator.py
[2021-05-16 05:18:19,780] {scheduler_job.py:639} INFO - DAG(s) dict_keys(['example_bash_operator']) retrieved from /home/airflow/.local/lib/python3.6/site-packages/airflow/example_dags/example_bash_operator.py
[2021-05-16 05:18:19,994] {logging_mixin.py:104} INFO - [2021-05-16 05:18:19,994] {dag.py:1824} INFO - Sync 1 DAGs
[2021-05-16 05:18:20,178] {logging_mixin.py:104} INFO - [2021-05-16 05:18:20,178] {dag.py:1843} INFO - Creating ORM DAG for example_bash_operator
[2021-05-16 05:18:20,355] {logging_mixin.py:104} INFO - [2021-05-16 05:18:20,355] {dag.py:2280} INFO - Setting next_dagrun for example_bash_operator to 2021-05-14 00:00:00+00:00
[2021-05-16 05:18:20,537] {scheduler_job.py:190} INFO - Processing /home/airflow/.local/lib/python3.6/site-packages/airflow/example_dags/example_bash_operator.py took 1.226 seconds
[2021-05-16 05:18:51,027] {scheduler_job.py:182} INFO - Started process (PID=52) to work on /home/airflow/.local/lib/python3.6/site-packages/airflow/example_dags/example_bash_operator.py
[2021-05-16 05:18:51,041] {scheduler_job.py:629} INFO - Processing file /home/airflow/.local/lib/python3.6/site-packages/airflow/example_dags/example_bash_operator.py for tasks to queue
[2021-05-16 05:18:51,046] {logging_mixin.py:104} INFO - [2021-05-16 05:18:51,045] {dagbag.py:451} INFO - Filling up the DagBag from /home/airflow/.local/lib/python3.6/site-packages/airflow/example_dags/example_bash_operator.py
[2021-05-16 05:18:51,181] {scheduler_job.py:639} INFO - DAG(s) dict_keys(['example_bash_operator']) retrieved from /home/airflow/.local/lib/python3.6/site-packages/airflow/example_dags/example_bash_operator.py
[2021-05-16 05:18:51,248] {logging_mixin.py:104} INFO - [2021-05-16 05:18:51,248] {dag.py:1824} INFO - Sync 1 DAGs
[2021-05-16 05:18:51,318] {logging_mixin.py:104} INFO - [2021-05-16 05:18:51,316] {dag.py:2280} INFO - Setting next_dagrun for example_bash_operator to 2021-05-14 00:00:00+00:00
[2021-05-16 05:18:51,360] {scheduler_job.py:190} INFO - Processing /home/airflow/.local/lib/python3.6/site-packages/airflow/example_dags/example_bash_operator.py took 0.346 seconds
[2021-05-16 05:19:21,645] {scheduler_job.py:182} INFO - Started process (PID=78) to work on /home/airflow/.local/lib/python3.6/site-packages/airflow/example_dags/example_bash_operator.py
[2021-05-16 05:19:21,665] {scheduler_job.py:629} INFO - Processing file /home/airflow/.local/lib/python3.6/site-packages/airflow/example_dags/example_bash_operator.py for tasks to queue
[2021-05-16 05:19:21,668] {logging_mixin.py:104} INFO - [2021-05-16 05:19:21,668] {dagbag.py:451} INFO - Filling up the DagBag from /home/airflow/.local/lib/python3.6/site-packages/airflow/example_dags/example_bash_operator.py
[2021-05-16 05:19:21,740] {scheduler_job.py:639} INFO - DAG(s) dict_keys(['example_bash_operator']) retrieved from /home/airflow/.local/lib/python3.6/site-packages/airflow/example_dags/example_bash_operator.py
[2021-05-16 05:19:21,798] {logging_mixin.py:104} INFO - [2021-05-16 05:19:21,798] {dag.py:1824} INFO - Sync 1 DAGs
[2021-05-16 05:19:21,864] {logging_mixin.py:104} INFO - [2021-05-16 05:19:21,862] {dag.py:2280} INFO - Setting next_dagrun for example_bash_operator to 2021-05-14 00:00:00+00:00
[2021-05-16 05:19:21,898] {scheduler_job.py:190} INFO - Processing /home/airflow/.local/lib/python3.6/site-packages/airflow/example_dags/example_bash_operator.py took 0.290 seconds
[2021-05-16 05:19:52,126] {scheduler_job.py:182} INFO - Started process (PID=103) to work on /home/airflow/.local/lib/python3.6/site-packages/airflow/example_dags/example_bash_operator.py
[2021-05-16 05:19:52,130] {scheduler_job.py:629} INFO - Processing file /home/airflow/.local/lib/python3.6/site-packages/airflow/example_dags/example_bash_operator.py for tasks to queue
[2021-05-16 05:19:52,134] {logging_mixin.py:104} INFO - [2021-05-16 05:19:52,133] {dagbag.py:451} INFO - Filling up the DagBag from /home/airflow/.local/lib/python3.6/site-packages/airflow/example_dags/example_bash_operator.py
[2021-05-16 05:19:52,204] {scheduler_job.py:639} INFO - DAG(s) dict_keys(['example_bash_operator']) retrieved from /home/airflow/.local/lib/python3.6/site-packages/airflow/example_dags/example_bash_operator.py
[2021-05-16 05:19:52,262] {logging_mixin.py:104} INFO - [2021-05-16 05:19:52,261] {dag.py:1824} INFO - Sync 1 DAGs
[2021-05-16 05:19:52,324] {logging_mixin.py:104} INFO - [2021-05-16 05:19:52,323] {dag.py:2280} INFO - Setting next_dagrun for example_bash_operator to 2021-05-14 00:00:00+00:00
[2021-05-16 05:19:52,351] {scheduler_job.py:190} INFO - Processing /home/airflow/.local/lib/python3.6/site-packages/airflow/example_dags/example_bash_operator.py took 0.232 seconds
[2021-05-16 05:20:22,567] {scheduler_job.py:182} INFO - Started process (PID=129) to work on /home/airflow/.local/lib/python3.6/site-packages/airflow/example_dags/example_bash_operator.py
[2021-05-16 05:20:22,570] {scheduler_job.py:629} INFO - Processing file /home/airflow/.local/lib/python3.6/site-packages/airflow/example_dags/example_bash_operator.py for tasks to queue
[2021-05-16 05:20:22,578] {logging_mixin.py:104} INFO - [2021-05-16 05:20:22,577] {dagbag.py:451} INFO - Filling up the DagBag from /home/airflow/.local/lib/python3.6/site-packages/airflow/example_dags/example_bash_operator.py
[2021-05-16 05:20:22,626] {scheduler_job.py:639} INFO - DAG(s) dict_keys(['example_bash_operator']) retrieved from /home/airflow/.local/lib/python3.6/site-packages/airflow/example_dags/example_bash_operator.py
[2021-05-16 05:20:22,678] {logging_mixin.py:104} INFO - [2021-05-16 05:20:22,677] {dag.py:1824} INFO - Sync 1 DAGs
[2021-05-16 05:20:22,731] {logging_mixin.py:104} INFO - [2021-05-16 05:20:22,731] {dag.py:2280} INFO - Setting next_dagrun for example_bash_operator to 2021-05-14 00:00:00+00:00
[2021-05-16 05:20:22,763] {scheduler_job.py:190} INFO - Processing /home/airflow/.local/lib/python3.6/site-packages/airflow/example_dags/example_bash_operator.py took 0.202 seconds
[2021-05-16 05:20:52,978] {scheduler_job.py:182} INFO - Started process (PID=155) to work on /home/airflow/.local/lib/python3.6/site-packages/airflow/example_dags/example_bash_operator.py
[2021-05-16 05:20:52,984] {scheduler_job.py:629} INFO - Processing file /home/airflow/.local/lib/python3.6/site-packages/airflow/example_dags/example_bash_operator.py for tasks to queue
[2021-05-16 05:20:52,989] {logging_mixin.py:104} INFO - [2021-05-16 05:20:52,989] {dagbag.py:451} INFO - Filling up the DagBag from /home/airflow/.local/lib/python3.6/site-packages/airflow/example_dags/example_bash_operator.py
[2021-05-16 05:20:53,032] {scheduler_job.py:639} INFO - DAG(s) dict_keys(['example_bash_operator']) retrieved from /home/airflow/.local/lib/python3.6/site-packages/airflow/example_dags/example_bash_operator.py
[2021-05-16 05:20:53,081] {logging_mixin.py:104} INFO - [2021-05-16 05:20:53,081] {dag.py:1824} INFO - Sync 1 DAGs
[2021-05-16 05:20:53,150] {logging_mixin.py:104} INFO - [2021-05-16 05:20:53,149] {dag.py:2280} INFO - Setting next_dagrun for example_bash_operator to 2021-05-14 00:00:00+00:00
[2021-05-16 05:20:53,182] {scheduler_job.py:190} INFO - Processing /home/airflow/.local/lib/python3.6/site-packages/airflow/example_dags/example_bash_operator.py took 0.220 seconds
[2021-05-16 05:21:23,929] {scheduler_job.py:182} INFO - Started process (PID=181) to work on /home/airflow/.local/lib/python3.6/site-packages/airflow/example_dags/example_bash_operator.py
[2021-05-16 05:21:23,934] {scheduler_job.py:629} INFO - Processing file /home/airflow/.local/lib/python3.6/site-packages/airflow/example_dags/example_bash_operator.py for tasks to queue
[2021-05-16 05:21:23,938] {logging_mixin.py:104} INFO - [2021-05-16 05:21:23,938] {dagbag.py:451} INFO - Filling up the DagBag from /home/airflow/.local/lib/python3.6/site-packages/airflow/example_dags/example_bash_operator.py
[2021-05-16 05:21:23,975] {scheduler_job.py:639} INFO - DAG(s) dict_keys(['example_bash_operator']) retrieved from /home/airflow/.local/lib/python3.6/site-packages/airflow/example_dags/example_bash_operator.py
[2021-05-16 05:21:24,042] {logging_mixin.py:104} INFO - [2021-05-16 05:21:24,040] {dag.py:1824} INFO - Sync 1 DAGs
[2021-05-16 05:21:24,135] {logging_mixin.py:104} INFO - [2021-05-16 05:21:24,134] {dag.py:2280} INFO - Setting next_dagrun for example_bash_operator to 2021-05-14 00:00:00+00:00
[2021-05-16 05:21:24,166] {scheduler_job.py:190} INFO - Processing /home/airflow/.local/lib/python3.6/site-packages/airflow/example_dags/example_bash_operator.py took 0.246 seconds
[2021-05-16 05:21:54,479] {scheduler_job.py:182} INFO - Started process (PID=207) to work on /home/airflow/.local/lib/python3.6/site-packages/airflow/example_dags/example_bash_operator.py
[2021-05-16 05:21:54,495] {scheduler_job.py:629} INFO - Processing file /home/airflow/.local/lib/python3.6/site-packages/airflow/example_dags/example_bash_operator.py for tasks to queue
[2021-05-16 05:21:54,498] {logging_mixin.py:104} INFO - [2021-05-16 05:21:54,498] {dagbag.py:451} INFO - Filling up the DagBag from /home/airflow/.local/lib/python3.6/site-packages/airflow/example_dags/example_bash_operator.py
[2021-05-16 05:21:54,603] {scheduler_job.py:639} INFO - DAG(s) dict_keys(['example_bash_operator']) retrieved from /home/airflow/.local/lib/python3.6/site-packages/airflow/example_dags/example_bash_operator.py
[2021-05-16 05:21:54,741] {logging_mixin.py:104} INFO - [2021-05-16 05:21:54,740] {dag.py:1824} INFO - Sync 1 DAGs
[2021-05-16 05:21:54,801] {logging_mixin.py:104} INFO - [2021-05-16 05:21:54,801] {dag.py:2280} INFO - Setting next_dagrun for example_bash_operator to 2021-05-14 00:00:00+00:00
[2021-05-16 05:21:54,843] {scheduler_job.py:190} INFO - Processing /home/airflow/.local/lib/python3.6/site-packages/airflow/example_dags/example_bash_operator.py took 0.372 seconds
[2021-05-16 05:22:25,265] {scheduler_job.py:182} INFO - Started process (PID=233) to work on /home/airflow/.local/lib/python3.6/site-packages/airflow/example_dags/example_bash_operator.py
[2021-05-16 05:22:25,270] {scheduler_job.py:629} INFO - Processing file /home/airflow/.local/lib/python3.6/site-packages/airflow/example_dags/example_bash_operator.py for tasks to queue
[2021-05-16 05:22:25,274] {logging_mixin.py:104} INFO - [2021-05-16 05:22:25,274] {dagbag.py:451} INFO - Filling up the DagBag from /home/airflow/.local/lib/python3.6/site-packages/airflow/example_dags/example_bash_operator.py
[2021-05-16 05:22:25,358] {scheduler_job.py:639} INFO - DAG(s) dict_keys(['example_bash_operator']) retrieved from /home/airflow/.local/lib/python3.6/site-packages/airflow/example_dags/example_bash_operator.py
[2021-05-16 05:22:25,465] {logging_mixin.py:104} INFO - [2021-05-16 05:22:25,465] {dag.py:1824} INFO - Sync 1 DAGs
[2021-05-16 05:22:25,559] {logging_mixin.py:104} INFO - [2021-05-16 05:22:25,559] {dag.py:2280} INFO - Setting next_dagrun for example_bash_operator to 2021-05-14 00:00:00+00:00
[2021-05-16 05:22:25,611] {scheduler_job.py:190} INFO - Processing /home/airflow/.local/lib/python3.6/site-packages/airflow/example_dags/example_bash_operator.py took 0.357 seconds
[2021-05-16 05:22:55,844] {scheduler_job.py:182} INFO - Started process (PID=260) to work on /home/airflow/.local/lib/python3.6/site-packages/airflow/example_dags/example_bash_operator.py
[2021-05-16 05:22:55,849] {scheduler_job.py:629} INFO - Processing file /home/airflow/.local/lib/python3.6/site-packages/airflow/example_dags/example_bash_operator.py for tasks to queue
[2021-05-16 05:22:55,851] {logging_mixin.py:104} INFO - [2021-05-16 05:22:55,851] {dagbag.py:451} INFO - Filling up the DagBag from /home/airflow/.local/lib/python3.6/site-packages/airflow/example_dags/example_bash_operator.py
[2021-05-16 05:22:55,878] {scheduler_job.py:639} INFO - DAG(s) dict_keys(['example_bash_operator']) retrieved from /home/airflow/.local/lib/python3.6/site-packages/airflow/example_dags/example_bash_operator.py
[2021-05-16 05:22:55,928] {logging_mixin.py:104} INFO - [2021-05-16 05:22:55,928] {dag.py:1824} INFO - Sync 1 DAGs
[2021-05-16 05:22:55,968] {logging_mixin.py:104} INFO - [2021-05-16 05:22:55,967] {dag.py:2280} INFO - Setting next_dagrun for example_bash_operator to 2021-05-14 00:00:00+00:00
[2021-05-16 05:22:55,989] {scheduler_job.py:190} INFO - Processing /home/airflow/.local/lib/python3.6/site-packages/airflow/example_dags/example_bash_operator.py took 0.151 seconds
[2021-05-16 05:23:26,535] {scheduler_job.py:182} INFO - Started process (PID=285) to work on /home/airflow/.local/lib/python3.6/site-packages/airflow/example_dags/example_bash_operator.py
[2021-05-16 05:23:26,539] {scheduler_job.py:629} INFO - Processing file /home/airflow/.local/lib/python3.6/site-packages/airflow/example_dags/example_bash_operator.py for tasks to queue
[2021-05-16 05:23:26,543] {logging_mixin.py:104} INFO - [2021-05-16 05:23:26,542] {dagbag.py:451} INFO - Filling up the DagBag from /home/airflow/.local/lib/python3.6/site-packages/airflow/example_dags/example_bash_operator.py
[2021-05-16 05:23:26,589] {scheduler_job.py:639} INFO - DAG(s) dict_keys(['example_bash_operator']) retrieved from /home/airflow/.local/lib/python3.6/site-packages/airflow/example_dags/example_bash_operator.py
[2021-05-16 05:23:26,641] {logging_mixin.py:104} INFO - [2021-05-16 05:23:26,641] {dag.py:1824} INFO - Sync 1 DAGs
[2021-05-16 05:23:26,690] {logging_mixin.py:104} INFO - [2021-05-16 05:23:26,689] {dag.py:2280} INFO - Setting next_dagrun for example_bash_operator to 2021-05-14 00:00:00+00:00
[2021-05-16 05:23:26,706] {scheduler_job.py:190} INFO - Processing /home/airflow/.local/lib/python3.6/site-packages/airflow/example_dags/example_bash_operator.py took 0.187 seconds
[2021-05-16 05:23:57,233] {scheduler_job.py:182} INFO - Started process (PID=311) to work on /home/airflow/.local/lib/python3.6/site-packages/airflow/example_dags/example_bash_operator.py
[2021-05-16 05:23:57,237] {scheduler_job.py:629} INFO - Processing file /home/airflow/.local/lib/python3.6/site-packages/airflow/example_dags/example_bash_operator.py for tasks to queue
[2021-05-16 05:23:57,239] {logging_mixin.py:104} INFO - [2021-05-16 05:23:57,239] {dagbag.py:451} INFO - Filling up the DagBag from /home/airflow/.local/lib/python3.6/site-packages/airflow/example_dags/example_bash_operator.py
[2021-05-16 05:23:57,279] {scheduler_job.py:639} INFO - DAG(s) dict_keys(['example_bash_operator']) retrieved from /home/airflow/.local/lib/python3.6/site-packages/airflow/example_dags/example_bash_operator.py
[2021-05-16 05:23:57,318] {logging_mixin.py:104} INFO - [2021-05-16 05:23:57,317] {dag.py:1824} INFO - Sync 1 DAGs
[2021-05-16 05:23:57,355] {logging_mixin.py:104} INFO - [2021-05-16 05:23:57,355] {dag.py:2280} INFO - Setting next_dagrun for example_bash_operator to 2021-05-14 00:00:00+00:00
[2021-05-16 05:23:57,375] {scheduler_job.py:190} INFO - Processing /home/airflow/.local/lib/python3.6/site-packages/airflow/example_dags/example_bash_operator.py took 0.149 seconds
[2021-05-16 05:24:27,758] {scheduler_job.py:182} INFO - Started process (PID=337) to work on /home/airflow/.local/lib/python3.6/site-packages/airflow/example_dags/example_bash_operator.py
[2021-05-16 05:24:27,768] {scheduler_job.py:629} INFO - Processing file /home/airflow/.local/lib/python3.6/site-packages/airflow/example_dags/example_bash_operator.py for tasks to queue
[2021-05-16 05:24:27,773] {logging_mixin.py:104} INFO - [2021-05-16 05:24:27,772] {dagbag.py:451} INFO - Filling up the DagBag from /home/airflow/.local/lib/python3.6/site-packages/airflow/example_dags/example_bash_operator.py
[2021-05-16 05:24:27,830] {scheduler_job.py:639} INFO - DAG(s) dict_keys(['example_bash_operator']) retrieved from /home/airflow/.local/lib/python3.6/site-packages/airflow/example_dags/example_bash_operator.py
[2021-05-16 05:24:27,875] {logging_mixin.py:104} INFO - [2021-05-16 05:24:27,875] {dag.py:1824} INFO - Sync 1 DAGs
[2021-05-16 05:24:27,946] {logging_mixin.py:104} INFO - [2021-05-16 05:24:27,946] {dag.py:2280} INFO - Setting next_dagrun for example_bash_operator to 2021-05-14 00:00:00+00:00
[2021-05-16 05:24:27,983] {scheduler_job.py:190} INFO - Processing /home/airflow/.local/lib/python3.6/site-packages/airflow/example_dags/example_bash_operator.py took 0.245 seconds
[2021-05-16 05:27:48,116] {scheduler_job.py:182} INFO - Started process (PID=36) to work on /home/airflow/.local/lib/python3.6/site-packages/airflow/example_dags/example_bash_operator.py
[2021-05-16 05:27:48,139] {scheduler_job.py:629} INFO - Processing file /home/airflow/.local/lib/python3.6/site-packages/airflow/example_dags/example_bash_operator.py for tasks to queue
[2021-05-16 05:27:48,151] {logging_mixin.py:104} INFO - [2021-05-16 05:27:48,151] {dagbag.py:451} INFO - Filling up the DagBag from /home/airflow/.local/lib/python3.6/site-packages/airflow/example_dags/example_bash_operator.py
[2021-05-16 05:27:48,320] {scheduler_job.py:639} INFO - DAG(s) dict_keys(['example_bash_operator']) retrieved from /home/airflow/.local/lib/python3.6/site-packages/airflow/example_dags/example_bash_operator.py
[2021-05-16 05:27:48,532] {logging_mixin.py:104} INFO - [2021-05-16 05:27:48,531] {dag.py:1824} INFO - Sync 1 DAGs
[2021-05-16 05:27:48,574] {logging_mixin.py:104} INFO - [2021-05-16 05:27:48,573] {dag.py:2280} INFO - Setting next_dagrun for example_bash_operator to 2021-05-14 00:00:00+00:00
[2021-05-16 05:27:48,668] {scheduler_job.py:190} INFO - Processing /home/airflow/.local/lib/python3.6/site-packages/airflow/example_dags/example_bash_operator.py took 0.603 seconds
[2021-05-16 05:28:18,956] {scheduler_job.py:182} INFO - Started process (PID=61) to work on /home/airflow/.local/lib/python3.6/site-packages/airflow/example_dags/example_bash_operator.py
[2021-05-16 05:28:18,960] {scheduler_job.py:629} INFO - Processing file /home/airflow/.local/lib/python3.6/site-packages/airflow/example_dags/example_bash_operator.py for tasks to queue
[2021-05-16 05:28:18,973] {logging_mixin.py:104} INFO - [2021-05-16 05:28:18,973] {dagbag.py:451} INFO - Filling up the DagBag from /home/airflow/.local/lib/python3.6/site-packages/airflow/example_dags/example_bash_operator.py
[2021-05-16 05:28:19,003] {scheduler_job.py:639} INFO - DAG(s) dict_keys(['example_bash_operator']) retrieved from /home/airflow/.local/lib/python3.6/site-packages/airflow/example_dags/example_bash_operator.py
[2021-05-16 05:28:19,063] {logging_mixin.py:104} INFO - [2021-05-16 05:28:19,063] {dag.py:1824} INFO - Sync 1 DAGs
[2021-05-16 05:28:19,173] {logging_mixin.py:104} INFO - [2021-05-16 05:28:19,172] {dag.py:2280} INFO - Setting next_dagrun for example_bash_operator to 2021-05-14 00:00:00+00:00
[2021-05-16 05:28:19,234] {scheduler_job.py:190} INFO - Processing /home/airflow/.local/lib/python3.6/site-packages/airflow/example_dags/example_bash_operator.py took 0.316 seconds
[2021-05-16 05:29:17,307] {scheduler_job.py:182} INFO - Started process (PID=88) to work on /home/airflow/.local/lib/python3.6/site-packages/airflow/example_dags/example_bash_operator.py
[2021-05-16 05:29:17,318] {scheduler_job.py:629} INFO - Processing file /home/airflow/.local/lib/python3.6/site-packages/airflow/example_dags/example_bash_operator.py for tasks to queue
[2021-05-16 05:29:17,324] {logging_mixin.py:104} INFO - [2021-05-16 05:29:17,324] {dagbag.py:451} INFO - Filling up the DagBag from /home/airflow/.local/lib/python3.6/site-packages/airflow/example_dags/example_bash_operator.py
[2021-05-16 05:29:17,383] {scheduler_job.py:639} INFO - DAG(s) dict_keys(['example_bash_operator']) retrieved from /home/airflow/.local/lib/python3.6/site-packages/airflow/example_dags/example_bash_operator.py
[2021-05-16 05:29:17,488] {logging_mixin.py:104} INFO - [2021-05-16 05:29:17,488] {dag.py:1824} INFO - Sync 1 DAGs
[2021-05-16 05:29:17,617] {logging_mixin.py:104} INFO - [2021-05-16 05:29:17,617] {dag.py:2280} INFO - Setting next_dagrun for example_bash_operator to 2021-05-14 00:00:00+00:00
[2021-05-16 05:29:17,683] {scheduler_job.py:190} INFO - Processing /home/airflow/.local/lib/python3.6/site-packages/airflow/example_dags/example_bash_operator.py took 0.395 seconds
