[2021-05-16 05:18:25,065] {scheduler_job.py:182} INFO - Started process (PID=36) to work on /home/airflow/.local/lib/python3.6/site-packages/airflow/example_dags/example_kubernetes_executor.py
[2021-05-16 05:18:25,081] {scheduler_job.py:629} INFO - Processing file /home/airflow/.local/lib/python3.6/site-packages/airflow/example_dags/example_kubernetes_executor.py for tasks to queue
[2021-05-16 05:18:25,085] {logging_mixin.py:104} INFO - [2021-05-16 05:18:25,084] {dagbag.py:451} INFO - Filling up the DagBag from /home/airflow/.local/lib/python3.6/site-packages/airflow/example_dags/example_kubernetes_executor.py
[2021-05-16 05:18:25,252] {scheduler_job.py:639} INFO - DAG(s) dict_keys(['example_kubernetes_executor']) retrieved from /home/airflow/.local/lib/python3.6/site-packages/airflow/example_dags/example_kubernetes_executor.py
[2021-05-16 05:18:25,458] {logging_mixin.py:104} INFO - [2021-05-16 05:18:25,458] {dag.py:1824} INFO - Sync 1 DAGs
[2021-05-16 05:18:25,601] {logging_mixin.py:104} INFO - [2021-05-16 05:18:25,600] {dag.py:1843} INFO - Creating ORM DAG for example_kubernetes_executor
[2021-05-16 05:18:25,675] {logging_mixin.py:104} INFO - [2021-05-16 05:18:25,674] {dag.py:2280} INFO - Setting next_dagrun for example_kubernetes_executor to None
[2021-05-16 05:18:25,908] {scheduler_job.py:190} INFO - Processing /home/airflow/.local/lib/python3.6/site-packages/airflow/example_dags/example_kubernetes_executor.py took 0.861 seconds
[2021-05-16 05:18:56,304] {scheduler_job.py:182} INFO - Started process (PID=61) to work on /home/airflow/.local/lib/python3.6/site-packages/airflow/example_dags/example_kubernetes_executor.py
[2021-05-16 05:18:56,315] {scheduler_job.py:629} INFO - Processing file /home/airflow/.local/lib/python3.6/site-packages/airflow/example_dags/example_kubernetes_executor.py for tasks to queue
[2021-05-16 05:18:56,363] {logging_mixin.py:104} INFO - [2021-05-16 05:18:56,363] {dagbag.py:451} INFO - Filling up the DagBag from /home/airflow/.local/lib/python3.6/site-packages/airflow/example_dags/example_kubernetes_executor.py
[2021-05-16 05:18:56,467] {scheduler_job.py:639} INFO - DAG(s) dict_keys(['example_kubernetes_executor']) retrieved from /home/airflow/.local/lib/python3.6/site-packages/airflow/example_dags/example_kubernetes_executor.py
[2021-05-16 05:18:56,529] {logging_mixin.py:104} INFO - [2021-05-16 05:18:56,529] {dag.py:1824} INFO - Sync 1 DAGs
[2021-05-16 05:18:56,593] {logging_mixin.py:104} INFO - [2021-05-16 05:18:56,593] {dag.py:2280} INFO - Setting next_dagrun for example_kubernetes_executor to None
[2021-05-16 05:18:56,689] {scheduler_job.py:190} INFO - Processing /home/airflow/.local/lib/python3.6/site-packages/airflow/example_dags/example_kubernetes_executor.py took 0.394 seconds
[2021-05-16 05:19:27,346] {scheduler_job.py:182} INFO - Started process (PID=87) to work on /home/airflow/.local/lib/python3.6/site-packages/airflow/example_dags/example_kubernetes_executor.py
[2021-05-16 05:19:27,355] {scheduler_job.py:629} INFO - Processing file /home/airflow/.local/lib/python3.6/site-packages/airflow/example_dags/example_kubernetes_executor.py for tasks to queue
[2021-05-16 05:19:27,362] {logging_mixin.py:104} INFO - [2021-05-16 05:19:27,362] {dagbag.py:451} INFO - Filling up the DagBag from /home/airflow/.local/lib/python3.6/site-packages/airflow/example_dags/example_kubernetes_executor.py
[2021-05-16 05:19:27,468] {scheduler_job.py:639} INFO - DAG(s) dict_keys(['example_kubernetes_executor']) retrieved from /home/airflow/.local/lib/python3.6/site-packages/airflow/example_dags/example_kubernetes_executor.py
[2021-05-16 05:19:27,536] {logging_mixin.py:104} INFO - [2021-05-16 05:19:27,536] {dag.py:1824} INFO - Sync 1 DAGs
[2021-05-16 05:19:27,608] {logging_mixin.py:104} INFO - [2021-05-16 05:19:27,608] {dag.py:2280} INFO - Setting next_dagrun for example_kubernetes_executor to None
[2021-05-16 05:19:27,641] {scheduler_job.py:190} INFO - Processing /home/airflow/.local/lib/python3.6/site-packages/airflow/example_dags/example_kubernetes_executor.py took 0.301 seconds
[2021-05-16 05:19:58,314] {scheduler_job.py:182} INFO - Started process (PID=113) to work on /home/airflow/.local/lib/python3.6/site-packages/airflow/example_dags/example_kubernetes_executor.py
[2021-05-16 05:19:58,319] {scheduler_job.py:629} INFO - Processing file /home/airflow/.local/lib/python3.6/site-packages/airflow/example_dags/example_kubernetes_executor.py for tasks to queue
[2021-05-16 05:19:58,323] {logging_mixin.py:104} INFO - [2021-05-16 05:19:58,323] {dagbag.py:451} INFO - Filling up the DagBag from /home/airflow/.local/lib/python3.6/site-packages/airflow/example_dags/example_kubernetes_executor.py
[2021-05-16 05:19:58,361] {scheduler_job.py:639} INFO - DAG(s) dict_keys(['example_kubernetes_executor']) retrieved from /home/airflow/.local/lib/python3.6/site-packages/airflow/example_dags/example_kubernetes_executor.py
[2021-05-16 05:19:58,408] {logging_mixin.py:104} INFO - [2021-05-16 05:19:58,408] {dag.py:1824} INFO - Sync 1 DAGs
[2021-05-16 05:19:58,465] {logging_mixin.py:104} INFO - [2021-05-16 05:19:58,465] {dag.py:2280} INFO - Setting next_dagrun for example_kubernetes_executor to None
[2021-05-16 05:19:58,494] {scheduler_job.py:190} INFO - Processing /home/airflow/.local/lib/python3.6/site-packages/airflow/example_dags/example_kubernetes_executor.py took 0.186 seconds
[2021-05-16 05:20:28,775] {scheduler_job.py:182} INFO - Started process (PID=139) to work on /home/airflow/.local/lib/python3.6/site-packages/airflow/example_dags/example_kubernetes_executor.py
[2021-05-16 05:20:28,781] {scheduler_job.py:629} INFO - Processing file /home/airflow/.local/lib/python3.6/site-packages/airflow/example_dags/example_kubernetes_executor.py for tasks to queue
[2021-05-16 05:20:28,787] {logging_mixin.py:104} INFO - [2021-05-16 05:20:28,786] {dagbag.py:451} INFO - Filling up the DagBag from /home/airflow/.local/lib/python3.6/site-packages/airflow/example_dags/example_kubernetes_executor.py
[2021-05-16 05:20:28,825] {scheduler_job.py:639} INFO - DAG(s) dict_keys(['example_kubernetes_executor']) retrieved from /home/airflow/.local/lib/python3.6/site-packages/airflow/example_dags/example_kubernetes_executor.py
[2021-05-16 05:20:28,888] {logging_mixin.py:104} INFO - [2021-05-16 05:20:28,888] {dag.py:1824} INFO - Sync 1 DAGs
[2021-05-16 05:20:28,923] {logging_mixin.py:104} INFO - [2021-05-16 05:20:28,923] {dag.py:2280} INFO - Setting next_dagrun for example_kubernetes_executor to None
[2021-05-16 05:20:28,943] {scheduler_job.py:190} INFO - Processing /home/airflow/.local/lib/python3.6/site-packages/airflow/example_dags/example_kubernetes_executor.py took 0.184 seconds
[2021-05-16 05:20:59,048] {scheduler_job.py:182} INFO - Started process (PID=165) to work on /home/airflow/.local/lib/python3.6/site-packages/airflow/example_dags/example_kubernetes_executor.py
[2021-05-16 05:20:59,055] {scheduler_job.py:629} INFO - Processing file /home/airflow/.local/lib/python3.6/site-packages/airflow/example_dags/example_kubernetes_executor.py for tasks to queue
[2021-05-16 05:20:59,062] {logging_mixin.py:104} INFO - [2021-05-16 05:20:59,062] {dagbag.py:451} INFO - Filling up the DagBag from /home/airflow/.local/lib/python3.6/site-packages/airflow/example_dags/example_kubernetes_executor.py
[2021-05-16 05:20:59,100] {scheduler_job.py:639} INFO - DAG(s) dict_keys(['example_kubernetes_executor']) retrieved from /home/airflow/.local/lib/python3.6/site-packages/airflow/example_dags/example_kubernetes_executor.py
[2021-05-16 05:20:59,162] {logging_mixin.py:104} INFO - [2021-05-16 05:20:59,162] {dag.py:1824} INFO - Sync 1 DAGs
[2021-05-16 05:20:59,204] {logging_mixin.py:104} INFO - [2021-05-16 05:20:59,204] {dag.py:2280} INFO - Setting next_dagrun for example_kubernetes_executor to None
[2021-05-16 05:20:59,239] {scheduler_job.py:190} INFO - Processing /home/airflow/.local/lib/python3.6/site-packages/airflow/example_dags/example_kubernetes_executor.py took 0.207 seconds
[2021-05-16 05:21:30,089] {scheduler_job.py:182} INFO - Started process (PID=191) to work on /home/airflow/.local/lib/python3.6/site-packages/airflow/example_dags/example_kubernetes_executor.py
[2021-05-16 05:21:30,094] {scheduler_job.py:629} INFO - Processing file /home/airflow/.local/lib/python3.6/site-packages/airflow/example_dags/example_kubernetes_executor.py for tasks to queue
[2021-05-16 05:21:30,098] {logging_mixin.py:104} INFO - [2021-05-16 05:21:30,098] {dagbag.py:451} INFO - Filling up the DagBag from /home/airflow/.local/lib/python3.6/site-packages/airflow/example_dags/example_kubernetes_executor.py
[2021-05-16 05:21:30,132] {scheduler_job.py:639} INFO - DAG(s) dict_keys(['example_kubernetes_executor']) retrieved from /home/airflow/.local/lib/python3.6/site-packages/airflow/example_dags/example_kubernetes_executor.py
[2021-05-16 05:21:30,183] {logging_mixin.py:104} INFO - [2021-05-16 05:21:30,183] {dag.py:1824} INFO - Sync 1 DAGs
[2021-05-16 05:21:30,214] {logging_mixin.py:104} INFO - [2021-05-16 05:21:30,213] {dag.py:2280} INFO - Setting next_dagrun for example_kubernetes_executor to None
[2021-05-16 05:21:30,234] {scheduler_job.py:190} INFO - Processing /home/airflow/.local/lib/python3.6/site-packages/airflow/example_dags/example_kubernetes_executor.py took 0.156 seconds
[2021-05-16 05:22:00,518] {scheduler_job.py:182} INFO - Started process (PID=217) to work on /home/airflow/.local/lib/python3.6/site-packages/airflow/example_dags/example_kubernetes_executor.py
[2021-05-16 05:22:00,523] {scheduler_job.py:629} INFO - Processing file /home/airflow/.local/lib/python3.6/site-packages/airflow/example_dags/example_kubernetes_executor.py for tasks to queue
[2021-05-16 05:22:00,530] {logging_mixin.py:104} INFO - [2021-05-16 05:22:00,529] {dagbag.py:451} INFO - Filling up the DagBag from /home/airflow/.local/lib/python3.6/site-packages/airflow/example_dags/example_kubernetes_executor.py
[2021-05-16 05:22:00,577] {scheduler_job.py:639} INFO - DAG(s) dict_keys(['example_kubernetes_executor']) retrieved from /home/airflow/.local/lib/python3.6/site-packages/airflow/example_dags/example_kubernetes_executor.py
[2021-05-16 05:22:00,646] {logging_mixin.py:104} INFO - [2021-05-16 05:22:00,646] {dag.py:1824} INFO - Sync 1 DAGs
[2021-05-16 05:22:00,719] {logging_mixin.py:104} INFO - [2021-05-16 05:22:00,719] {dag.py:2280} INFO - Setting next_dagrun for example_kubernetes_executor to None
[2021-05-16 05:22:00,760] {scheduler_job.py:190} INFO - Processing /home/airflow/.local/lib/python3.6/site-packages/airflow/example_dags/example_kubernetes_executor.py took 0.252 seconds
[2021-05-16 05:22:31,209] {scheduler_job.py:182} INFO - Started process (PID=243) to work on /home/airflow/.local/lib/python3.6/site-packages/airflow/example_dags/example_kubernetes_executor.py
[2021-05-16 05:22:31,216] {scheduler_job.py:629} INFO - Processing file /home/airflow/.local/lib/python3.6/site-packages/airflow/example_dags/example_kubernetes_executor.py for tasks to queue
[2021-05-16 05:22:31,221] {logging_mixin.py:104} INFO - [2021-05-16 05:22:31,220] {dagbag.py:451} INFO - Filling up the DagBag from /home/airflow/.local/lib/python3.6/site-packages/airflow/example_dags/example_kubernetes_executor.py
[2021-05-16 05:22:31,251] {scheduler_job.py:639} INFO - DAG(s) dict_keys(['example_kubernetes_executor']) retrieved from /home/airflow/.local/lib/python3.6/site-packages/airflow/example_dags/example_kubernetes_executor.py
[2021-05-16 05:22:31,301] {logging_mixin.py:104} INFO - [2021-05-16 05:22:31,301] {dag.py:1824} INFO - Sync 1 DAGs
[2021-05-16 05:22:31,326] {logging_mixin.py:104} INFO - [2021-05-16 05:22:31,326] {dag.py:2280} INFO - Setting next_dagrun for example_kubernetes_executor to None
[2021-05-16 05:22:31,350] {scheduler_job.py:190} INFO - Processing /home/airflow/.local/lib/python3.6/site-packages/airflow/example_dags/example_kubernetes_executor.py took 0.159 seconds
[2021-05-16 05:23:01,821] {scheduler_job.py:182} INFO - Started process (PID=269) to work on /home/airflow/.local/lib/python3.6/site-packages/airflow/example_dags/example_kubernetes_executor.py
[2021-05-16 05:23:01,831] {scheduler_job.py:629} INFO - Processing file /home/airflow/.local/lib/python3.6/site-packages/airflow/example_dags/example_kubernetes_executor.py for tasks to queue
[2021-05-16 05:23:01,836] {logging_mixin.py:104} INFO - [2021-05-16 05:23:01,836] {dagbag.py:451} INFO - Filling up the DagBag from /home/airflow/.local/lib/python3.6/site-packages/airflow/example_dags/example_kubernetes_executor.py
[2021-05-16 05:23:01,887] {scheduler_job.py:639} INFO - DAG(s) dict_keys(['example_kubernetes_executor']) retrieved from /home/airflow/.local/lib/python3.6/site-packages/airflow/example_dags/example_kubernetes_executor.py
[2021-05-16 05:23:01,961] {logging_mixin.py:104} INFO - [2021-05-16 05:23:01,961] {dag.py:1824} INFO - Sync 1 DAGs
[2021-05-16 05:23:02,015] {logging_mixin.py:104} INFO - [2021-05-16 05:23:02,015] {dag.py:2280} INFO - Setting next_dagrun for example_kubernetes_executor to None
[2021-05-16 05:23:02,048] {scheduler_job.py:190} INFO - Processing /home/airflow/.local/lib/python3.6/site-packages/airflow/example_dags/example_kubernetes_executor.py took 0.243 seconds
[2021-05-16 05:23:32,581] {scheduler_job.py:182} INFO - Started process (PID=295) to work on /home/airflow/.local/lib/python3.6/site-packages/airflow/example_dags/example_kubernetes_executor.py
[2021-05-16 05:23:32,584] {scheduler_job.py:629} INFO - Processing file /home/airflow/.local/lib/python3.6/site-packages/airflow/example_dags/example_kubernetes_executor.py for tasks to queue
[2021-05-16 05:23:32,587] {logging_mixin.py:104} INFO - [2021-05-16 05:23:32,586] {dagbag.py:451} INFO - Filling up the DagBag from /home/airflow/.local/lib/python3.6/site-packages/airflow/example_dags/example_kubernetes_executor.py
[2021-05-16 05:23:32,626] {scheduler_job.py:639} INFO - DAG(s) dict_keys(['example_kubernetes_executor']) retrieved from /home/airflow/.local/lib/python3.6/site-packages/airflow/example_dags/example_kubernetes_executor.py
[2021-05-16 05:23:32,663] {logging_mixin.py:104} INFO - [2021-05-16 05:23:32,663] {dag.py:1824} INFO - Sync 1 DAGs
[2021-05-16 05:23:32,696] {logging_mixin.py:104} INFO - [2021-05-16 05:23:32,695] {dag.py:2280} INFO - Setting next_dagrun for example_kubernetes_executor to None
[2021-05-16 05:23:32,717] {scheduler_job.py:190} INFO - Processing /home/airflow/.local/lib/python3.6/site-packages/airflow/example_dags/example_kubernetes_executor.py took 0.144 seconds
[2021-05-16 05:24:03,209] {scheduler_job.py:182} INFO - Started process (PID=321) to work on /home/airflow/.local/lib/python3.6/site-packages/airflow/example_dags/example_kubernetes_executor.py
[2021-05-16 05:24:03,213] {scheduler_job.py:629} INFO - Processing file /home/airflow/.local/lib/python3.6/site-packages/airflow/example_dags/example_kubernetes_executor.py for tasks to queue
[2021-05-16 05:24:03,216] {logging_mixin.py:104} INFO - [2021-05-16 05:24:03,216] {dagbag.py:451} INFO - Filling up the DagBag from /home/airflow/.local/lib/python3.6/site-packages/airflow/example_dags/example_kubernetes_executor.py
[2021-05-16 05:24:03,261] {scheduler_job.py:639} INFO - DAG(s) dict_keys(['example_kubernetes_executor']) retrieved from /home/airflow/.local/lib/python3.6/site-packages/airflow/example_dags/example_kubernetes_executor.py
[2021-05-16 05:24:03,308] {logging_mixin.py:104} INFO - [2021-05-16 05:24:03,307] {dag.py:1824} INFO - Sync 1 DAGs
[2021-05-16 05:24:03,334] {logging_mixin.py:104} INFO - [2021-05-16 05:24:03,334] {dag.py:2280} INFO - Setting next_dagrun for example_kubernetes_executor to None
[2021-05-16 05:24:03,354] {scheduler_job.py:190} INFO - Processing /home/airflow/.local/lib/python3.6/site-packages/airflow/example_dags/example_kubernetes_executor.py took 0.152 seconds
[2021-05-16 05:24:33,528] {scheduler_job.py:182} INFO - Started process (PID=347) to work on /home/airflow/.local/lib/python3.6/site-packages/airflow/example_dags/example_kubernetes_executor.py
[2021-05-16 05:24:33,534] {scheduler_job.py:629} INFO - Processing file /home/airflow/.local/lib/python3.6/site-packages/airflow/example_dags/example_kubernetes_executor.py for tasks to queue
[2021-05-16 05:24:33,538] {logging_mixin.py:104} INFO - [2021-05-16 05:24:33,537] {dagbag.py:451} INFO - Filling up the DagBag from /home/airflow/.local/lib/python3.6/site-packages/airflow/example_dags/example_kubernetes_executor.py
[2021-05-16 05:24:33,592] {scheduler_job.py:639} INFO - DAG(s) dict_keys(['example_kubernetes_executor']) retrieved from /home/airflow/.local/lib/python3.6/site-packages/airflow/example_dags/example_kubernetes_executor.py
[2021-05-16 05:24:33,685] {logging_mixin.py:104} INFO - [2021-05-16 05:24:33,685] {dag.py:1824} INFO - Sync 1 DAGs
[2021-05-16 05:24:33,732] {logging_mixin.py:104} INFO - [2021-05-16 05:24:33,732] {dag.py:2280} INFO - Setting next_dagrun for example_kubernetes_executor to None
[2021-05-16 05:24:33,764] {scheduler_job.py:190} INFO - Processing /home/airflow/.local/lib/python3.6/site-packages/airflow/example_dags/example_kubernetes_executor.py took 0.245 seconds
[2021-05-16 05:27:46,130] {scheduler_job.py:182} INFO - Started process (PID=30) to work on /home/airflow/.local/lib/python3.6/site-packages/airflow/example_dags/example_kubernetes_executor.py
[2021-05-16 05:27:46,143] {scheduler_job.py:629} INFO - Processing file /home/airflow/.local/lib/python3.6/site-packages/airflow/example_dags/example_kubernetes_executor.py for tasks to queue
[2021-05-16 05:27:46,150] {logging_mixin.py:104} INFO - [2021-05-16 05:27:46,149] {dagbag.py:451} INFO - Filling up the DagBag from /home/airflow/.local/lib/python3.6/site-packages/airflow/example_dags/example_kubernetes_executor.py
[2021-05-16 05:27:46,258] {scheduler_job.py:639} INFO - DAG(s) dict_keys(['example_kubernetes_executor']) retrieved from /home/airflow/.local/lib/python3.6/site-packages/airflow/example_dags/example_kubernetes_executor.py
[2021-05-16 05:27:46,395] {logging_mixin.py:104} INFO - [2021-05-16 05:27:46,395] {dag.py:1824} INFO - Sync 1 DAGs
[2021-05-16 05:27:46,524] {logging_mixin.py:104} INFO - [2021-05-16 05:27:46,524] {dag.py:2280} INFO - Setting next_dagrun for example_kubernetes_executor to None
[2021-05-16 05:27:46,622] {scheduler_job.py:190} INFO - Processing /home/airflow/.local/lib/python3.6/site-packages/airflow/example_dags/example_kubernetes_executor.py took 0.525 seconds
[2021-05-16 05:28:17,215] {scheduler_job.py:182} INFO - Started process (PID=56) to work on /home/airflow/.local/lib/python3.6/site-packages/airflow/example_dags/example_kubernetes_executor.py
[2021-05-16 05:28:17,225] {scheduler_job.py:629} INFO - Processing file /home/airflow/.local/lib/python3.6/site-packages/airflow/example_dags/example_kubernetes_executor.py for tasks to queue
[2021-05-16 05:28:17,236] {logging_mixin.py:104} INFO - [2021-05-16 05:28:17,236] {dagbag.py:451} INFO - Filling up the DagBag from /home/airflow/.local/lib/python3.6/site-packages/airflow/example_dags/example_kubernetes_executor.py
[2021-05-16 05:28:17,331] {scheduler_job.py:639} INFO - DAG(s) dict_keys(['example_kubernetes_executor']) retrieved from /home/airflow/.local/lib/python3.6/site-packages/airflow/example_dags/example_kubernetes_executor.py
[2021-05-16 05:28:17,438] {logging_mixin.py:104} INFO - [2021-05-16 05:28:17,438] {dag.py:1824} INFO - Sync 1 DAGs
[2021-05-16 05:28:17,547] {logging_mixin.py:104} INFO - [2021-05-16 05:28:17,547] {dag.py:2280} INFO - Setting next_dagrun for example_kubernetes_executor to None
[2021-05-16 05:28:17,641] {scheduler_job.py:190} INFO - Processing /home/airflow/.local/lib/python3.6/site-packages/airflow/example_dags/example_kubernetes_executor.py took 0.443 seconds
[2021-05-16 05:29:15,967] {scheduler_job.py:182} INFO - Started process (PID=83) to work on /home/airflow/.local/lib/python3.6/site-packages/airflow/example_dags/example_kubernetes_executor.py
[2021-05-16 05:29:15,972] {scheduler_job.py:629} INFO - Processing file /home/airflow/.local/lib/python3.6/site-packages/airflow/example_dags/example_kubernetes_executor.py for tasks to queue
[2021-05-16 05:29:15,981] {logging_mixin.py:104} INFO - [2021-05-16 05:29:15,979] {dagbag.py:451} INFO - Filling up the DagBag from /home/airflow/.local/lib/python3.6/site-packages/airflow/example_dags/example_kubernetes_executor.py
[2021-05-16 05:29:16,056] {scheduler_job.py:639} INFO - DAG(s) dict_keys(['example_kubernetes_executor']) retrieved from /home/airflow/.local/lib/python3.6/site-packages/airflow/example_dags/example_kubernetes_executor.py
[2021-05-16 05:29:16,185] {logging_mixin.py:104} INFO - [2021-05-16 05:29:16,183] {dag.py:1824} INFO - Sync 1 DAGs
[2021-05-16 05:29:16,458] {logging_mixin.py:104} INFO - [2021-05-16 05:29:16,458] {dag.py:2280} INFO - Setting next_dagrun for example_kubernetes_executor to None
[2021-05-16 05:29:16,507] {scheduler_job.py:190} INFO - Processing /home/airflow/.local/lib/python3.6/site-packages/airflow/example_dags/example_kubernetes_executor.py took 0.576 seconds
