[2021-05-16 05:18:24,941] {scheduler_job.py:182} INFO - Started process (PID=35) to work on /home/airflow/.local/lib/python3.6/site-packages/airflow/example_dags/example_nested_branch_dag.py
[2021-05-16 05:18:24,944] {scheduler_job.py:629} INFO - Processing file /home/airflow/.local/lib/python3.6/site-packages/airflow/example_dags/example_nested_branch_dag.py for tasks to queue
[2021-05-16 05:18:24,946] {logging_mixin.py:104} INFO - [2021-05-16 05:18:24,946] {dagbag.py:451} INFO - Filling up the DagBag from /home/airflow/.local/lib/python3.6/site-packages/airflow/example_dags/example_nested_branch_dag.py
[2021-05-16 05:18:25,206] {scheduler_job.py:639} INFO - DAG(s) dict_keys(['example_nested_branch_dag']) retrieved from /home/airflow/.local/lib/python3.6/site-packages/airflow/example_dags/example_nested_branch_dag.py
[2021-05-16 05:18:25,407] {logging_mixin.py:104} INFO - [2021-05-16 05:18:25,407] {dag.py:1824} INFO - Sync 1 DAGs
[2021-05-16 05:18:25,551] {logging_mixin.py:104} INFO - [2021-05-16 05:18:25,550] {dag.py:1843} INFO - Creating ORM DAG for example_nested_branch_dag
[2021-05-16 05:18:25,822] {logging_mixin.py:104} INFO - [2021-05-16 05:18:25,822] {dag.py:2280} INFO - Setting next_dagrun for example_nested_branch_dag to 2021-05-14 00:00:00+00:00
[2021-05-16 05:18:26,054] {scheduler_job.py:190} INFO - Processing /home/airflow/.local/lib/python3.6/site-packages/airflow/example_dags/example_nested_branch_dag.py took 1.166 seconds
[2021-05-16 05:18:56,369] {scheduler_job.py:182} INFO - Started process (PID=62) to work on /home/airflow/.local/lib/python3.6/site-packages/airflow/example_dags/example_nested_branch_dag.py
[2021-05-16 05:18:56,385] {scheduler_job.py:629} INFO - Processing file /home/airflow/.local/lib/python3.6/site-packages/airflow/example_dags/example_nested_branch_dag.py for tasks to queue
[2021-05-16 05:18:56,394] {logging_mixin.py:104} INFO - [2021-05-16 05:18:56,393] {dagbag.py:451} INFO - Filling up the DagBag from /home/airflow/.local/lib/python3.6/site-packages/airflow/example_dags/example_nested_branch_dag.py
[2021-05-16 05:18:56,533] {scheduler_job.py:639} INFO - DAG(s) dict_keys(['example_nested_branch_dag']) retrieved from /home/airflow/.local/lib/python3.6/site-packages/airflow/example_dags/example_nested_branch_dag.py
[2021-05-16 05:18:56,645] {logging_mixin.py:104} INFO - [2021-05-16 05:18:56,644] {dag.py:1824} INFO - Sync 1 DAGs
[2021-05-16 05:18:56,793] {logging_mixin.py:104} INFO - [2021-05-16 05:18:56,793] {dag.py:2280} INFO - Setting next_dagrun for example_nested_branch_dag to 2021-05-14 00:00:00+00:00
[2021-05-16 05:18:56,866] {scheduler_job.py:190} INFO - Processing /home/airflow/.local/lib/python3.6/site-packages/airflow/example_dags/example_nested_branch_dag.py took 0.510 seconds
[2021-05-16 05:19:27,417] {scheduler_job.py:182} INFO - Started process (PID=88) to work on /home/airflow/.local/lib/python3.6/site-packages/airflow/example_dags/example_nested_branch_dag.py
[2021-05-16 05:19:27,431] {scheduler_job.py:629} INFO - Processing file /home/airflow/.local/lib/python3.6/site-packages/airflow/example_dags/example_nested_branch_dag.py for tasks to queue
[2021-05-16 05:19:27,433] {logging_mixin.py:104} INFO - [2021-05-16 05:19:27,433] {dagbag.py:451} INFO - Filling up the DagBag from /home/airflow/.local/lib/python3.6/site-packages/airflow/example_dags/example_nested_branch_dag.py
[2021-05-16 05:19:27,517] {scheduler_job.py:639} INFO - DAG(s) dict_keys(['example_nested_branch_dag']) retrieved from /home/airflow/.local/lib/python3.6/site-packages/airflow/example_dags/example_nested_branch_dag.py
[2021-05-16 05:19:27,606] {logging_mixin.py:104} INFO - [2021-05-16 05:19:27,606] {dag.py:1824} INFO - Sync 1 DAGs
[2021-05-16 05:19:27,716] {logging_mixin.py:104} INFO - [2021-05-16 05:19:27,716] {dag.py:2280} INFO - Setting next_dagrun for example_nested_branch_dag to 2021-05-14 00:00:00+00:00
[2021-05-16 05:19:27,748] {scheduler_job.py:190} INFO - Processing /home/airflow/.local/lib/python3.6/site-packages/airflow/example_dags/example_nested_branch_dag.py took 0.349 seconds
[2021-05-16 05:19:58,340] {scheduler_job.py:182} INFO - Started process (PID=114) to work on /home/airflow/.local/lib/python3.6/site-packages/airflow/example_dags/example_nested_branch_dag.py
[2021-05-16 05:19:58,349] {scheduler_job.py:629} INFO - Processing file /home/airflow/.local/lib/python3.6/site-packages/airflow/example_dags/example_nested_branch_dag.py for tasks to queue
[2021-05-16 05:19:58,357] {logging_mixin.py:104} INFO - [2021-05-16 05:19:58,356] {dagbag.py:451} INFO - Filling up the DagBag from /home/airflow/.local/lib/python3.6/site-packages/airflow/example_dags/example_nested_branch_dag.py
[2021-05-16 05:19:58,394] {scheduler_job.py:639} INFO - DAG(s) dict_keys(['example_nested_branch_dag']) retrieved from /home/airflow/.local/lib/python3.6/site-packages/airflow/example_dags/example_nested_branch_dag.py
[2021-05-16 05:19:58,451] {logging_mixin.py:104} INFO - [2021-05-16 05:19:58,451] {dag.py:1824} INFO - Sync 1 DAGs
[2021-05-16 05:19:58,584] {logging_mixin.py:104} INFO - [2021-05-16 05:19:58,584] {dag.py:2280} INFO - Setting next_dagrun for example_nested_branch_dag to 2021-05-14 00:00:00+00:00
[2021-05-16 05:19:58,621] {scheduler_job.py:190} INFO - Processing /home/airflow/.local/lib/python3.6/site-packages/airflow/example_dags/example_nested_branch_dag.py took 0.298 seconds
[2021-05-16 05:20:28,779] {scheduler_job.py:182} INFO - Started process (PID=140) to work on /home/airflow/.local/lib/python3.6/site-packages/airflow/example_dags/example_nested_branch_dag.py
[2021-05-16 05:20:28,787] {scheduler_job.py:629} INFO - Processing file /home/airflow/.local/lib/python3.6/site-packages/airflow/example_dags/example_nested_branch_dag.py for tasks to queue
[2021-05-16 05:20:28,791] {logging_mixin.py:104} INFO - [2021-05-16 05:20:28,791] {dagbag.py:451} INFO - Filling up the DagBag from /home/airflow/.local/lib/python3.6/site-packages/airflow/example_dags/example_nested_branch_dag.py
[2021-05-16 05:20:28,835] {scheduler_job.py:639} INFO - DAG(s) dict_keys(['example_nested_branch_dag']) retrieved from /home/airflow/.local/lib/python3.6/site-packages/airflow/example_dags/example_nested_branch_dag.py
[2021-05-16 05:20:28,898] {logging_mixin.py:104} INFO - [2021-05-16 05:20:28,898] {dag.py:1824} INFO - Sync 1 DAGs
[2021-05-16 05:20:28,957] {logging_mixin.py:104} INFO - [2021-05-16 05:20:28,956] {dag.py:2280} INFO - Setting next_dagrun for example_nested_branch_dag to 2021-05-14 00:00:00+00:00
[2021-05-16 05:20:28,983] {scheduler_job.py:190} INFO - Processing /home/airflow/.local/lib/python3.6/site-packages/airflow/example_dags/example_nested_branch_dag.py took 0.212 seconds
[2021-05-16 05:20:59,069] {scheduler_job.py:182} INFO - Started process (PID=166) to work on /home/airflow/.local/lib/python3.6/site-packages/airflow/example_dags/example_nested_branch_dag.py
[2021-05-16 05:20:59,079] {scheduler_job.py:629} INFO - Processing file /home/airflow/.local/lib/python3.6/site-packages/airflow/example_dags/example_nested_branch_dag.py for tasks to queue
[2021-05-16 05:20:59,084] {logging_mixin.py:104} INFO - [2021-05-16 05:20:59,083] {dagbag.py:451} INFO - Filling up the DagBag from /home/airflow/.local/lib/python3.6/site-packages/airflow/example_dags/example_nested_branch_dag.py
[2021-05-16 05:20:59,129] {scheduler_job.py:639} INFO - DAG(s) dict_keys(['example_nested_branch_dag']) retrieved from /home/airflow/.local/lib/python3.6/site-packages/airflow/example_dags/example_nested_branch_dag.py
[2021-05-16 05:20:59,180] {logging_mixin.py:104} INFO - [2021-05-16 05:20:59,180] {dag.py:1824} INFO - Sync 1 DAGs
[2021-05-16 05:20:59,222] {logging_mixin.py:104} INFO - [2021-05-16 05:20:59,222] {dag.py:2280} INFO - Setting next_dagrun for example_nested_branch_dag to 2021-05-14 00:00:00+00:00
[2021-05-16 05:20:59,245] {scheduler_job.py:190} INFO - Processing /home/airflow/.local/lib/python3.6/site-packages/airflow/example_dags/example_nested_branch_dag.py took 0.204 seconds
[2021-05-16 05:21:30,112] {scheduler_job.py:182} INFO - Started process (PID=192) to work on /home/airflow/.local/lib/python3.6/site-packages/airflow/example_dags/example_nested_branch_dag.py
[2021-05-16 05:21:30,117] {scheduler_job.py:629} INFO - Processing file /home/airflow/.local/lib/python3.6/site-packages/airflow/example_dags/example_nested_branch_dag.py for tasks to queue
[2021-05-16 05:21:30,121] {logging_mixin.py:104} INFO - [2021-05-16 05:21:30,121] {dagbag.py:451} INFO - Filling up the DagBag from /home/airflow/.local/lib/python3.6/site-packages/airflow/example_dags/example_nested_branch_dag.py
[2021-05-16 05:21:30,165] {scheduler_job.py:639} INFO - DAG(s) dict_keys(['example_nested_branch_dag']) retrieved from /home/airflow/.local/lib/python3.6/site-packages/airflow/example_dags/example_nested_branch_dag.py
[2021-05-16 05:21:30,227] {logging_mixin.py:104} INFO - [2021-05-16 05:21:30,227] {dag.py:1824} INFO - Sync 1 DAGs
[2021-05-16 05:21:30,285] {logging_mixin.py:104} INFO - [2021-05-16 05:21:30,285] {dag.py:2280} INFO - Setting next_dagrun for example_nested_branch_dag to 2021-05-14 00:00:00+00:00
[2021-05-16 05:21:30,310] {scheduler_job.py:190} INFO - Processing /home/airflow/.local/lib/python3.6/site-packages/airflow/example_dags/example_nested_branch_dag.py took 0.212 seconds
[2021-05-16 05:22:00,542] {scheduler_job.py:182} INFO - Started process (PID=218) to work on /home/airflow/.local/lib/python3.6/site-packages/airflow/example_dags/example_nested_branch_dag.py
[2021-05-16 05:22:00,547] {scheduler_job.py:629} INFO - Processing file /home/airflow/.local/lib/python3.6/site-packages/airflow/example_dags/example_nested_branch_dag.py for tasks to queue
[2021-05-16 05:22:00,554] {logging_mixin.py:104} INFO - [2021-05-16 05:22:00,553] {dagbag.py:451} INFO - Filling up the DagBag from /home/airflow/.local/lib/python3.6/site-packages/airflow/example_dags/example_nested_branch_dag.py
[2021-05-16 05:22:00,612] {scheduler_job.py:639} INFO - DAG(s) dict_keys(['example_nested_branch_dag']) retrieved from /home/airflow/.local/lib/python3.6/site-packages/airflow/example_dags/example_nested_branch_dag.py
[2021-05-16 05:22:00,692] {logging_mixin.py:104} INFO - [2021-05-16 05:22:00,692] {dag.py:1824} INFO - Sync 1 DAGs
[2021-05-16 05:22:00,802] {logging_mixin.py:104} INFO - [2021-05-16 05:22:00,802] {dag.py:2280} INFO - Setting next_dagrun for example_nested_branch_dag to 2021-05-14 00:00:00+00:00
[2021-05-16 05:22:00,827] {scheduler_job.py:190} INFO - Processing /home/airflow/.local/lib/python3.6/site-packages/airflow/example_dags/example_nested_branch_dag.py took 0.294 seconds
[2021-05-16 05:22:31,211] {scheduler_job.py:182} INFO - Started process (PID=244) to work on /home/airflow/.local/lib/python3.6/site-packages/airflow/example_dags/example_nested_branch_dag.py
[2021-05-16 05:22:31,215] {scheduler_job.py:629} INFO - Processing file /home/airflow/.local/lib/python3.6/site-packages/airflow/example_dags/example_nested_branch_dag.py for tasks to queue
[2021-05-16 05:22:31,218] {logging_mixin.py:104} INFO - [2021-05-16 05:22:31,217] {dagbag.py:451} INFO - Filling up the DagBag from /home/airflow/.local/lib/python3.6/site-packages/airflow/example_dags/example_nested_branch_dag.py
[2021-05-16 05:22:31,258] {scheduler_job.py:639} INFO - DAG(s) dict_keys(['example_nested_branch_dag']) retrieved from /home/airflow/.local/lib/python3.6/site-packages/airflow/example_dags/example_nested_branch_dag.py
[2021-05-16 05:22:31,296] {logging_mixin.py:104} INFO - [2021-05-16 05:22:31,296] {dag.py:1824} INFO - Sync 1 DAGs
[2021-05-16 05:22:31,343] {logging_mixin.py:104} INFO - [2021-05-16 05:22:31,342] {dag.py:2280} INFO - Setting next_dagrun for example_nested_branch_dag to 2021-05-14 00:00:00+00:00
[2021-05-16 05:22:31,371] {scheduler_job.py:190} INFO - Processing /home/airflow/.local/lib/python3.6/site-packages/airflow/example_dags/example_nested_branch_dag.py took 0.167 seconds
[2021-05-16 05:23:01,838] {scheduler_job.py:182} INFO - Started process (PID=270) to work on /home/airflow/.local/lib/python3.6/site-packages/airflow/example_dags/example_nested_branch_dag.py
[2021-05-16 05:23:01,846] {scheduler_job.py:629} INFO - Processing file /home/airflow/.local/lib/python3.6/site-packages/airflow/example_dags/example_nested_branch_dag.py for tasks to queue
[2021-05-16 05:23:01,850] {logging_mixin.py:104} INFO - [2021-05-16 05:23:01,849] {dagbag.py:451} INFO - Filling up the DagBag from /home/airflow/.local/lib/python3.6/site-packages/airflow/example_dags/example_nested_branch_dag.py
[2021-05-16 05:23:01,926] {scheduler_job.py:639} INFO - DAG(s) dict_keys(['example_nested_branch_dag']) retrieved from /home/airflow/.local/lib/python3.6/site-packages/airflow/example_dags/example_nested_branch_dag.py
[2021-05-16 05:23:01,988] {logging_mixin.py:104} INFO - [2021-05-16 05:23:01,987] {dag.py:1824} INFO - Sync 1 DAGs
[2021-05-16 05:23:02,038] {logging_mixin.py:104} INFO - [2021-05-16 05:23:02,037] {dag.py:2280} INFO - Setting next_dagrun for example_nested_branch_dag to 2021-05-14 00:00:00+00:00
[2021-05-16 05:23:02,068] {scheduler_job.py:190} INFO - Processing /home/airflow/.local/lib/python3.6/site-packages/airflow/example_dags/example_nested_branch_dag.py took 0.251 seconds
[2021-05-16 05:23:32,606] {scheduler_job.py:182} INFO - Started process (PID=296) to work on /home/airflow/.local/lib/python3.6/site-packages/airflow/example_dags/example_nested_branch_dag.py
[2021-05-16 05:23:32,609] {scheduler_job.py:629} INFO - Processing file /home/airflow/.local/lib/python3.6/site-packages/airflow/example_dags/example_nested_branch_dag.py for tasks to queue
[2021-05-16 05:23:32,613] {logging_mixin.py:104} INFO - [2021-05-16 05:23:32,612] {dagbag.py:451} INFO - Filling up the DagBag from /home/airflow/.local/lib/python3.6/site-packages/airflow/example_dags/example_nested_branch_dag.py
[2021-05-16 05:23:32,661] {scheduler_job.py:639} INFO - DAG(s) dict_keys(['example_nested_branch_dag']) retrieved from /home/airflow/.local/lib/python3.6/site-packages/airflow/example_dags/example_nested_branch_dag.py
[2021-05-16 05:23:32,732] {logging_mixin.py:104} INFO - [2021-05-16 05:23:32,730] {dag.py:1824} INFO - Sync 1 DAGs
[2021-05-16 05:23:32,769] {logging_mixin.py:104} INFO - [2021-05-16 05:23:32,769] {dag.py:2280} INFO - Setting next_dagrun for example_nested_branch_dag to 2021-05-14 00:00:00+00:00
[2021-05-16 05:23:32,787] {scheduler_job.py:190} INFO - Processing /home/airflow/.local/lib/python3.6/site-packages/airflow/example_dags/example_nested_branch_dag.py took 0.190 seconds
[2021-05-16 05:24:03,213] {scheduler_job.py:182} INFO - Started process (PID=322) to work on /home/airflow/.local/lib/python3.6/site-packages/airflow/example_dags/example_nested_branch_dag.py
[2021-05-16 05:24:03,221] {scheduler_job.py:629} INFO - Processing file /home/airflow/.local/lib/python3.6/site-packages/airflow/example_dags/example_nested_branch_dag.py for tasks to queue
[2021-05-16 05:24:03,224] {logging_mixin.py:104} INFO - [2021-05-16 05:24:03,223] {dagbag.py:451} INFO - Filling up the DagBag from /home/airflow/.local/lib/python3.6/site-packages/airflow/example_dags/example_nested_branch_dag.py
[2021-05-16 05:24:03,292] {scheduler_job.py:639} INFO - DAG(s) dict_keys(['example_nested_branch_dag']) retrieved from /home/airflow/.local/lib/python3.6/site-packages/airflow/example_dags/example_nested_branch_dag.py
[2021-05-16 05:24:03,335] {logging_mixin.py:104} INFO - [2021-05-16 05:24:03,334] {dag.py:1824} INFO - Sync 1 DAGs
[2021-05-16 05:24:03,385] {logging_mixin.py:104} INFO - [2021-05-16 05:24:03,385] {dag.py:2280} INFO - Setting next_dagrun for example_nested_branch_dag to 2021-05-14 00:00:00+00:00
[2021-05-16 05:24:03,404] {scheduler_job.py:190} INFO - Processing /home/airflow/.local/lib/python3.6/site-packages/airflow/example_dags/example_nested_branch_dag.py took 0.204 seconds
[2021-05-16 05:24:33,555] {scheduler_job.py:182} INFO - Started process (PID=348) to work on /home/airflow/.local/lib/python3.6/site-packages/airflow/example_dags/example_nested_branch_dag.py
[2021-05-16 05:24:33,563] {scheduler_job.py:629} INFO - Processing file /home/airflow/.local/lib/python3.6/site-packages/airflow/example_dags/example_nested_branch_dag.py for tasks to queue
[2021-05-16 05:24:33,568] {logging_mixin.py:104} INFO - [2021-05-16 05:24:33,567] {dagbag.py:451} INFO - Filling up the DagBag from /home/airflow/.local/lib/python3.6/site-packages/airflow/example_dags/example_nested_branch_dag.py
[2021-05-16 05:24:33,645] {scheduler_job.py:639} INFO - DAG(s) dict_keys(['example_nested_branch_dag']) retrieved from /home/airflow/.local/lib/python3.6/site-packages/airflow/example_dags/example_nested_branch_dag.py
[2021-05-16 05:24:33,709] {logging_mixin.py:104} INFO - [2021-05-16 05:24:33,709] {dag.py:1824} INFO - Sync 1 DAGs
[2021-05-16 05:24:33,781] {logging_mixin.py:104} INFO - [2021-05-16 05:24:33,781] {dag.py:2280} INFO - Setting next_dagrun for example_nested_branch_dag to 2021-05-14 00:00:00+00:00
[2021-05-16 05:24:33,807] {scheduler_job.py:190} INFO - Processing /home/airflow/.local/lib/python3.6/site-packages/airflow/example_dags/example_nested_branch_dag.py took 0.270 seconds
[2021-05-16 05:27:45,011] {scheduler_job.py:182} INFO - Started process (PID=26) to work on /home/airflow/.local/lib/python3.6/site-packages/airflow/example_dags/example_nested_branch_dag.py
[2021-05-16 05:27:45,021] {scheduler_job.py:629} INFO - Processing file /home/airflow/.local/lib/python3.6/site-packages/airflow/example_dags/example_nested_branch_dag.py for tasks to queue
[2021-05-16 05:27:45,031] {logging_mixin.py:104} INFO - [2021-05-16 05:27:45,030] {dagbag.py:451} INFO - Filling up the DagBag from /home/airflow/.local/lib/python3.6/site-packages/airflow/example_dags/example_nested_branch_dag.py
[2021-05-16 05:27:45,175] {scheduler_job.py:639} INFO - DAG(s) dict_keys(['example_nested_branch_dag']) retrieved from /home/airflow/.local/lib/python3.6/site-packages/airflow/example_dags/example_nested_branch_dag.py
[2021-05-16 05:27:45,299] {logging_mixin.py:104} INFO - [2021-05-16 05:27:45,299] {dag.py:1824} INFO - Sync 1 DAGs
[2021-05-16 05:27:45,368] {logging_mixin.py:104} INFO - [2021-05-16 05:27:45,367] {dag.py:2280} INFO - Setting next_dagrun for example_nested_branch_dag to 2021-05-14 00:00:00+00:00
[2021-05-16 05:27:45,400] {scheduler_job.py:190} INFO - Processing /home/airflow/.local/lib/python3.6/site-packages/airflow/example_dags/example_nested_branch_dag.py took 0.397 seconds
[2021-05-16 05:28:15,958] {scheduler_job.py:182} INFO - Started process (PID=52) to work on /home/airflow/.local/lib/python3.6/site-packages/airflow/example_dags/example_nested_branch_dag.py
[2021-05-16 05:28:15,992] {scheduler_job.py:629} INFO - Processing file /home/airflow/.local/lib/python3.6/site-packages/airflow/example_dags/example_nested_branch_dag.py for tasks to queue
[2021-05-16 05:28:16,015] {logging_mixin.py:104} INFO - [2021-05-16 05:28:16,009] {dagbag.py:451} INFO - Filling up the DagBag from /home/airflow/.local/lib/python3.6/site-packages/airflow/example_dags/example_nested_branch_dag.py
[2021-05-16 05:28:16,239] {scheduler_job.py:639} INFO - DAG(s) dict_keys(['example_nested_branch_dag']) retrieved from /home/airflow/.local/lib/python3.6/site-packages/airflow/example_dags/example_nested_branch_dag.py
[2021-05-16 05:28:16,341] {logging_mixin.py:104} INFO - [2021-05-16 05:28:16,341] {dag.py:1824} INFO - Sync 1 DAGs
[2021-05-16 05:28:16,545] {logging_mixin.py:104} INFO - [2021-05-16 05:28:16,545] {dag.py:2280} INFO - Setting next_dagrun for example_nested_branch_dag to 2021-05-14 00:00:00+00:00
[2021-05-16 05:28:16,592] {scheduler_job.py:190} INFO - Processing /home/airflow/.local/lib/python3.6/site-packages/airflow/example_dags/example_nested_branch_dag.py took 0.707 seconds
[2021-05-16 05:28:47,059] {scheduler_job.py:182} INFO - Started process (PID=78) to work on /home/airflow/.local/lib/python3.6/site-packages/airflow/example_dags/example_nested_branch_dag.py
[2021-05-16 05:28:47,066] {scheduler_job.py:629} INFO - Processing file /home/airflow/.local/lib/python3.6/site-packages/airflow/example_dags/example_nested_branch_dag.py for tasks to queue
[2021-05-16 05:28:47,072] {logging_mixin.py:104} INFO - [2021-05-16 05:28:47,072] {dagbag.py:451} INFO - Filling up the DagBag from /home/airflow/.local/lib/python3.6/site-packages/airflow/example_dags/example_nested_branch_dag.py
[2021-05-16 05:28:47,773] {scheduler_job.py:639} INFO - DAG(s) dict_keys(['example_nested_branch_dag']) retrieved from /home/airflow/.local/lib/python3.6/site-packages/airflow/example_dags/example_nested_branch_dag.py
[2021-05-16 05:29:14,029] {logging_mixin.py:104} INFO - [2021-05-16 05:29:14,019] {dag.py:1824} INFO - Sync 1 DAGs
[2021-05-16 05:29:14,392] {logging_mixin.py:104} INFO - [2021-05-16 05:29:14,392] {dag.py:2280} INFO - Setting next_dagrun for example_nested_branch_dag to 2021-05-14 00:00:00+00:00
[2021-05-16 05:29:14,698] {scheduler_job.py:190} INFO - Processing /home/airflow/.local/lib/python3.6/site-packages/airflow/example_dags/example_nested_branch_dag.py took 27.688 seconds
