[2021-05-16 05:18:20,551] {scheduler_job.py:182} INFO - Started process (PID=27) to work on /home/airflow/.local/lib/python3.6/site-packages/airflow/example_dags/example_kubernetes_executor_config.py
[2021-05-16 05:18:20,566] {scheduler_job.py:629} INFO - Processing file /home/airflow/.local/lib/python3.6/site-packages/airflow/example_dags/example_kubernetes_executor_config.py for tasks to queue
[2021-05-16 05:18:20,574] {logging_mixin.py:104} INFO - [2021-05-16 05:18:20,574] {dagbag.py:451} INFO - Filling up the DagBag from /home/airflow/.local/lib/python3.6/site-packages/airflow/example_dags/example_kubernetes_executor_config.py
[2021-05-16 05:18:20,997] {scheduler_job.py:639} INFO - DAG(s) dict_keys(['example_kubernetes_executor_config']) retrieved from /home/airflow/.local/lib/python3.6/site-packages/airflow/example_dags/example_kubernetes_executor_config.py
[2021-05-16 05:18:21,456] {logging_mixin.py:104} INFO - [2021-05-16 05:18:21,456] {dag.py:1824} INFO - Sync 1 DAGs
[2021-05-16 05:18:21,625] {logging_mixin.py:104} INFO - [2021-05-16 05:18:21,625] {dag.py:1843} INFO - Creating ORM DAG for example_kubernetes_executor_config
[2021-05-16 05:18:21,682] {logging_mixin.py:104} INFO - [2021-05-16 05:18:21,682] {dag.py:2280} INFO - Setting next_dagrun for example_kubernetes_executor_config to None
[2021-05-16 05:18:21,788] {scheduler_job.py:190} INFO - Processing /home/airflow/.local/lib/python3.6/site-packages/airflow/example_dags/example_kubernetes_executor_config.py took 1.263 seconds
[2021-05-16 05:18:52,213] {scheduler_job.py:182} INFO - Started process (PID=53) to work on /home/airflow/.local/lib/python3.6/site-packages/airflow/example_dags/example_kubernetes_executor_config.py
[2021-05-16 05:18:52,241] {scheduler_job.py:629} INFO - Processing file /home/airflow/.local/lib/python3.6/site-packages/airflow/example_dags/example_kubernetes_executor_config.py for tasks to queue
[2021-05-16 05:18:52,276] {logging_mixin.py:104} INFO - [2021-05-16 05:18:52,273] {dagbag.py:451} INFO - Filling up the DagBag from /home/airflow/.local/lib/python3.6/site-packages/airflow/example_dags/example_kubernetes_executor_config.py
[2021-05-16 05:18:52,433] {scheduler_job.py:639} INFO - DAG(s) dict_keys(['example_kubernetes_executor_config']) retrieved from /home/airflow/.local/lib/python3.6/site-packages/airflow/example_dags/example_kubernetes_executor_config.py
[2021-05-16 05:18:52,558] {logging_mixin.py:104} INFO - [2021-05-16 05:18:52,558] {dag.py:1824} INFO - Sync 1 DAGs
[2021-05-16 05:18:52,623] {logging_mixin.py:104} INFO - [2021-05-16 05:18:52,622] {dag.py:2280} INFO - Setting next_dagrun for example_kubernetes_executor_config to None
[2021-05-16 05:18:52,705] {scheduler_job.py:190} INFO - Processing /home/airflow/.local/lib/python3.6/site-packages/airflow/example_dags/example_kubernetes_executor_config.py took 0.519 seconds
[2021-05-16 05:19:22,965] {scheduler_job.py:182} INFO - Started process (PID=79) to work on /home/airflow/.local/lib/python3.6/site-packages/airflow/example_dags/example_kubernetes_executor_config.py
[2021-05-16 05:19:22,984] {scheduler_job.py:629} INFO - Processing file /home/airflow/.local/lib/python3.6/site-packages/airflow/example_dags/example_kubernetes_executor_config.py for tasks to queue
[2021-05-16 05:19:22,992] {logging_mixin.py:104} INFO - [2021-05-16 05:19:22,990] {dagbag.py:451} INFO - Filling up the DagBag from /home/airflow/.local/lib/python3.6/site-packages/airflow/example_dags/example_kubernetes_executor_config.py
[2021-05-16 05:19:23,140] {scheduler_job.py:639} INFO - DAG(s) dict_keys(['example_kubernetes_executor_config']) retrieved from /home/airflow/.local/lib/python3.6/site-packages/airflow/example_dags/example_kubernetes_executor_config.py
[2021-05-16 05:19:23,287] {logging_mixin.py:104} INFO - [2021-05-16 05:19:23,287] {dag.py:1824} INFO - Sync 1 DAGs
[2021-05-16 05:19:23,356] {logging_mixin.py:104} INFO - [2021-05-16 05:19:23,356] {dag.py:2280} INFO - Setting next_dagrun for example_kubernetes_executor_config to None
[2021-05-16 05:19:23,400] {scheduler_job.py:190} INFO - Processing /home/airflow/.local/lib/python3.6/site-packages/airflow/example_dags/example_kubernetes_executor_config.py took 0.450 seconds
[2021-05-16 05:19:53,566] {scheduler_job.py:182} INFO - Started process (PID=106) to work on /home/airflow/.local/lib/python3.6/site-packages/airflow/example_dags/example_kubernetes_executor_config.py
[2021-05-16 05:19:53,570] {scheduler_job.py:629} INFO - Processing file /home/airflow/.local/lib/python3.6/site-packages/airflow/example_dags/example_kubernetes_executor_config.py for tasks to queue
[2021-05-16 05:19:53,572] {logging_mixin.py:104} INFO - [2021-05-16 05:19:53,572] {dagbag.py:451} INFO - Filling up the DagBag from /home/airflow/.local/lib/python3.6/site-packages/airflow/example_dags/example_kubernetes_executor_config.py
[2021-05-16 05:19:53,605] {scheduler_job.py:639} INFO - DAG(s) dict_keys(['example_kubernetes_executor_config']) retrieved from /home/airflow/.local/lib/python3.6/site-packages/airflow/example_dags/example_kubernetes_executor_config.py
[2021-05-16 05:19:53,662] {logging_mixin.py:104} INFO - [2021-05-16 05:19:53,662] {dag.py:1824} INFO - Sync 1 DAGs
[2021-05-16 05:19:53,688] {logging_mixin.py:104} INFO - [2021-05-16 05:19:53,688] {dag.py:2280} INFO - Setting next_dagrun for example_kubernetes_executor_config to None
[2021-05-16 05:19:53,711] {scheduler_job.py:190} INFO - Processing /home/airflow/.local/lib/python3.6/site-packages/airflow/example_dags/example_kubernetes_executor_config.py took 0.151 seconds
[2021-05-16 05:20:23,814] {scheduler_job.py:182} INFO - Started process (PID=131) to work on /home/airflow/.local/lib/python3.6/site-packages/airflow/example_dags/example_kubernetes_executor_config.py
[2021-05-16 05:20:23,822] {scheduler_job.py:629} INFO - Processing file /home/airflow/.local/lib/python3.6/site-packages/airflow/example_dags/example_kubernetes_executor_config.py for tasks to queue
[2021-05-16 05:20:23,829] {logging_mixin.py:104} INFO - [2021-05-16 05:20:23,828] {dagbag.py:451} INFO - Filling up the DagBag from /home/airflow/.local/lib/python3.6/site-packages/airflow/example_dags/example_kubernetes_executor_config.py
[2021-05-16 05:20:23,870] {scheduler_job.py:639} INFO - DAG(s) dict_keys(['example_kubernetes_executor_config']) retrieved from /home/airflow/.local/lib/python3.6/site-packages/airflow/example_dags/example_kubernetes_executor_config.py
[2021-05-16 05:20:23,941] {logging_mixin.py:104} INFO - [2021-05-16 05:20:23,941] {dag.py:1824} INFO - Sync 1 DAGs
[2021-05-16 05:20:23,981] {logging_mixin.py:104} INFO - [2021-05-16 05:20:23,981] {dag.py:2280} INFO - Setting next_dagrun for example_kubernetes_executor_config to None
[2021-05-16 05:20:24,013] {scheduler_job.py:190} INFO - Processing /home/airflow/.local/lib/python3.6/site-packages/airflow/example_dags/example_kubernetes_executor_config.py took 0.213 seconds
[2021-05-16 05:20:54,235] {scheduler_job.py:182} INFO - Started process (PID=157) to work on /home/airflow/.local/lib/python3.6/site-packages/airflow/example_dags/example_kubernetes_executor_config.py
[2021-05-16 05:20:54,243] {scheduler_job.py:629} INFO - Processing file /home/airflow/.local/lib/python3.6/site-packages/airflow/example_dags/example_kubernetes_executor_config.py for tasks to queue
[2021-05-16 05:20:54,248] {logging_mixin.py:104} INFO - [2021-05-16 05:20:54,247] {dagbag.py:451} INFO - Filling up the DagBag from /home/airflow/.local/lib/python3.6/site-packages/airflow/example_dags/example_kubernetes_executor_config.py
[2021-05-16 05:20:54,293] {scheduler_job.py:639} INFO - DAG(s) dict_keys(['example_kubernetes_executor_config']) retrieved from /home/airflow/.local/lib/python3.6/site-packages/airflow/example_dags/example_kubernetes_executor_config.py
[2021-05-16 05:20:54,363] {logging_mixin.py:104} INFO - [2021-05-16 05:20:54,363] {dag.py:1824} INFO - Sync 1 DAGs
[2021-05-16 05:20:54,404] {logging_mixin.py:104} INFO - [2021-05-16 05:20:54,404] {dag.py:2280} INFO - Setting next_dagrun for example_kubernetes_executor_config to None
[2021-05-16 05:20:54,448] {scheduler_job.py:190} INFO - Processing /home/airflow/.local/lib/python3.6/site-packages/airflow/example_dags/example_kubernetes_executor_config.py took 0.231 seconds
[2021-05-16 05:21:25,240] {scheduler_job.py:182} INFO - Started process (PID=183) to work on /home/airflow/.local/lib/python3.6/site-packages/airflow/example_dags/example_kubernetes_executor_config.py
[2021-05-16 05:21:25,247] {scheduler_job.py:629} INFO - Processing file /home/airflow/.local/lib/python3.6/site-packages/airflow/example_dags/example_kubernetes_executor_config.py for tasks to queue
[2021-05-16 05:21:25,250] {logging_mixin.py:104} INFO - [2021-05-16 05:21:25,250] {dagbag.py:451} INFO - Filling up the DagBag from /home/airflow/.local/lib/python3.6/site-packages/airflow/example_dags/example_kubernetes_executor_config.py
[2021-05-16 05:21:25,294] {scheduler_job.py:639} INFO - DAG(s) dict_keys(['example_kubernetes_executor_config']) retrieved from /home/airflow/.local/lib/python3.6/site-packages/airflow/example_dags/example_kubernetes_executor_config.py
[2021-05-16 05:21:25,364] {logging_mixin.py:104} INFO - [2021-05-16 05:21:25,364] {dag.py:1824} INFO - Sync 1 DAGs
[2021-05-16 05:21:25,398] {logging_mixin.py:104} INFO - [2021-05-16 05:21:25,398] {dag.py:2280} INFO - Setting next_dagrun for example_kubernetes_executor_config to None
[2021-05-16 05:21:25,428] {scheduler_job.py:190} INFO - Processing /home/airflow/.local/lib/python3.6/site-packages/airflow/example_dags/example_kubernetes_executor_config.py took 0.200 seconds
[2021-05-16 05:21:55,677] {scheduler_job.py:182} INFO - Started process (PID=209) to work on /home/airflow/.local/lib/python3.6/site-packages/airflow/example_dags/example_kubernetes_executor_config.py
[2021-05-16 05:21:55,680] {scheduler_job.py:629} INFO - Processing file /home/airflow/.local/lib/python3.6/site-packages/airflow/example_dags/example_kubernetes_executor_config.py for tasks to queue
[2021-05-16 05:21:55,682] {logging_mixin.py:104} INFO - [2021-05-16 05:21:55,682] {dagbag.py:451} INFO - Filling up the DagBag from /home/airflow/.local/lib/python3.6/site-packages/airflow/example_dags/example_kubernetes_executor_config.py
[2021-05-16 05:21:55,720] {scheduler_job.py:639} INFO - DAG(s) dict_keys(['example_kubernetes_executor_config']) retrieved from /home/airflow/.local/lib/python3.6/site-packages/airflow/example_dags/example_kubernetes_executor_config.py
[2021-05-16 05:21:55,773] {logging_mixin.py:104} INFO - [2021-05-16 05:21:55,773] {dag.py:1824} INFO - Sync 1 DAGs
[2021-05-16 05:21:55,807] {logging_mixin.py:104} INFO - [2021-05-16 05:21:55,807] {dag.py:2280} INFO - Setting next_dagrun for example_kubernetes_executor_config to None
[2021-05-16 05:21:55,837] {scheduler_job.py:190} INFO - Processing /home/airflow/.local/lib/python3.6/site-packages/airflow/example_dags/example_kubernetes_executor_config.py took 0.167 seconds
[2021-05-16 05:22:27,127] {scheduler_job.py:182} INFO - Started process (PID=236) to work on /home/airflow/.local/lib/python3.6/site-packages/airflow/example_dags/example_kubernetes_executor_config.py
[2021-05-16 05:22:27,139] {scheduler_job.py:629} INFO - Processing file /home/airflow/.local/lib/python3.6/site-packages/airflow/example_dags/example_kubernetes_executor_config.py for tasks to queue
[2021-05-16 05:22:27,160] {logging_mixin.py:104} INFO - [2021-05-16 05:22:27,156] {dagbag.py:451} INFO - Filling up the DagBag from /home/airflow/.local/lib/python3.6/site-packages/airflow/example_dags/example_kubernetes_executor_config.py
[2021-05-16 05:22:27,438] {scheduler_job.py:639} INFO - DAG(s) dict_keys(['example_kubernetes_executor_config']) retrieved from /home/airflow/.local/lib/python3.6/site-packages/airflow/example_dags/example_kubernetes_executor_config.py
[2021-05-16 05:22:27,676] {logging_mixin.py:104} INFO - [2021-05-16 05:22:27,672] {dag.py:1824} INFO - Sync 1 DAGs
[2021-05-16 05:22:27,858] {logging_mixin.py:104} INFO - [2021-05-16 05:22:27,858] {dag.py:2280} INFO - Setting next_dagrun for example_kubernetes_executor_config to None
[2021-05-16 05:22:27,971] {scheduler_job.py:190} INFO - Processing /home/airflow/.local/lib/python3.6/site-packages/airflow/example_dags/example_kubernetes_executor_config.py took 0.981 seconds
[2021-05-16 05:22:58,907] {scheduler_job.py:182} INFO - Started process (PID=262) to work on /home/airflow/.local/lib/python3.6/site-packages/airflow/example_dags/example_kubernetes_executor_config.py
[2021-05-16 05:22:58,914] {scheduler_job.py:629} INFO - Processing file /home/airflow/.local/lib/python3.6/site-packages/airflow/example_dags/example_kubernetes_executor_config.py for tasks to queue
[2021-05-16 05:22:58,917] {logging_mixin.py:104} INFO - [2021-05-16 05:22:58,917] {dagbag.py:451} INFO - Filling up the DagBag from /home/airflow/.local/lib/python3.6/site-packages/airflow/example_dags/example_kubernetes_executor_config.py
[2021-05-16 05:22:58,977] {scheduler_job.py:639} INFO - DAG(s) dict_keys(['example_kubernetes_executor_config']) retrieved from /home/airflow/.local/lib/python3.6/site-packages/airflow/example_dags/example_kubernetes_executor_config.py
[2021-05-16 05:22:59,036] {logging_mixin.py:104} INFO - [2021-05-16 05:22:59,036] {dag.py:1824} INFO - Sync 1 DAGs
[2021-05-16 05:22:59,078] {logging_mixin.py:104} INFO - [2021-05-16 05:22:59,077] {dag.py:2280} INFO - Setting next_dagrun for example_kubernetes_executor_config to None
[2021-05-16 05:22:59,107] {scheduler_job.py:190} INFO - Processing /home/airflow/.local/lib/python3.6/site-packages/airflow/example_dags/example_kubernetes_executor_config.py took 0.207 seconds
[2021-05-16 05:23:29,762] {scheduler_job.py:182} INFO - Started process (PID=288) to work on /home/airflow/.local/lib/python3.6/site-packages/airflow/example_dags/example_kubernetes_executor_config.py
[2021-05-16 05:23:29,769] {scheduler_job.py:629} INFO - Processing file /home/airflow/.local/lib/python3.6/site-packages/airflow/example_dags/example_kubernetes_executor_config.py for tasks to queue
[2021-05-16 05:23:29,775] {logging_mixin.py:104} INFO - [2021-05-16 05:23:29,774] {dagbag.py:451} INFO - Filling up the DagBag from /home/airflow/.local/lib/python3.6/site-packages/airflow/example_dags/example_kubernetes_executor_config.py
[2021-05-16 05:23:29,840] {scheduler_job.py:639} INFO - DAG(s) dict_keys(['example_kubernetes_executor_config']) retrieved from /home/airflow/.local/lib/python3.6/site-packages/airflow/example_dags/example_kubernetes_executor_config.py
[2021-05-16 05:23:29,916] {logging_mixin.py:104} INFO - [2021-05-16 05:23:29,911] {dag.py:1824} INFO - Sync 1 DAGs
[2021-05-16 05:23:29,986] {logging_mixin.py:104} INFO - [2021-05-16 05:23:29,986] {dag.py:2280} INFO - Setting next_dagrun for example_kubernetes_executor_config to None
[2021-05-16 05:23:30,031] {scheduler_job.py:190} INFO - Processing /home/airflow/.local/lib/python3.6/site-packages/airflow/example_dags/example_kubernetes_executor_config.py took 0.285 seconds
[2021-05-16 05:24:00,473] {scheduler_job.py:182} INFO - Started process (PID=314) to work on /home/airflow/.local/lib/python3.6/site-packages/airflow/example_dags/example_kubernetes_executor_config.py
[2021-05-16 05:24:00,479] {scheduler_job.py:629} INFO - Processing file /home/airflow/.local/lib/python3.6/site-packages/airflow/example_dags/example_kubernetes_executor_config.py for tasks to queue
[2021-05-16 05:24:00,481] {logging_mixin.py:104} INFO - [2021-05-16 05:24:00,481] {dagbag.py:451} INFO - Filling up the DagBag from /home/airflow/.local/lib/python3.6/site-packages/airflow/example_dags/example_kubernetes_executor_config.py
[2021-05-16 05:24:00,521] {scheduler_job.py:639} INFO - DAG(s) dict_keys(['example_kubernetes_executor_config']) retrieved from /home/airflow/.local/lib/python3.6/site-packages/airflow/example_dags/example_kubernetes_executor_config.py
[2021-05-16 05:24:00,570] {logging_mixin.py:104} INFO - [2021-05-16 05:24:00,570] {dag.py:1824} INFO - Sync 1 DAGs
[2021-05-16 05:24:00,602] {logging_mixin.py:104} INFO - [2021-05-16 05:24:00,602] {dag.py:2280} INFO - Setting next_dagrun for example_kubernetes_executor_config to None
[2021-05-16 05:24:00,668] {scheduler_job.py:190} INFO - Processing /home/airflow/.local/lib/python3.6/site-packages/airflow/example_dags/example_kubernetes_executor_config.py took 0.204 seconds
[2021-05-16 05:24:31,100] {scheduler_job.py:182} INFO - Started process (PID=340) to work on /home/airflow/.local/lib/python3.6/site-packages/airflow/example_dags/example_kubernetes_executor_config.py
[2021-05-16 05:24:31,110] {scheduler_job.py:629} INFO - Processing file /home/airflow/.local/lib/python3.6/site-packages/airflow/example_dags/example_kubernetes_executor_config.py for tasks to queue
[2021-05-16 05:24:31,116] {logging_mixin.py:104} INFO - [2021-05-16 05:24:31,115] {dagbag.py:451} INFO - Filling up the DagBag from /home/airflow/.local/lib/python3.6/site-packages/airflow/example_dags/example_kubernetes_executor_config.py
[2021-05-16 05:24:31,177] {scheduler_job.py:639} INFO - DAG(s) dict_keys(['example_kubernetes_executor_config']) retrieved from /home/airflow/.local/lib/python3.6/site-packages/airflow/example_dags/example_kubernetes_executor_config.py
[2021-05-16 05:24:31,238] {logging_mixin.py:104} INFO - [2021-05-16 05:24:31,237] {dag.py:1824} INFO - Sync 1 DAGs
[2021-05-16 05:24:31,282] {logging_mixin.py:104} INFO - [2021-05-16 05:24:31,281] {dag.py:2280} INFO - Setting next_dagrun for example_kubernetes_executor_config to None
[2021-05-16 05:24:31,308] {scheduler_job.py:190} INFO - Processing /home/airflow/.local/lib/python3.6/site-packages/airflow/example_dags/example_kubernetes_executor_config.py took 0.229 seconds
[2021-05-16 05:27:46,613] {scheduler_job.py:182} INFO - Started process (PID=32) to work on /home/airflow/.local/lib/python3.6/site-packages/airflow/example_dags/example_kubernetes_executor_config.py
[2021-05-16 05:27:46,619] {scheduler_job.py:629} INFO - Processing file /home/airflow/.local/lib/python3.6/site-packages/airflow/example_dags/example_kubernetes_executor_config.py for tasks to queue
[2021-05-16 05:27:46,631] {logging_mixin.py:104} INFO - [2021-05-16 05:27:46,628] {dagbag.py:451} INFO - Filling up the DagBag from /home/airflow/.local/lib/python3.6/site-packages/airflow/example_dags/example_kubernetes_executor_config.py
[2021-05-16 05:27:46,725] {scheduler_job.py:639} INFO - DAG(s) dict_keys(['example_kubernetes_executor_config']) retrieved from /home/airflow/.local/lib/python3.6/site-packages/airflow/example_dags/example_kubernetes_executor_config.py
[2021-05-16 05:27:46,822] {logging_mixin.py:104} INFO - [2021-05-16 05:27:46,822] {dag.py:1824} INFO - Sync 1 DAGs
[2021-05-16 05:27:46,899] {logging_mixin.py:104} INFO - [2021-05-16 05:27:46,896] {dag.py:2280} INFO - Setting next_dagrun for example_kubernetes_executor_config to None
[2021-05-16 05:27:46,998] {scheduler_job.py:190} INFO - Processing /home/airflow/.local/lib/python3.6/site-packages/airflow/example_dags/example_kubernetes_executor_config.py took 0.402 seconds
[2021-05-16 05:28:17,497] {scheduler_job.py:182} INFO - Started process (PID=58) to work on /home/airflow/.local/lib/python3.6/site-packages/airflow/example_dags/example_kubernetes_executor_config.py
[2021-05-16 05:28:17,502] {scheduler_job.py:629} INFO - Processing file /home/airflow/.local/lib/python3.6/site-packages/airflow/example_dags/example_kubernetes_executor_config.py for tasks to queue
[2021-05-16 05:28:17,504] {logging_mixin.py:104} INFO - [2021-05-16 05:28:17,504] {dagbag.py:451} INFO - Filling up the DagBag from /home/airflow/.local/lib/python3.6/site-packages/airflow/example_dags/example_kubernetes_executor_config.py
[2021-05-16 05:28:17,606] {scheduler_job.py:639} INFO - DAG(s) dict_keys(['example_kubernetes_executor_config']) retrieved from /home/airflow/.local/lib/python3.6/site-packages/airflow/example_dags/example_kubernetes_executor_config.py
[2021-05-16 05:28:17,775] {logging_mixin.py:104} INFO - [2021-05-16 05:28:17,775] {dag.py:1824} INFO - Sync 1 DAGs
[2021-05-16 05:28:17,818] {logging_mixin.py:104} INFO - [2021-05-16 05:28:17,817] {dag.py:2280} INFO - Setting next_dagrun for example_kubernetes_executor_config to None
[2021-05-16 05:28:17,842] {scheduler_job.py:190} INFO - Processing /home/airflow/.local/lib/python3.6/site-packages/airflow/example_dags/example_kubernetes_executor_config.py took 0.355 seconds
[2021-05-16 05:29:16,362] {scheduler_job.py:182} INFO - Started process (PID=84) to work on /home/airflow/.local/lib/python3.6/site-packages/airflow/example_dags/example_kubernetes_executor_config.py
[2021-05-16 05:29:16,390] {scheduler_job.py:629} INFO - Processing file /home/airflow/.local/lib/python3.6/site-packages/airflow/example_dags/example_kubernetes_executor_config.py for tasks to queue
[2021-05-16 05:29:16,443] {logging_mixin.py:104} INFO - [2021-05-16 05:29:16,443] {dagbag.py:451} INFO - Filling up the DagBag from /home/airflow/.local/lib/python3.6/site-packages/airflow/example_dags/example_kubernetes_executor_config.py
[2021-05-16 05:29:16,550] {scheduler_job.py:639} INFO - DAG(s) dict_keys(['example_kubernetes_executor_config']) retrieved from /home/airflow/.local/lib/python3.6/site-packages/airflow/example_dags/example_kubernetes_executor_config.py
[2021-05-16 05:29:16,749] {logging_mixin.py:104} INFO - [2021-05-16 05:29:16,749] {dag.py:1824} INFO - Sync 1 DAGs
[2021-05-16 05:29:16,790] {logging_mixin.py:104} INFO - [2021-05-16 05:29:16,790] {dag.py:2280} INFO - Setting next_dagrun for example_kubernetes_executor_config to None
[2021-05-16 05:29:16,836] {scheduler_job.py:190} INFO - Processing /home/airflow/.local/lib/python3.6/site-packages/airflow/example_dags/example_kubernetes_executor_config.py took 0.512 seconds
