[2021-05-16 05:18:28,546] {scheduler_job.py:182} INFO - Started process (PID=42) to work on /home/airflow/.local/lib/python3.6/site-packages/airflow/example_dags/example_trigger_controller_dag.py
[2021-05-16 05:18:28,560] {scheduler_job.py:629} INFO - Processing file /home/airflow/.local/lib/python3.6/site-packages/airflow/example_dags/example_trigger_controller_dag.py for tasks to queue
[2021-05-16 05:18:28,571] {logging_mixin.py:104} INFO - [2021-05-16 05:18:28,569] {dagbag.py:451} INFO - Filling up the DagBag from /home/airflow/.local/lib/python3.6/site-packages/airflow/example_dags/example_trigger_controller_dag.py
[2021-05-16 05:18:28,790] {scheduler_job.py:639} INFO - DAG(s) dict_keys(['example_trigger_controller_dag']) retrieved from /home/airflow/.local/lib/python3.6/site-packages/airflow/example_dags/example_trigger_controller_dag.py
[2021-05-16 05:18:29,046] {logging_mixin.py:104} INFO - [2021-05-16 05:18:29,046] {dag.py:1824} INFO - Sync 1 DAGs
[2021-05-16 05:18:29,148] {logging_mixin.py:104} INFO - [2021-05-16 05:18:29,147] {dag.py:1843} INFO - Creating ORM DAG for example_trigger_controller_dag
[2021-05-16 05:18:29,221] {logging_mixin.py:104} INFO - [2021-05-16 05:18:29,221] {dag.py:2280} INFO - Setting next_dagrun for example_trigger_controller_dag to 2021-05-14 00:00:00+00:00
[2021-05-16 05:18:29,391] {scheduler_job.py:190} INFO - Processing /home/airflow/.local/lib/python3.6/site-packages/airflow/example_dags/example_trigger_controller_dag.py took 0.888 seconds
[2021-05-16 05:18:59,883] {scheduler_job.py:182} INFO - Started process (PID=68) to work on /home/airflow/.local/lib/python3.6/site-packages/airflow/example_dags/example_trigger_controller_dag.py
[2021-05-16 05:18:59,892] {scheduler_job.py:629} INFO - Processing file /home/airflow/.local/lib/python3.6/site-packages/airflow/example_dags/example_trigger_controller_dag.py for tasks to queue
[2021-05-16 05:18:59,917] {logging_mixin.py:104} INFO - [2021-05-16 05:18:59,908] {dagbag.py:451} INFO - Filling up the DagBag from /home/airflow/.local/lib/python3.6/site-packages/airflow/example_dags/example_trigger_controller_dag.py
[2021-05-16 05:19:00,181] {scheduler_job.py:639} INFO - DAG(s) dict_keys(['example_trigger_controller_dag']) retrieved from /home/airflow/.local/lib/python3.6/site-packages/airflow/example_dags/example_trigger_controller_dag.py
[2021-05-16 05:19:00,381] {logging_mixin.py:104} INFO - [2021-05-16 05:19:00,381] {dag.py:1824} INFO - Sync 1 DAGs
[2021-05-16 05:19:00,582] {logging_mixin.py:104} INFO - [2021-05-16 05:19:00,582] {dag.py:2280} INFO - Setting next_dagrun for example_trigger_controller_dag to 2021-05-14 00:00:00+00:00
[2021-05-16 05:19:00,602] {scheduler_job.py:190} INFO - Processing /home/airflow/.local/lib/python3.6/site-packages/airflow/example_dags/example_trigger_controller_dag.py took 0.815 seconds
[2021-05-16 05:19:30,779] {scheduler_job.py:182} INFO - Started process (PID=94) to work on /home/airflow/.local/lib/python3.6/site-packages/airflow/example_dags/example_trigger_controller_dag.py
[2021-05-16 05:19:30,783] {scheduler_job.py:629} INFO - Processing file /home/airflow/.local/lib/python3.6/site-packages/airflow/example_dags/example_trigger_controller_dag.py for tasks to queue
[2021-05-16 05:19:30,785] {logging_mixin.py:104} INFO - [2021-05-16 05:19:30,785] {dagbag.py:451} INFO - Filling up the DagBag from /home/airflow/.local/lib/python3.6/site-packages/airflow/example_dags/example_trigger_controller_dag.py
[2021-05-16 05:19:30,807] {scheduler_job.py:639} INFO - DAG(s) dict_keys(['example_trigger_controller_dag']) retrieved from /home/airflow/.local/lib/python3.6/site-packages/airflow/example_dags/example_trigger_controller_dag.py
[2021-05-16 05:19:30,843] {logging_mixin.py:104} INFO - [2021-05-16 05:19:30,843] {dag.py:1824} INFO - Sync 1 DAGs
[2021-05-16 05:19:30,882] {logging_mixin.py:104} INFO - [2021-05-16 05:19:30,882] {dag.py:2280} INFO - Setting next_dagrun for example_trigger_controller_dag to 2021-05-14 00:00:00+00:00
[2021-05-16 05:19:30,902] {scheduler_job.py:190} INFO - Processing /home/airflow/.local/lib/python3.6/site-packages/airflow/example_dags/example_trigger_controller_dag.py took 0.128 seconds
[2021-05-16 05:20:01,374] {scheduler_job.py:182} INFO - Started process (PID=120) to work on /home/airflow/.local/lib/python3.6/site-packages/airflow/example_dags/example_trigger_controller_dag.py
[2021-05-16 05:20:01,383] {scheduler_job.py:629} INFO - Processing file /home/airflow/.local/lib/python3.6/site-packages/airflow/example_dags/example_trigger_controller_dag.py for tasks to queue
[2021-05-16 05:20:01,387] {logging_mixin.py:104} INFO - [2021-05-16 05:20:01,387] {dagbag.py:451} INFO - Filling up the DagBag from /home/airflow/.local/lib/python3.6/site-packages/airflow/example_dags/example_trigger_controller_dag.py
[2021-05-16 05:20:01,473] {scheduler_job.py:639} INFO - DAG(s) dict_keys(['example_trigger_controller_dag']) retrieved from /home/airflow/.local/lib/python3.6/site-packages/airflow/example_dags/example_trigger_controller_dag.py
[2021-05-16 05:20:01,531] {logging_mixin.py:104} INFO - [2021-05-16 05:20:01,531] {dag.py:1824} INFO - Sync 1 DAGs
[2021-05-16 05:20:01,660] {logging_mixin.py:104} INFO - [2021-05-16 05:20:01,658] {dag.py:2280} INFO - Setting next_dagrun for example_trigger_controller_dag to 2021-05-14 00:00:00+00:00
[2021-05-16 05:20:01,732] {scheduler_job.py:190} INFO - Processing /home/airflow/.local/lib/python3.6/site-packages/airflow/example_dags/example_trigger_controller_dag.py took 0.366 seconds
[2021-05-16 05:20:32,617] {scheduler_job.py:182} INFO - Started process (PID=146) to work on /home/airflow/.local/lib/python3.6/site-packages/airflow/example_dags/example_trigger_controller_dag.py
[2021-05-16 05:20:32,621] {scheduler_job.py:629} INFO - Processing file /home/airflow/.local/lib/python3.6/site-packages/airflow/example_dags/example_trigger_controller_dag.py for tasks to queue
[2021-05-16 05:20:32,623] {logging_mixin.py:104} INFO - [2021-05-16 05:20:32,622] {dagbag.py:451} INFO - Filling up the DagBag from /home/airflow/.local/lib/python3.6/site-packages/airflow/example_dags/example_trigger_controller_dag.py
[2021-05-16 05:20:32,649] {scheduler_job.py:639} INFO - DAG(s) dict_keys(['example_trigger_controller_dag']) retrieved from /home/airflow/.local/lib/python3.6/site-packages/airflow/example_dags/example_trigger_controller_dag.py
[2021-05-16 05:20:32,691] {logging_mixin.py:104} INFO - [2021-05-16 05:20:32,690] {dag.py:1824} INFO - Sync 1 DAGs
[2021-05-16 05:20:32,732] {logging_mixin.py:104} INFO - [2021-05-16 05:20:32,732] {dag.py:2280} INFO - Setting next_dagrun for example_trigger_controller_dag to 2021-05-14 00:00:00+00:00
[2021-05-16 05:20:32,749] {scheduler_job.py:190} INFO - Processing /home/airflow/.local/lib/python3.6/site-packages/airflow/example_dags/example_trigger_controller_dag.py took 0.141 seconds
[2021-05-16 05:21:03,187] {scheduler_job.py:182} INFO - Started process (PID=172) to work on /home/airflow/.local/lib/python3.6/site-packages/airflow/example_dags/example_trigger_controller_dag.py
[2021-05-16 05:21:03,194] {scheduler_job.py:629} INFO - Processing file /home/airflow/.local/lib/python3.6/site-packages/airflow/example_dags/example_trigger_controller_dag.py for tasks to queue
[2021-05-16 05:21:03,199] {logging_mixin.py:104} INFO - [2021-05-16 05:21:03,199] {dagbag.py:451} INFO - Filling up the DagBag from /home/airflow/.local/lib/python3.6/site-packages/airflow/example_dags/example_trigger_controller_dag.py
[2021-05-16 05:21:03,234] {scheduler_job.py:639} INFO - DAG(s) dict_keys(['example_trigger_controller_dag']) retrieved from /home/airflow/.local/lib/python3.6/site-packages/airflow/example_dags/example_trigger_controller_dag.py
[2021-05-16 05:21:03,285] {logging_mixin.py:104} INFO - [2021-05-16 05:21:03,284] {dag.py:1824} INFO - Sync 1 DAGs
[2021-05-16 05:21:03,326] {logging_mixin.py:104} INFO - [2021-05-16 05:21:03,326] {dag.py:2280} INFO - Setting next_dagrun for example_trigger_controller_dag to 2021-05-14 00:00:00+00:00
[2021-05-16 05:21:03,352] {scheduler_job.py:190} INFO - Processing /home/airflow/.local/lib/python3.6/site-packages/airflow/example_dags/example_trigger_controller_dag.py took 0.175 seconds
[2021-05-16 05:21:33,904] {scheduler_job.py:182} INFO - Started process (PID=198) to work on /home/airflow/.local/lib/python3.6/site-packages/airflow/example_dags/example_trigger_controller_dag.py
[2021-05-16 05:21:33,912] {scheduler_job.py:629} INFO - Processing file /home/airflow/.local/lib/python3.6/site-packages/airflow/example_dags/example_trigger_controller_dag.py for tasks to queue
[2021-05-16 05:21:33,916] {logging_mixin.py:104} INFO - [2021-05-16 05:21:33,916] {dagbag.py:451} INFO - Filling up the DagBag from /home/airflow/.local/lib/python3.6/site-packages/airflow/example_dags/example_trigger_controller_dag.py
[2021-05-16 05:21:33,948] {scheduler_job.py:639} INFO - DAG(s) dict_keys(['example_trigger_controller_dag']) retrieved from /home/airflow/.local/lib/python3.6/site-packages/airflow/example_dags/example_trigger_controller_dag.py
[2021-05-16 05:21:33,996] {logging_mixin.py:104} INFO - [2021-05-16 05:21:33,996] {dag.py:1824} INFO - Sync 1 DAGs
[2021-05-16 05:21:34,066] {logging_mixin.py:104} INFO - [2021-05-16 05:21:34,066] {dag.py:2280} INFO - Setting next_dagrun for example_trigger_controller_dag to 2021-05-14 00:00:00+00:00
[2021-05-16 05:21:34,103] {scheduler_job.py:190} INFO - Processing /home/airflow/.local/lib/python3.6/site-packages/airflow/example_dags/example_trigger_controller_dag.py took 0.226 seconds
[2021-05-16 05:22:04,603] {scheduler_job.py:182} INFO - Started process (PID=224) to work on /home/airflow/.local/lib/python3.6/site-packages/airflow/example_dags/example_trigger_controller_dag.py
[2021-05-16 05:22:04,612] {scheduler_job.py:629} INFO - Processing file /home/airflow/.local/lib/python3.6/site-packages/airflow/example_dags/example_trigger_controller_dag.py for tasks to queue
[2021-05-16 05:22:04,617] {logging_mixin.py:104} INFO - [2021-05-16 05:22:04,617] {dagbag.py:451} INFO - Filling up the DagBag from /home/airflow/.local/lib/python3.6/site-packages/airflow/example_dags/example_trigger_controller_dag.py
[2021-05-16 05:22:04,653] {scheduler_job.py:639} INFO - DAG(s) dict_keys(['example_trigger_controller_dag']) retrieved from /home/airflow/.local/lib/python3.6/site-packages/airflow/example_dags/example_trigger_controller_dag.py
[2021-05-16 05:22:04,708] {logging_mixin.py:104} INFO - [2021-05-16 05:22:04,708] {dag.py:1824} INFO - Sync 1 DAGs
[2021-05-16 05:22:04,809] {logging_mixin.py:104} INFO - [2021-05-16 05:22:04,808] {dag.py:2280} INFO - Setting next_dagrun for example_trigger_controller_dag to 2021-05-14 00:00:00+00:00
[2021-05-16 05:22:04,842] {scheduler_job.py:190} INFO - Processing /home/airflow/.local/lib/python3.6/site-packages/airflow/example_dags/example_trigger_controller_dag.py took 0.250 seconds
[2021-05-16 05:22:35,264] {scheduler_job.py:182} INFO - Started process (PID=250) to work on /home/airflow/.local/lib/python3.6/site-packages/airflow/example_dags/example_trigger_controller_dag.py
[2021-05-16 05:22:35,269] {scheduler_job.py:629} INFO - Processing file /home/airflow/.local/lib/python3.6/site-packages/airflow/example_dags/example_trigger_controller_dag.py for tasks to queue
[2021-05-16 05:22:35,276] {logging_mixin.py:104} INFO - [2021-05-16 05:22:35,275] {dagbag.py:451} INFO - Filling up the DagBag from /home/airflow/.local/lib/python3.6/site-packages/airflow/example_dags/example_trigger_controller_dag.py
[2021-05-16 05:22:35,309] {scheduler_job.py:639} INFO - DAG(s) dict_keys(['example_trigger_controller_dag']) retrieved from /home/airflow/.local/lib/python3.6/site-packages/airflow/example_dags/example_trigger_controller_dag.py
[2021-05-16 05:22:35,429] {logging_mixin.py:104} INFO - [2021-05-16 05:22:35,429] {dag.py:1824} INFO - Sync 1 DAGs
[2021-05-16 05:22:35,635] {logging_mixin.py:104} INFO - [2021-05-16 05:22:35,635] {dag.py:2280} INFO - Setting next_dagrun for example_trigger_controller_dag to 2021-05-14 00:00:00+00:00
[2021-05-16 05:22:35,700] {scheduler_job.py:190} INFO - Processing /home/airflow/.local/lib/python3.6/site-packages/airflow/example_dags/example_trigger_controller_dag.py took 0.445 seconds
[2021-05-16 05:23:06,727] {scheduler_job.py:182} INFO - Started process (PID=276) to work on /home/airflow/.local/lib/python3.6/site-packages/airflow/example_dags/example_trigger_controller_dag.py
[2021-05-16 05:23:06,734] {scheduler_job.py:629} INFO - Processing file /home/airflow/.local/lib/python3.6/site-packages/airflow/example_dags/example_trigger_controller_dag.py for tasks to queue
[2021-05-16 05:23:06,741] {logging_mixin.py:104} INFO - [2021-05-16 05:23:06,739] {dagbag.py:451} INFO - Filling up the DagBag from /home/airflow/.local/lib/python3.6/site-packages/airflow/example_dags/example_trigger_controller_dag.py
[2021-05-16 05:23:06,790] {scheduler_job.py:639} INFO - DAG(s) dict_keys(['example_trigger_controller_dag']) retrieved from /home/airflow/.local/lib/python3.6/site-packages/airflow/example_dags/example_trigger_controller_dag.py
[2021-05-16 05:23:06,859] {logging_mixin.py:104} INFO - [2021-05-16 05:23:06,859] {dag.py:1824} INFO - Sync 1 DAGs
[2021-05-16 05:23:06,947] {logging_mixin.py:104} INFO - [2021-05-16 05:23:06,945] {dag.py:2280} INFO - Setting next_dagrun for example_trigger_controller_dag to 2021-05-14 00:00:00+00:00
[2021-05-16 05:23:06,991] {scheduler_job.py:190} INFO - Processing /home/airflow/.local/lib/python3.6/site-packages/airflow/example_dags/example_trigger_controller_dag.py took 0.280 seconds
[2021-05-16 05:23:37,308] {scheduler_job.py:182} INFO - Started process (PID=302) to work on /home/airflow/.local/lib/python3.6/site-packages/airflow/example_dags/example_trigger_controller_dag.py
[2021-05-16 05:23:37,311] {scheduler_job.py:629} INFO - Processing file /home/airflow/.local/lib/python3.6/site-packages/airflow/example_dags/example_trigger_controller_dag.py for tasks to queue
[2021-05-16 05:23:37,315] {logging_mixin.py:104} INFO - [2021-05-16 05:23:37,315] {dagbag.py:451} INFO - Filling up the DagBag from /home/airflow/.local/lib/python3.6/site-packages/airflow/example_dags/example_trigger_controller_dag.py
[2021-05-16 05:23:37,351] {scheduler_job.py:639} INFO - DAG(s) dict_keys(['example_trigger_controller_dag']) retrieved from /home/airflow/.local/lib/python3.6/site-packages/airflow/example_dags/example_trigger_controller_dag.py
[2021-05-16 05:23:37,394] {logging_mixin.py:104} INFO - [2021-05-16 05:23:37,394] {dag.py:1824} INFO - Sync 1 DAGs
[2021-05-16 05:23:37,433] {logging_mixin.py:104} INFO - [2021-05-16 05:23:37,433] {dag.py:2280} INFO - Setting next_dagrun for example_trigger_controller_dag to 2021-05-14 00:00:00+00:00
[2021-05-16 05:23:37,459] {scheduler_job.py:190} INFO - Processing /home/airflow/.local/lib/python3.6/site-packages/airflow/example_dags/example_trigger_controller_dag.py took 0.167 seconds
[2021-05-16 05:24:08,297] {scheduler_job.py:182} INFO - Started process (PID=328) to work on /home/airflow/.local/lib/python3.6/site-packages/airflow/example_dags/example_trigger_controller_dag.py
[2021-05-16 05:24:08,388] {scheduler_job.py:629} INFO - Processing file /home/airflow/.local/lib/python3.6/site-packages/airflow/example_dags/example_trigger_controller_dag.py for tasks to queue
[2021-05-16 05:24:08,396] {logging_mixin.py:104} INFO - [2021-05-16 05:24:08,395] {dagbag.py:451} INFO - Filling up the DagBag from /home/airflow/.local/lib/python3.6/site-packages/airflow/example_dags/example_trigger_controller_dag.py
[2021-05-16 05:24:08,498] {scheduler_job.py:639} INFO - DAG(s) dict_keys(['example_trigger_controller_dag']) retrieved from /home/airflow/.local/lib/python3.6/site-packages/airflow/example_dags/example_trigger_controller_dag.py
[2021-05-16 05:24:08,634] {logging_mixin.py:104} INFO - [2021-05-16 05:24:08,634] {dag.py:1824} INFO - Sync 1 DAGs
[2021-05-16 05:24:08,784] {logging_mixin.py:104} INFO - [2021-05-16 05:24:08,783] {dag.py:2280} INFO - Setting next_dagrun for example_trigger_controller_dag to 2021-05-14 00:00:00+00:00
[2021-05-16 05:24:08,859] {scheduler_job.py:190} INFO - Processing /home/airflow/.local/lib/python3.6/site-packages/airflow/example_dags/example_trigger_controller_dag.py took 0.710 seconds
[2021-05-16 05:24:40,490] {scheduler_job.py:182} INFO - Started process (PID=355) to work on /home/airflow/.local/lib/python3.6/site-packages/airflow/example_dags/example_trigger_controller_dag.py
[2021-05-16 05:24:40,498] {scheduler_job.py:629} INFO - Processing file /home/airflow/.local/lib/python3.6/site-packages/airflow/example_dags/example_trigger_controller_dag.py for tasks to queue
[2021-05-16 05:24:40,501] {logging_mixin.py:104} INFO - [2021-05-16 05:24:40,500] {dagbag.py:451} INFO - Filling up the DagBag from /home/airflow/.local/lib/python3.6/site-packages/airflow/example_dags/example_trigger_controller_dag.py
[2021-05-16 05:24:40,650] {scheduler_job.py:639} INFO - DAG(s) dict_keys(['example_trigger_controller_dag']) retrieved from /home/airflow/.local/lib/python3.6/site-packages/airflow/example_dags/example_trigger_controller_dag.py
[2021-05-16 05:24:40,796] {logging_mixin.py:104} INFO - [2021-05-16 05:24:40,795] {dag.py:1824} INFO - Sync 1 DAGs
[2021-05-16 05:24:40,962] {logging_mixin.py:104} INFO - [2021-05-16 05:24:40,961] {dag.py:2280} INFO - Setting next_dagrun for example_trigger_controller_dag to 2021-05-14 00:00:00+00:00
[2021-05-16 05:24:41,073] {scheduler_job.py:190} INFO - Processing /home/airflow/.local/lib/python3.6/site-packages/airflow/example_dags/example_trigger_controller_dag.py took 0.606 seconds
[2021-05-16 05:27:45,995] {scheduler_job.py:182} INFO - Started process (PID=29) to work on /home/airflow/.local/lib/python3.6/site-packages/airflow/example_dags/example_trigger_controller_dag.py
[2021-05-16 05:27:46,001] {scheduler_job.py:629} INFO - Processing file /home/airflow/.local/lib/python3.6/site-packages/airflow/example_dags/example_trigger_controller_dag.py for tasks to queue
[2021-05-16 05:27:46,013] {logging_mixin.py:104} INFO - [2021-05-16 05:27:46,013] {dagbag.py:451} INFO - Filling up the DagBag from /home/airflow/.local/lib/python3.6/site-packages/airflow/example_dags/example_trigger_controller_dag.py
[2021-05-16 05:27:46,110] {scheduler_job.py:639} INFO - DAG(s) dict_keys(['example_trigger_controller_dag']) retrieved from /home/airflow/.local/lib/python3.6/site-packages/airflow/example_dags/example_trigger_controller_dag.py
[2021-05-16 05:27:46,198] {logging_mixin.py:104} INFO - [2021-05-16 05:27:46,197] {dag.py:1824} INFO - Sync 1 DAGs
[2021-05-16 05:27:46,284] {logging_mixin.py:104} INFO - [2021-05-16 05:27:46,284] {dag.py:2280} INFO - Setting next_dagrun for example_trigger_controller_dag to 2021-05-14 00:00:00+00:00
[2021-05-16 05:27:46,333] {scheduler_job.py:190} INFO - Processing /home/airflow/.local/lib/python3.6/site-packages/airflow/example_dags/example_trigger_controller_dag.py took 0.361 seconds
[2021-05-16 05:28:16,759] {scheduler_job.py:182} INFO - Started process (PID=54) to work on /home/airflow/.local/lib/python3.6/site-packages/airflow/example_dags/example_trigger_controller_dag.py
[2021-05-16 05:28:16,762] {scheduler_job.py:629} INFO - Processing file /home/airflow/.local/lib/python3.6/site-packages/airflow/example_dags/example_trigger_controller_dag.py for tasks to queue
[2021-05-16 05:28:16,765] {logging_mixin.py:104} INFO - [2021-05-16 05:28:16,765] {dagbag.py:451} INFO - Filling up the DagBag from /home/airflow/.local/lib/python3.6/site-packages/airflow/example_dags/example_trigger_controller_dag.py
[2021-05-16 05:28:16,833] {scheduler_job.py:639} INFO - DAG(s) dict_keys(['example_trigger_controller_dag']) retrieved from /home/airflow/.local/lib/python3.6/site-packages/airflow/example_dags/example_trigger_controller_dag.py
[2021-05-16 05:28:16,970] {logging_mixin.py:104} INFO - [2021-05-16 05:28:16,970] {dag.py:1824} INFO - Sync 1 DAGs
[2021-05-16 05:28:17,062] {logging_mixin.py:104} INFO - [2021-05-16 05:28:17,059] {dag.py:2280} INFO - Setting next_dagrun for example_trigger_controller_dag to 2021-05-14 00:00:00+00:00
[2021-05-16 05:28:17,122] {scheduler_job.py:190} INFO - Processing /home/airflow/.local/lib/python3.6/site-packages/airflow/example_dags/example_trigger_controller_dag.py took 0.388 seconds
[2021-05-16 05:29:15,095] {scheduler_job.py:182} INFO - Started process (PID=80) to work on /home/airflow/.local/lib/python3.6/site-packages/airflow/example_dags/example_trigger_controller_dag.py
[2021-05-16 05:29:15,102] {scheduler_job.py:629} INFO - Processing file /home/airflow/.local/lib/python3.6/site-packages/airflow/example_dags/example_trigger_controller_dag.py for tasks to queue
[2021-05-16 05:29:15,105] {logging_mixin.py:104} INFO - [2021-05-16 05:29:15,105] {dagbag.py:451} INFO - Filling up the DagBag from /home/airflow/.local/lib/python3.6/site-packages/airflow/example_dags/example_trigger_controller_dag.py
[2021-05-16 05:29:15,240] {scheduler_job.py:639} INFO - DAG(s) dict_keys(['example_trigger_controller_dag']) retrieved from /home/airflow/.local/lib/python3.6/site-packages/airflow/example_dags/example_trigger_controller_dag.py
[2021-05-16 05:29:15,498] {logging_mixin.py:104} INFO - [2021-05-16 05:29:15,498] {dag.py:1824} INFO - Sync 1 DAGs
[2021-05-16 05:29:15,570] {logging_mixin.py:104} INFO - [2021-05-16 05:29:15,570] {dag.py:2280} INFO - Setting next_dagrun for example_trigger_controller_dag to 2021-05-14 00:00:00+00:00
[2021-05-16 05:29:15,661] {scheduler_job.py:190} INFO - Processing /home/airflow/.local/lib/python3.6/site-packages/airflow/example_dags/example_trigger_controller_dag.py took 0.587 seconds
