[2021-05-16 05:18:22,494] {scheduler_job.py:182} INFO - Started process (PID=30) to work on /home/airflow/.local/lib/python3.6/site-packages/airflow/example_dags/example_xcom.py
[2021-05-16 05:18:22,523] {scheduler_job.py:629} INFO - Processing file /home/airflow/.local/lib/python3.6/site-packages/airflow/example_dags/example_xcom.py for tasks to queue
[2021-05-16 05:18:22,527] {logging_mixin.py:104} INFO - [2021-05-16 05:18:22,526] {dagbag.py:451} INFO - Filling up the DagBag from /home/airflow/.local/lib/python3.6/site-packages/airflow/example_dags/example_xcom.py
[2021-05-16 05:18:22,693] {scheduler_job.py:639} INFO - DAG(s) dict_keys(['example_xcom']) retrieved from /home/airflow/.local/lib/python3.6/site-packages/airflow/example_dags/example_xcom.py
[2021-05-16 05:18:23,045] {logging_mixin.py:104} INFO - [2021-05-16 05:18:23,045] {dag.py:1824} INFO - Sync 1 DAGs
[2021-05-16 05:18:23,178] {logging_mixin.py:104} INFO - [2021-05-16 05:18:23,178] {dag.py:1843} INFO - Creating ORM DAG for example_xcom
[2021-05-16 05:18:23,224] {logging_mixin.py:104} INFO - [2021-05-16 05:18:23,224] {dag.py:2280} INFO - Setting next_dagrun for example_xcom to 2021-05-14 00:00:00+00:00
[2021-05-16 05:18:23,352] {scheduler_job.py:190} INFO - Processing /home/airflow/.local/lib/python3.6/site-packages/airflow/example_dags/example_xcom.py took 0.877 seconds
[2021-05-16 05:18:54,060] {scheduler_job.py:182} INFO - Started process (PID=57) to work on /home/airflow/.local/lib/python3.6/site-packages/airflow/example_dags/example_xcom.py
[2021-05-16 05:18:54,073] {scheduler_job.py:629} INFO - Processing file /home/airflow/.local/lib/python3.6/site-packages/airflow/example_dags/example_xcom.py for tasks to queue
[2021-05-16 05:18:54,082] {logging_mixin.py:104} INFO - [2021-05-16 05:18:54,082] {dagbag.py:451} INFO - Filling up the DagBag from /home/airflow/.local/lib/python3.6/site-packages/airflow/example_dags/example_xcom.py
[2021-05-16 05:18:54,266] {scheduler_job.py:639} INFO - DAG(s) dict_keys(['example_xcom']) retrieved from /home/airflow/.local/lib/python3.6/site-packages/airflow/example_dags/example_xcom.py
[2021-05-16 05:18:54,473] {logging_mixin.py:104} INFO - [2021-05-16 05:18:54,472] {dag.py:1824} INFO - Sync 1 DAGs
[2021-05-16 05:18:54,630] {logging_mixin.py:104} INFO - [2021-05-16 05:18:54,630] {dag.py:2280} INFO - Setting next_dagrun for example_xcom to 2021-05-14 00:00:00+00:00
[2021-05-16 05:18:54,678] {scheduler_job.py:190} INFO - Processing /home/airflow/.local/lib/python3.6/site-packages/airflow/example_dags/example_xcom.py took 0.649 seconds
[2021-05-16 05:19:25,498] {scheduler_job.py:182} INFO - Started process (PID=84) to work on /home/airflow/.local/lib/python3.6/site-packages/airflow/example_dags/example_xcom.py
[2021-05-16 05:19:25,503] {scheduler_job.py:629} INFO - Processing file /home/airflow/.local/lib/python3.6/site-packages/airflow/example_dags/example_xcom.py for tasks to queue
[2021-05-16 05:19:25,506] {logging_mixin.py:104} INFO - [2021-05-16 05:19:25,505] {dagbag.py:451} INFO - Filling up the DagBag from /home/airflow/.local/lib/python3.6/site-packages/airflow/example_dags/example_xcom.py
[2021-05-16 05:19:25,547] {scheduler_job.py:639} INFO - DAG(s) dict_keys(['example_xcom']) retrieved from /home/airflow/.local/lib/python3.6/site-packages/airflow/example_dags/example_xcom.py
[2021-05-16 05:19:25,620] {logging_mixin.py:104} INFO - [2021-05-16 05:19:25,619] {dag.py:1824} INFO - Sync 1 DAGs
[2021-05-16 05:19:25,754] {logging_mixin.py:104} INFO - [2021-05-16 05:19:25,754] {dag.py:2280} INFO - Setting next_dagrun for example_xcom to 2021-05-14 00:00:00+00:00
[2021-05-16 05:19:25,814] {scheduler_job.py:190} INFO - Processing /home/airflow/.local/lib/python3.6/site-packages/airflow/example_dags/example_xcom.py took 0.329 seconds
[2021-05-16 05:19:55,893] {scheduler_job.py:182} INFO - Started process (PID=109) to work on /home/airflow/.local/lib/python3.6/site-packages/airflow/example_dags/example_xcom.py
[2021-05-16 05:19:55,898] {scheduler_job.py:629} INFO - Processing file /home/airflow/.local/lib/python3.6/site-packages/airflow/example_dags/example_xcom.py for tasks to queue
[2021-05-16 05:19:55,901] {logging_mixin.py:104} INFO - [2021-05-16 05:19:55,901] {dagbag.py:451} INFO - Filling up the DagBag from /home/airflow/.local/lib/python3.6/site-packages/airflow/example_dags/example_xcom.py
[2021-05-16 05:19:55,923] {scheduler_job.py:639} INFO - DAG(s) dict_keys(['example_xcom']) retrieved from /home/airflow/.local/lib/python3.6/site-packages/airflow/example_dags/example_xcom.py
[2021-05-16 05:19:55,958] {logging_mixin.py:104} INFO - [2021-05-16 05:19:55,958] {dag.py:1824} INFO - Sync 1 DAGs
[2021-05-16 05:19:55,987] {logging_mixin.py:104} INFO - [2021-05-16 05:19:55,987] {dag.py:2280} INFO - Setting next_dagrun for example_xcom to 2021-05-14 00:00:00+00:00
[2021-05-16 05:19:56,008] {scheduler_job.py:190} INFO - Processing /home/airflow/.local/lib/python3.6/site-packages/airflow/example_dags/example_xcom.py took 0.124 seconds
[2021-05-16 05:20:26,093] {scheduler_job.py:182} INFO - Started process (PID=135) to work on /home/airflow/.local/lib/python3.6/site-packages/airflow/example_dags/example_xcom.py
[2021-05-16 05:20:26,097] {scheduler_job.py:629} INFO - Processing file /home/airflow/.local/lib/python3.6/site-packages/airflow/example_dags/example_xcom.py for tasks to queue
[2021-05-16 05:20:26,101] {logging_mixin.py:104} INFO - [2021-05-16 05:20:26,100] {dagbag.py:451} INFO - Filling up the DagBag from /home/airflow/.local/lib/python3.6/site-packages/airflow/example_dags/example_xcom.py
[2021-05-16 05:20:26,131] {scheduler_job.py:639} INFO - DAG(s) dict_keys(['example_xcom']) retrieved from /home/airflow/.local/lib/python3.6/site-packages/airflow/example_dags/example_xcom.py
[2021-05-16 05:20:26,180] {logging_mixin.py:104} INFO - [2021-05-16 05:20:26,180] {dag.py:1824} INFO - Sync 1 DAGs
[2021-05-16 05:20:26,217] {logging_mixin.py:104} INFO - [2021-05-16 05:20:26,217] {dag.py:2280} INFO - Setting next_dagrun for example_xcom to 2021-05-14 00:00:00+00:00
[2021-05-16 05:20:26,245] {scheduler_job.py:190} INFO - Processing /home/airflow/.local/lib/python3.6/site-packages/airflow/example_dags/example_xcom.py took 0.161 seconds
[2021-05-16 05:20:56,551] {scheduler_job.py:182} INFO - Started process (PID=162) to work on /home/airflow/.local/lib/python3.6/site-packages/airflow/example_dags/example_xcom.py
[2021-05-16 05:20:56,557] {scheduler_job.py:629} INFO - Processing file /home/airflow/.local/lib/python3.6/site-packages/airflow/example_dags/example_xcom.py for tasks to queue
[2021-05-16 05:20:56,560] {logging_mixin.py:104} INFO - [2021-05-16 05:20:56,559] {dagbag.py:451} INFO - Filling up the DagBag from /home/airflow/.local/lib/python3.6/site-packages/airflow/example_dags/example_xcom.py
[2021-05-16 05:20:56,598] {scheduler_job.py:639} INFO - DAG(s) dict_keys(['example_xcom']) retrieved from /home/airflow/.local/lib/python3.6/site-packages/airflow/example_dags/example_xcom.py
[2021-05-16 05:20:56,664] {logging_mixin.py:104} INFO - [2021-05-16 05:20:56,664] {dag.py:1824} INFO - Sync 1 DAGs
[2021-05-16 05:20:56,698] {logging_mixin.py:104} INFO - [2021-05-16 05:20:56,698] {dag.py:2280} INFO - Setting next_dagrun for example_xcom to 2021-05-14 00:00:00+00:00
[2021-05-16 05:20:56,720] {scheduler_job.py:190} INFO - Processing /home/airflow/.local/lib/python3.6/site-packages/airflow/example_dags/example_xcom.py took 0.181 seconds
[2021-05-16 05:21:27,651] {scheduler_job.py:182} INFO - Started process (PID=188) to work on /home/airflow/.local/lib/python3.6/site-packages/airflow/example_dags/example_xcom.py
[2021-05-16 05:21:27,656] {scheduler_job.py:629} INFO - Processing file /home/airflow/.local/lib/python3.6/site-packages/airflow/example_dags/example_xcom.py for tasks to queue
[2021-05-16 05:21:27,661] {logging_mixin.py:104} INFO - [2021-05-16 05:21:27,660] {dagbag.py:451} INFO - Filling up the DagBag from /home/airflow/.local/lib/python3.6/site-packages/airflow/example_dags/example_xcom.py
[2021-05-16 05:21:27,695] {scheduler_job.py:639} INFO - DAG(s) dict_keys(['example_xcom']) retrieved from /home/airflow/.local/lib/python3.6/site-packages/airflow/example_dags/example_xcom.py
[2021-05-16 05:21:27,759] {logging_mixin.py:104} INFO - [2021-05-16 05:21:27,759] {dag.py:1824} INFO - Sync 1 DAGs
[2021-05-16 05:21:27,794] {logging_mixin.py:104} INFO - [2021-05-16 05:21:27,794] {dag.py:2280} INFO - Setting next_dagrun for example_xcom to 2021-05-14 00:00:00+00:00
[2021-05-16 05:21:27,825] {scheduler_job.py:190} INFO - Processing /home/airflow/.local/lib/python3.6/site-packages/airflow/example_dags/example_xcom.py took 0.186 seconds
[2021-05-16 05:21:58,058] {scheduler_job.py:182} INFO - Started process (PID=214) to work on /home/airflow/.local/lib/python3.6/site-packages/airflow/example_dags/example_xcom.py
[2021-05-16 05:21:58,063] {scheduler_job.py:629} INFO - Processing file /home/airflow/.local/lib/python3.6/site-packages/airflow/example_dags/example_xcom.py for tasks to queue
[2021-05-16 05:21:58,066] {logging_mixin.py:104} INFO - [2021-05-16 05:21:58,066] {dagbag.py:451} INFO - Filling up the DagBag from /home/airflow/.local/lib/python3.6/site-packages/airflow/example_dags/example_xcom.py
[2021-05-16 05:21:58,096] {scheduler_job.py:639} INFO - DAG(s) dict_keys(['example_xcom']) retrieved from /home/airflow/.local/lib/python3.6/site-packages/airflow/example_dags/example_xcom.py
[2021-05-16 05:21:58,151] {logging_mixin.py:104} INFO - [2021-05-16 05:21:58,151] {dag.py:1824} INFO - Sync 1 DAGs
[2021-05-16 05:21:58,186] {logging_mixin.py:104} INFO - [2021-05-16 05:21:58,185] {dag.py:2280} INFO - Setting next_dagrun for example_xcom to 2021-05-14 00:00:00+00:00
[2021-05-16 05:21:58,212] {scheduler_job.py:190} INFO - Processing /home/airflow/.local/lib/python3.6/site-packages/airflow/example_dags/example_xcom.py took 0.162 seconds
[2021-05-16 05:22:28,472] {scheduler_job.py:182} INFO - Started process (PID=240) to work on /home/airflow/.local/lib/python3.6/site-packages/airflow/example_dags/example_xcom.py
[2021-05-16 05:22:28,478] {scheduler_job.py:629} INFO - Processing file /home/airflow/.local/lib/python3.6/site-packages/airflow/example_dags/example_xcom.py for tasks to queue
[2021-05-16 05:22:28,485] {logging_mixin.py:104} INFO - [2021-05-16 05:22:28,484] {dagbag.py:451} INFO - Filling up the DagBag from /home/airflow/.local/lib/python3.6/site-packages/airflow/example_dags/example_xcom.py
[2021-05-16 05:22:28,528] {scheduler_job.py:639} INFO - DAG(s) dict_keys(['example_xcom']) retrieved from /home/airflow/.local/lib/python3.6/site-packages/airflow/example_dags/example_xcom.py
[2021-05-16 05:22:28,688] {logging_mixin.py:104} INFO - [2021-05-16 05:22:28,687] {dag.py:1824} INFO - Sync 1 DAGs
[2021-05-16 05:22:28,784] {logging_mixin.py:104} INFO - [2021-05-16 05:22:28,783] {dag.py:2280} INFO - Setting next_dagrun for example_xcom to 2021-05-14 00:00:00+00:00
[2021-05-16 05:22:28,849] {scheduler_job.py:190} INFO - Processing /home/airflow/.local/lib/python3.6/site-packages/airflow/example_dags/example_xcom.py took 0.388 seconds
[2021-05-16 05:22:59,448] {scheduler_job.py:182} INFO - Started process (PID=266) to work on /home/airflow/.local/lib/python3.6/site-packages/airflow/example_dags/example_xcom.py
[2021-05-16 05:22:59,453] {scheduler_job.py:629} INFO - Processing file /home/airflow/.local/lib/python3.6/site-packages/airflow/example_dags/example_xcom.py for tasks to queue
[2021-05-16 05:22:59,462] {logging_mixin.py:104} INFO - [2021-05-16 05:22:59,461] {dagbag.py:451} INFO - Filling up the DagBag from /home/airflow/.local/lib/python3.6/site-packages/airflow/example_dags/example_xcom.py
[2021-05-16 05:22:59,526] {scheduler_job.py:639} INFO - DAG(s) dict_keys(['example_xcom']) retrieved from /home/airflow/.local/lib/python3.6/site-packages/airflow/example_dags/example_xcom.py
[2021-05-16 05:22:59,621] {logging_mixin.py:104} INFO - [2021-05-16 05:22:59,620] {dag.py:1824} INFO - Sync 1 DAGs
[2021-05-16 05:22:59,668] {logging_mixin.py:104} INFO - [2021-05-16 05:22:59,668] {dag.py:2280} INFO - Setting next_dagrun for example_xcom to 2021-05-14 00:00:00+00:00
[2021-05-16 05:22:59,688] {scheduler_job.py:190} INFO - Processing /home/airflow/.local/lib/python3.6/site-packages/airflow/example_dags/example_xcom.py took 0.252 seconds
[2021-05-16 05:23:30,115] {scheduler_job.py:182} INFO - Started process (PID=291) to work on /home/airflow/.local/lib/python3.6/site-packages/airflow/example_dags/example_xcom.py
[2021-05-16 05:23:30,119] {scheduler_job.py:629} INFO - Processing file /home/airflow/.local/lib/python3.6/site-packages/airflow/example_dags/example_xcom.py for tasks to queue
[2021-05-16 05:23:30,125] {logging_mixin.py:104} INFO - [2021-05-16 05:23:30,124] {dagbag.py:451} INFO - Filling up the DagBag from /home/airflow/.local/lib/python3.6/site-packages/airflow/example_dags/example_xcom.py
[2021-05-16 05:23:30,187] {scheduler_job.py:639} INFO - DAG(s) dict_keys(['example_xcom']) retrieved from /home/airflow/.local/lib/python3.6/site-packages/airflow/example_dags/example_xcom.py
[2021-05-16 05:23:30,270] {logging_mixin.py:104} INFO - [2021-05-16 05:23:30,270] {dag.py:1824} INFO - Sync 1 DAGs
[2021-05-16 05:23:30,328] {logging_mixin.py:104} INFO - [2021-05-16 05:23:30,328] {dag.py:2280} INFO - Setting next_dagrun for example_xcom to 2021-05-14 00:00:00+00:00
[2021-05-16 05:23:30,356] {scheduler_job.py:190} INFO - Processing /home/airflow/.local/lib/python3.6/site-packages/airflow/example_dags/example_xcom.py took 0.262 seconds
[2021-05-16 05:24:00,711] {scheduler_job.py:182} INFO - Started process (PID=316) to work on /home/airflow/.local/lib/python3.6/site-packages/airflow/example_dags/example_xcom.py
[2021-05-16 05:24:00,719] {scheduler_job.py:629} INFO - Processing file /home/airflow/.local/lib/python3.6/site-packages/airflow/example_dags/example_xcom.py for tasks to queue
[2021-05-16 05:24:00,721] {logging_mixin.py:104} INFO - [2021-05-16 05:24:00,721] {dagbag.py:451} INFO - Filling up the DagBag from /home/airflow/.local/lib/python3.6/site-packages/airflow/example_dags/example_xcom.py
[2021-05-16 05:24:00,802] {scheduler_job.py:639} INFO - DAG(s) dict_keys(['example_xcom']) retrieved from /home/airflow/.local/lib/python3.6/site-packages/airflow/example_dags/example_xcom.py
[2021-05-16 05:24:00,897] {logging_mixin.py:104} INFO - [2021-05-16 05:24:00,897] {dag.py:1824} INFO - Sync 1 DAGs
[2021-05-16 05:24:00,937] {logging_mixin.py:104} INFO - [2021-05-16 05:24:00,936] {dag.py:2280} INFO - Setting next_dagrun for example_xcom to 2021-05-14 00:00:00+00:00
[2021-05-16 05:24:00,971] {scheduler_job.py:190} INFO - Processing /home/airflow/.local/lib/python3.6/site-packages/airflow/example_dags/example_xcom.py took 0.266 seconds
[2021-05-16 05:24:31,376] {scheduler_job.py:182} INFO - Started process (PID=342) to work on /home/airflow/.local/lib/python3.6/site-packages/airflow/example_dags/example_xcom.py
[2021-05-16 05:24:31,382] {scheduler_job.py:629} INFO - Processing file /home/airflow/.local/lib/python3.6/site-packages/airflow/example_dags/example_xcom.py for tasks to queue
[2021-05-16 05:24:31,387] {logging_mixin.py:104} INFO - [2021-05-16 05:24:31,386] {dagbag.py:451} INFO - Filling up the DagBag from /home/airflow/.local/lib/python3.6/site-packages/airflow/example_dags/example_xcom.py
[2021-05-16 05:24:31,456] {scheduler_job.py:639} INFO - DAG(s) dict_keys(['example_xcom']) retrieved from /home/airflow/.local/lib/python3.6/site-packages/airflow/example_dags/example_xcom.py
[2021-05-16 05:24:31,542] {logging_mixin.py:104} INFO - [2021-05-16 05:24:31,542] {dag.py:1824} INFO - Sync 1 DAGs
[2021-05-16 05:24:31,629] {logging_mixin.py:104} INFO - [2021-05-16 05:24:31,628] {dag.py:2280} INFO - Setting next_dagrun for example_xcom to 2021-05-14 00:00:00+00:00
[2021-05-16 05:24:31,671] {scheduler_job.py:190} INFO - Processing /home/airflow/.local/lib/python3.6/site-packages/airflow/example_dags/example_xcom.py took 0.305 seconds
[2021-05-16 05:27:45,590] {scheduler_job.py:182} INFO - Started process (PID=28) to work on /home/airflow/.local/lib/python3.6/site-packages/airflow/example_dags/example_xcom.py
[2021-05-16 05:27:45,598] {scheduler_job.py:629} INFO - Processing file /home/airflow/.local/lib/python3.6/site-packages/airflow/example_dags/example_xcom.py for tasks to queue
[2021-05-16 05:27:45,609] {logging_mixin.py:104} INFO - [2021-05-16 05:27:45,607] {dagbag.py:451} INFO - Filling up the DagBag from /home/airflow/.local/lib/python3.6/site-packages/airflow/example_dags/example_xcom.py
[2021-05-16 05:27:45,709] {scheduler_job.py:639} INFO - DAG(s) dict_keys(['example_xcom']) retrieved from /home/airflow/.local/lib/python3.6/site-packages/airflow/example_dags/example_xcom.py
[2021-05-16 05:27:45,852] {logging_mixin.py:104} INFO - [2021-05-16 05:27:45,852] {dag.py:1824} INFO - Sync 1 DAGs
[2021-05-16 05:27:45,912] {logging_mixin.py:104} INFO - [2021-05-16 05:27:45,911] {dag.py:2280} INFO - Setting next_dagrun for example_xcom to 2021-05-14 00:00:00+00:00
[2021-05-16 05:27:45,962] {scheduler_job.py:190} INFO - Processing /home/airflow/.local/lib/python3.6/site-packages/airflow/example_dags/example_xcom.py took 0.387 seconds
[2021-05-16 05:28:16,680] {scheduler_job.py:182} INFO - Started process (PID=53) to work on /home/airflow/.local/lib/python3.6/site-packages/airflow/example_dags/example_xcom.py
[2021-05-16 05:28:16,686] {scheduler_job.py:629} INFO - Processing file /home/airflow/.local/lib/python3.6/site-packages/airflow/example_dags/example_xcom.py for tasks to queue
[2021-05-16 05:28:16,701] {logging_mixin.py:104} INFO - [2021-05-16 05:28:16,701] {dagbag.py:451} INFO - Filling up the DagBag from /home/airflow/.local/lib/python3.6/site-packages/airflow/example_dags/example_xcom.py
[2021-05-16 05:28:16,779] {scheduler_job.py:639} INFO - DAG(s) dict_keys(['example_xcom']) retrieved from /home/airflow/.local/lib/python3.6/site-packages/airflow/example_dags/example_xcom.py
[2021-05-16 05:28:16,876] {logging_mixin.py:104} INFO - [2021-05-16 05:28:16,876] {dag.py:1824} INFO - Sync 1 DAGs
[2021-05-16 05:28:16,976] {logging_mixin.py:104} INFO - [2021-05-16 05:28:16,975] {dag.py:2280} INFO - Setting next_dagrun for example_xcom to 2021-05-14 00:00:00+00:00
[2021-05-16 05:28:17,017] {scheduler_job.py:190} INFO - Processing /home/airflow/.local/lib/python3.6/site-packages/airflow/example_dags/example_xcom.py took 0.348 seconds
[2021-05-16 05:29:14,980] {scheduler_job.py:182} INFO - Started process (PID=79) to work on /home/airflow/.local/lib/python3.6/site-packages/airflow/example_dags/example_xcom.py
[2021-05-16 05:29:14,990] {scheduler_job.py:629} INFO - Processing file /home/airflow/.local/lib/python3.6/site-packages/airflow/example_dags/example_xcom.py for tasks to queue
[2021-05-16 05:29:15,019] {logging_mixin.py:104} INFO - [2021-05-16 05:29:15,011] {dagbag.py:451} INFO - Filling up the DagBag from /home/airflow/.local/lib/python3.6/site-packages/airflow/example_dags/example_xcom.py
[2021-05-16 05:29:15,242] {scheduler_job.py:639} INFO - DAG(s) dict_keys(['example_xcom']) retrieved from /home/airflow/.local/lib/python3.6/site-packages/airflow/example_dags/example_xcom.py
[2021-05-16 05:29:15,388] {logging_mixin.py:104} INFO - [2021-05-16 05:29:15,383] {dag.py:1824} INFO - Sync 1 DAGs
[2021-05-16 05:29:15,494] {logging_mixin.py:104} INFO - [2021-05-16 05:29:15,481] {dag.py:2280} INFO - Setting next_dagrun for example_xcom to 2021-05-14 00:00:00+00:00
[2021-05-16 05:29:15,549] {scheduler_job.py:190} INFO - Processing /home/airflow/.local/lib/python3.6/site-packages/airflow/example_dags/example_xcom.py took 0.631 seconds
