[2021-05-16 05:18:30,763] {scheduler_job.py:182} INFO - Started process (PID=45) to work on /home/airflow/.local/lib/python3.6/site-packages/airflow/example_dags/example_short_circuit_operator.py
[2021-05-16 05:18:30,782] {scheduler_job.py:629} INFO - Processing file /home/airflow/.local/lib/python3.6/site-packages/airflow/example_dags/example_short_circuit_operator.py for tasks to queue
[2021-05-16 05:18:30,809] {logging_mixin.py:104} INFO - [2021-05-16 05:18:30,809] {dagbag.py:451} INFO - Filling up the DagBag from /home/airflow/.local/lib/python3.6/site-packages/airflow/example_dags/example_short_circuit_operator.py
[2021-05-16 05:18:31,008] {scheduler_job.py:639} INFO - DAG(s) dict_keys(['example_short_circuit_operator']) retrieved from /home/airflow/.local/lib/python3.6/site-packages/airflow/example_dags/example_short_circuit_operator.py
[2021-05-16 05:18:31,244] {logging_mixin.py:104} INFO - [2021-05-16 05:18:31,244] {dag.py:1824} INFO - Sync 1 DAGs
[2021-05-16 05:18:31,330] {logging_mixin.py:104} INFO - [2021-05-16 05:18:31,330] {dag.py:1843} INFO - Creating ORM DAG for example_short_circuit_operator
[2021-05-16 05:18:31,390] {logging_mixin.py:104} INFO - [2021-05-16 05:18:31,390] {dag.py:2280} INFO - Setting next_dagrun for example_short_circuit_operator to 2021-05-14 00:00:00+00:00
[2021-05-16 05:18:31,505] {scheduler_job.py:190} INFO - Processing /home/airflow/.local/lib/python3.6/site-packages/airflow/example_dags/example_short_circuit_operator.py took 0.793 seconds
[2021-05-16 05:19:01,663] {scheduler_job.py:182} INFO - Started process (PID=71) to work on /home/airflow/.local/lib/python3.6/site-packages/airflow/example_dags/example_short_circuit_operator.py
[2021-05-16 05:19:01,669] {scheduler_job.py:629} INFO - Processing file /home/airflow/.local/lib/python3.6/site-packages/airflow/example_dags/example_short_circuit_operator.py for tasks to queue
[2021-05-16 05:19:01,675] {logging_mixin.py:104} INFO - [2021-05-16 05:19:01,675] {dagbag.py:451} INFO - Filling up the DagBag from /home/airflow/.local/lib/python3.6/site-packages/airflow/example_dags/example_short_circuit_operator.py
[2021-05-16 05:19:01,800] {scheduler_job.py:639} INFO - DAG(s) dict_keys(['example_short_circuit_operator']) retrieved from /home/airflow/.local/lib/python3.6/site-packages/airflow/example_dags/example_short_circuit_operator.py
[2021-05-16 05:19:01,929] {logging_mixin.py:104} INFO - [2021-05-16 05:19:01,929] {dag.py:1824} INFO - Sync 1 DAGs
[2021-05-16 05:19:02,021] {logging_mixin.py:104} INFO - [2021-05-16 05:19:02,021] {dag.py:2280} INFO - Setting next_dagrun for example_short_circuit_operator to 2021-05-14 00:00:00+00:00
[2021-05-16 05:19:02,137] {scheduler_job.py:190} INFO - Processing /home/airflow/.local/lib/python3.6/site-packages/airflow/example_dags/example_short_circuit_operator.py took 0.482 seconds
[2021-05-16 05:19:32,967] {scheduler_job.py:182} INFO - Started process (PID=97) to work on /home/airflow/.local/lib/python3.6/site-packages/airflow/example_dags/example_short_circuit_operator.py
[2021-05-16 05:19:32,971] {scheduler_job.py:629} INFO - Processing file /home/airflow/.local/lib/python3.6/site-packages/airflow/example_dags/example_short_circuit_operator.py for tasks to queue
[2021-05-16 05:19:32,981] {logging_mixin.py:104} INFO - [2021-05-16 05:19:32,980] {dagbag.py:451} INFO - Filling up the DagBag from /home/airflow/.local/lib/python3.6/site-packages/airflow/example_dags/example_short_circuit_operator.py
[2021-05-16 05:19:33,016] {scheduler_job.py:639} INFO - DAG(s) dict_keys(['example_short_circuit_operator']) retrieved from /home/airflow/.local/lib/python3.6/site-packages/airflow/example_dags/example_short_circuit_operator.py
[2021-05-16 05:19:33,106] {logging_mixin.py:104} INFO - [2021-05-16 05:19:33,106] {dag.py:1824} INFO - Sync 1 DAGs
[2021-05-16 05:19:33,175] {logging_mixin.py:104} INFO - [2021-05-16 05:19:33,175] {dag.py:2280} INFO - Setting next_dagrun for example_short_circuit_operator to 2021-05-14 00:00:00+00:00
[2021-05-16 05:19:33,267] {scheduler_job.py:190} INFO - Processing /home/airflow/.local/lib/python3.6/site-packages/airflow/example_dags/example_short_circuit_operator.py took 0.317 seconds
[2021-05-16 05:20:04,103] {scheduler_job.py:182} INFO - Started process (PID=123) to work on /home/airflow/.local/lib/python3.6/site-packages/airflow/example_dags/example_short_circuit_operator.py
[2021-05-16 05:20:04,126] {scheduler_job.py:629} INFO - Processing file /home/airflow/.local/lib/python3.6/site-packages/airflow/example_dags/example_short_circuit_operator.py for tasks to queue
[2021-05-16 05:20:04,129] {logging_mixin.py:104} INFO - [2021-05-16 05:20:04,129] {dagbag.py:451} INFO - Filling up the DagBag from /home/airflow/.local/lib/python3.6/site-packages/airflow/example_dags/example_short_circuit_operator.py
[2021-05-16 05:20:04,206] {scheduler_job.py:639} INFO - DAG(s) dict_keys(['example_short_circuit_operator']) retrieved from /home/airflow/.local/lib/python3.6/site-packages/airflow/example_dags/example_short_circuit_operator.py
[2021-05-16 05:20:04,306] {logging_mixin.py:104} INFO - [2021-05-16 05:20:04,306] {dag.py:1824} INFO - Sync 1 DAGs
[2021-05-16 05:20:04,352] {logging_mixin.py:104} INFO - [2021-05-16 05:20:04,352] {dag.py:2280} INFO - Setting next_dagrun for example_short_circuit_operator to 2021-05-14 00:00:00+00:00
[2021-05-16 05:20:04,386] {scheduler_job.py:190} INFO - Processing /home/airflow/.local/lib/python3.6/site-packages/airflow/example_dags/example_short_circuit_operator.py took 0.348 seconds
[2021-05-16 05:20:34,868] {scheduler_job.py:182} INFO - Started process (PID=149) to work on /home/airflow/.local/lib/python3.6/site-packages/airflow/example_dags/example_short_circuit_operator.py
[2021-05-16 05:20:34,873] {scheduler_job.py:629} INFO - Processing file /home/airflow/.local/lib/python3.6/site-packages/airflow/example_dags/example_short_circuit_operator.py for tasks to queue
[2021-05-16 05:20:34,877] {logging_mixin.py:104} INFO - [2021-05-16 05:20:34,876] {dagbag.py:451} INFO - Filling up the DagBag from /home/airflow/.local/lib/python3.6/site-packages/airflow/example_dags/example_short_circuit_operator.py
[2021-05-16 05:20:34,945] {scheduler_job.py:639} INFO - DAG(s) dict_keys(['example_short_circuit_operator']) retrieved from /home/airflow/.local/lib/python3.6/site-packages/airflow/example_dags/example_short_circuit_operator.py
[2021-05-16 05:20:35,025] {logging_mixin.py:104} INFO - [2021-05-16 05:20:35,025] {dag.py:1824} INFO - Sync 1 DAGs
[2021-05-16 05:20:35,098] {logging_mixin.py:104} INFO - [2021-05-16 05:20:35,097] {dag.py:2280} INFO - Setting next_dagrun for example_short_circuit_operator to 2021-05-14 00:00:00+00:00
[2021-05-16 05:20:35,120] {scheduler_job.py:190} INFO - Processing /home/airflow/.local/lib/python3.6/site-packages/airflow/example_dags/example_short_circuit_operator.py took 0.267 seconds
[2021-05-16 05:21:05,481] {scheduler_job.py:182} INFO - Started process (PID=175) to work on /home/airflow/.local/lib/python3.6/site-packages/airflow/example_dags/example_short_circuit_operator.py
[2021-05-16 05:21:05,500] {scheduler_job.py:629} INFO - Processing file /home/airflow/.local/lib/python3.6/site-packages/airflow/example_dags/example_short_circuit_operator.py for tasks to queue
[2021-05-16 05:21:05,508] {logging_mixin.py:104} INFO - [2021-05-16 05:21:05,506] {dagbag.py:451} INFO - Filling up the DagBag from /home/airflow/.local/lib/python3.6/site-packages/airflow/example_dags/example_short_circuit_operator.py
[2021-05-16 05:21:05,585] {scheduler_job.py:639} INFO - DAG(s) dict_keys(['example_short_circuit_operator']) retrieved from /home/airflow/.local/lib/python3.6/site-packages/airflow/example_dags/example_short_circuit_operator.py
[2021-05-16 05:21:05,702] {logging_mixin.py:104} INFO - [2021-05-16 05:21:05,702] {dag.py:1824} INFO - Sync 1 DAGs
[2021-05-16 05:21:05,766] {logging_mixin.py:104} INFO - [2021-05-16 05:21:05,766] {dag.py:2280} INFO - Setting next_dagrun for example_short_circuit_operator to 2021-05-14 00:00:00+00:00
[2021-05-16 05:21:05,814] {scheduler_job.py:190} INFO - Processing /home/airflow/.local/lib/python3.6/site-packages/airflow/example_dags/example_short_circuit_operator.py took 0.360 seconds
[2021-05-16 05:21:36,229] {scheduler_job.py:182} INFO - Started process (PID=201) to work on /home/airflow/.local/lib/python3.6/site-packages/airflow/example_dags/example_short_circuit_operator.py
[2021-05-16 05:21:36,234] {scheduler_job.py:629} INFO - Processing file /home/airflow/.local/lib/python3.6/site-packages/airflow/example_dags/example_short_circuit_operator.py for tasks to queue
[2021-05-16 05:21:36,239] {logging_mixin.py:104} INFO - [2021-05-16 05:21:36,239] {dagbag.py:451} INFO - Filling up the DagBag from /home/airflow/.local/lib/python3.6/site-packages/airflow/example_dags/example_short_circuit_operator.py
[2021-05-16 05:21:36,305] {scheduler_job.py:639} INFO - DAG(s) dict_keys(['example_short_circuit_operator']) retrieved from /home/airflow/.local/lib/python3.6/site-packages/airflow/example_dags/example_short_circuit_operator.py
[2021-05-16 05:21:36,389] {logging_mixin.py:104} INFO - [2021-05-16 05:21:36,389] {dag.py:1824} INFO - Sync 1 DAGs
[2021-05-16 05:21:36,529] {logging_mixin.py:104} INFO - [2021-05-16 05:21:36,528] {dag.py:2280} INFO - Setting next_dagrun for example_short_circuit_operator to 2021-05-14 00:00:00+00:00
[2021-05-16 05:21:36,614] {scheduler_job.py:190} INFO - Processing /home/airflow/.local/lib/python3.6/site-packages/airflow/example_dags/example_short_circuit_operator.py took 0.392 seconds
[2021-05-16 05:22:06,951] {scheduler_job.py:182} INFO - Started process (PID=227) to work on /home/airflow/.local/lib/python3.6/site-packages/airflow/example_dags/example_short_circuit_operator.py
[2021-05-16 05:22:06,954] {scheduler_job.py:629} INFO - Processing file /home/airflow/.local/lib/python3.6/site-packages/airflow/example_dags/example_short_circuit_operator.py for tasks to queue
[2021-05-16 05:22:06,965] {logging_mixin.py:104} INFO - [2021-05-16 05:22:06,965] {dagbag.py:451} INFO - Filling up the DagBag from /home/airflow/.local/lib/python3.6/site-packages/airflow/example_dags/example_short_circuit_operator.py
[2021-05-16 05:22:07,049] {scheduler_job.py:639} INFO - DAG(s) dict_keys(['example_short_circuit_operator']) retrieved from /home/airflow/.local/lib/python3.6/site-packages/airflow/example_dags/example_short_circuit_operator.py
[2021-05-16 05:22:07,162] {logging_mixin.py:104} INFO - [2021-05-16 05:22:07,162] {dag.py:1824} INFO - Sync 1 DAGs
[2021-05-16 05:22:07,253] {logging_mixin.py:104} INFO - [2021-05-16 05:22:07,253] {dag.py:2280} INFO - Setting next_dagrun for example_short_circuit_operator to 2021-05-14 00:00:00+00:00
[2021-05-16 05:22:07,375] {scheduler_job.py:190} INFO - Processing /home/airflow/.local/lib/python3.6/site-packages/airflow/example_dags/example_short_circuit_operator.py took 0.448 seconds
[2021-05-16 05:22:37,848] {scheduler_job.py:182} INFO - Started process (PID=253) to work on /home/airflow/.local/lib/python3.6/site-packages/airflow/example_dags/example_short_circuit_operator.py
[2021-05-16 05:22:37,854] {scheduler_job.py:629} INFO - Processing file /home/airflow/.local/lib/python3.6/site-packages/airflow/example_dags/example_short_circuit_operator.py for tasks to queue
[2021-05-16 05:22:37,861] {logging_mixin.py:104} INFO - [2021-05-16 05:22:37,858] {dagbag.py:451} INFO - Filling up the DagBag from /home/airflow/.local/lib/python3.6/site-packages/airflow/example_dags/example_short_circuit_operator.py
[2021-05-16 05:22:37,908] {scheduler_job.py:639} INFO - DAG(s) dict_keys(['example_short_circuit_operator']) retrieved from /home/airflow/.local/lib/python3.6/site-packages/airflow/example_dags/example_short_circuit_operator.py
[2021-05-16 05:22:37,969] {logging_mixin.py:104} INFO - [2021-05-16 05:22:37,969] {dag.py:1824} INFO - Sync 1 DAGs
[2021-05-16 05:22:38,077] {logging_mixin.py:104} INFO - [2021-05-16 05:22:38,077] {dag.py:2280} INFO - Setting next_dagrun for example_short_circuit_operator to 2021-05-14 00:00:00+00:00
[2021-05-16 05:22:38,118] {scheduler_job.py:190} INFO - Processing /home/airflow/.local/lib/python3.6/site-packages/airflow/example_dags/example_short_circuit_operator.py took 0.282 seconds
[2021-05-16 05:23:08,306] {scheduler_job.py:182} INFO - Started process (PID=279) to work on /home/airflow/.local/lib/python3.6/site-packages/airflow/example_dags/example_short_circuit_operator.py
[2021-05-16 05:23:08,310] {scheduler_job.py:629} INFO - Processing file /home/airflow/.local/lib/python3.6/site-packages/airflow/example_dags/example_short_circuit_operator.py for tasks to queue
[2021-05-16 05:23:08,318] {logging_mixin.py:104} INFO - [2021-05-16 05:23:08,317] {dagbag.py:451} INFO - Filling up the DagBag from /home/airflow/.local/lib/python3.6/site-packages/airflow/example_dags/example_short_circuit_operator.py
[2021-05-16 05:23:08,394] {scheduler_job.py:639} INFO - DAG(s) dict_keys(['example_short_circuit_operator']) retrieved from /home/airflow/.local/lib/python3.6/site-packages/airflow/example_dags/example_short_circuit_operator.py
[2021-05-16 05:23:08,430] {logging_mixin.py:104} INFO - [2021-05-16 05:23:08,430] {dag.py:1824} INFO - Sync 1 DAGs
[2021-05-16 05:23:08,485] {logging_mixin.py:104} INFO - [2021-05-16 05:23:08,485] {dag.py:2280} INFO - Setting next_dagrun for example_short_circuit_operator to 2021-05-14 00:00:00+00:00
[2021-05-16 05:23:08,527] {scheduler_job.py:190} INFO - Processing /home/airflow/.local/lib/python3.6/site-packages/airflow/example_dags/example_short_circuit_operator.py took 0.240 seconds
[2021-05-16 05:23:38,736] {scheduler_job.py:182} INFO - Started process (PID=305) to work on /home/airflow/.local/lib/python3.6/site-packages/airflow/example_dags/example_short_circuit_operator.py
[2021-05-16 05:23:38,739] {scheduler_job.py:629} INFO - Processing file /home/airflow/.local/lib/python3.6/site-packages/airflow/example_dags/example_short_circuit_operator.py for tasks to queue
[2021-05-16 05:23:38,742] {logging_mixin.py:104} INFO - [2021-05-16 05:23:38,742] {dagbag.py:451} INFO - Filling up the DagBag from /home/airflow/.local/lib/python3.6/site-packages/airflow/example_dags/example_short_circuit_operator.py
[2021-05-16 05:23:38,841] {scheduler_job.py:639} INFO - DAG(s) dict_keys(['example_short_circuit_operator']) retrieved from /home/airflow/.local/lib/python3.6/site-packages/airflow/example_dags/example_short_circuit_operator.py
[2021-05-16 05:23:38,929] {logging_mixin.py:104} INFO - [2021-05-16 05:23:38,929] {dag.py:1824} INFO - Sync 1 DAGs
[2021-05-16 05:23:38,986] {logging_mixin.py:104} INFO - [2021-05-16 05:23:38,986] {dag.py:2280} INFO - Setting next_dagrun for example_short_circuit_operator to 2021-05-14 00:00:00+00:00
[2021-05-16 05:23:39,003] {scheduler_job.py:190} INFO - Processing /home/airflow/.local/lib/python3.6/site-packages/airflow/example_dags/example_short_circuit_operator.py took 0.287 seconds
[2021-05-16 05:24:09,142] {scheduler_job.py:182} INFO - Started process (PID=331) to work on /home/airflow/.local/lib/python3.6/site-packages/airflow/example_dags/example_short_circuit_operator.py
[2021-05-16 05:24:09,154] {scheduler_job.py:629} INFO - Processing file /home/airflow/.local/lib/python3.6/site-packages/airflow/example_dags/example_short_circuit_operator.py for tasks to queue
[2021-05-16 05:24:09,159] {logging_mixin.py:104} INFO - [2021-05-16 05:24:09,159] {dagbag.py:451} INFO - Filling up the DagBag from /home/airflow/.local/lib/python3.6/site-packages/airflow/example_dags/example_short_circuit_operator.py
[2021-05-16 05:24:09,279] {scheduler_job.py:639} INFO - DAG(s) dict_keys(['example_short_circuit_operator']) retrieved from /home/airflow/.local/lib/python3.6/site-packages/airflow/example_dags/example_short_circuit_operator.py
[2021-05-16 05:24:09,389] {logging_mixin.py:104} INFO - [2021-05-16 05:24:09,389] {dag.py:1824} INFO - Sync 1 DAGs
[2021-05-16 05:24:09,487] {logging_mixin.py:104} INFO - [2021-05-16 05:24:09,487] {dag.py:2280} INFO - Setting next_dagrun for example_short_circuit_operator to 2021-05-14 00:00:00+00:00
[2021-05-16 05:24:09,525] {scheduler_job.py:190} INFO - Processing /home/airflow/.local/lib/python3.6/site-packages/airflow/example_dags/example_short_circuit_operator.py took 0.405 seconds
[2021-05-16 05:24:41,195] {scheduler_job.py:182} INFO - Started process (PID=357) to work on /home/airflow/.local/lib/python3.6/site-packages/airflow/example_dags/example_short_circuit_operator.py
[2021-05-16 05:24:41,208] {scheduler_job.py:629} INFO - Processing file /home/airflow/.local/lib/python3.6/site-packages/airflow/example_dags/example_short_circuit_operator.py for tasks to queue
[2021-05-16 05:24:41,217] {logging_mixin.py:104} INFO - [2021-05-16 05:24:41,217] {dagbag.py:451} INFO - Filling up the DagBag from /home/airflow/.local/lib/python3.6/site-packages/airflow/example_dags/example_short_circuit_operator.py
[2021-05-16 05:24:41,322] {scheduler_job.py:639} INFO - DAG(s) dict_keys(['example_short_circuit_operator']) retrieved from /home/airflow/.local/lib/python3.6/site-packages/airflow/example_dags/example_short_circuit_operator.py
[2021-05-16 05:24:41,410] {logging_mixin.py:104} INFO - [2021-05-16 05:24:41,409] {dag.py:1824} INFO - Sync 1 DAGs
[2021-05-16 05:24:41,501] {logging_mixin.py:104} INFO - [2021-05-16 05:24:41,500] {dag.py:2280} INFO - Setting next_dagrun for example_short_circuit_operator to 2021-05-14 00:00:00+00:00
[2021-05-16 05:24:41,545] {scheduler_job.py:190} INFO - Processing /home/airflow/.local/lib/python3.6/site-packages/airflow/example_dags/example_short_circuit_operator.py took 0.381 seconds
[2021-05-16 05:27:48,858] {scheduler_job.py:182} INFO - Started process (PID=38) to work on /home/airflow/.local/lib/python3.6/site-packages/airflow/example_dags/example_short_circuit_operator.py
[2021-05-16 05:27:48,868] {scheduler_job.py:629} INFO - Processing file /home/airflow/.local/lib/python3.6/site-packages/airflow/example_dags/example_short_circuit_operator.py for tasks to queue
[2021-05-16 05:27:48,875] {logging_mixin.py:104} INFO - [2021-05-16 05:27:48,875] {dagbag.py:451} INFO - Filling up the DagBag from /home/airflow/.local/lib/python3.6/site-packages/airflow/example_dags/example_short_circuit_operator.py
[2021-05-16 05:27:48,995] {scheduler_job.py:639} INFO - DAG(s) dict_keys(['example_short_circuit_operator']) retrieved from /home/airflow/.local/lib/python3.6/site-packages/airflow/example_dags/example_short_circuit_operator.py
[2021-05-16 05:27:49,038] {logging_mixin.py:104} INFO - [2021-05-16 05:27:49,038] {dag.py:1824} INFO - Sync 1 DAGs
[2021-05-16 05:27:49,170] {logging_mixin.py:104} INFO - [2021-05-16 05:27:49,170] {dag.py:2280} INFO - Setting next_dagrun for example_short_circuit_operator to 2021-05-14 00:00:00+00:00
[2021-05-16 05:27:49,251] {scheduler_job.py:190} INFO - Processing /home/airflow/.local/lib/python3.6/site-packages/airflow/example_dags/example_short_circuit_operator.py took 0.452 seconds
[2021-05-16 05:28:19,640] {scheduler_job.py:182} INFO - Started process (PID=64) to work on /home/airflow/.local/lib/python3.6/site-packages/airflow/example_dags/example_short_circuit_operator.py
[2021-05-16 05:28:19,653] {scheduler_job.py:629} INFO - Processing file /home/airflow/.local/lib/python3.6/site-packages/airflow/example_dags/example_short_circuit_operator.py for tasks to queue
[2021-05-16 05:28:19,658] {logging_mixin.py:104} INFO - [2021-05-16 05:28:19,658] {dagbag.py:451} INFO - Filling up the DagBag from /home/airflow/.local/lib/python3.6/site-packages/airflow/example_dags/example_short_circuit_operator.py
[2021-05-16 05:28:19,731] {scheduler_job.py:639} INFO - DAG(s) dict_keys(['example_short_circuit_operator']) retrieved from /home/airflow/.local/lib/python3.6/site-packages/airflow/example_dags/example_short_circuit_operator.py
[2021-05-16 05:28:19,893] {logging_mixin.py:104} INFO - [2021-05-16 05:28:19,893] {dag.py:1824} INFO - Sync 1 DAGs
[2021-05-16 05:28:20,076] {logging_mixin.py:104} INFO - [2021-05-16 05:28:20,076] {dag.py:2280} INFO - Setting next_dagrun for example_short_circuit_operator to 2021-05-14 00:00:00+00:00
[2021-05-16 05:28:20,115] {scheduler_job.py:190} INFO - Processing /home/airflow/.local/lib/python3.6/site-packages/airflow/example_dags/example_short_circuit_operator.py took 0.494 seconds
[2021-05-16 05:29:17,754] {scheduler_job.py:182} INFO - Started process (PID=90) to work on /home/airflow/.local/lib/python3.6/site-packages/airflow/example_dags/example_short_circuit_operator.py
[2021-05-16 05:29:17,759] {scheduler_job.py:629} INFO - Processing file /home/airflow/.local/lib/python3.6/site-packages/airflow/example_dags/example_short_circuit_operator.py for tasks to queue
[2021-05-16 05:29:17,761] {logging_mixin.py:104} INFO - [2021-05-16 05:29:17,761] {dagbag.py:451} INFO - Filling up the DagBag from /home/airflow/.local/lib/python3.6/site-packages/airflow/example_dags/example_short_circuit_operator.py
[2021-05-16 05:29:17,800] {scheduler_job.py:639} INFO - DAG(s) dict_keys(['example_short_circuit_operator']) retrieved from /home/airflow/.local/lib/python3.6/site-packages/airflow/example_dags/example_short_circuit_operator.py
[2021-05-16 05:29:17,856] {logging_mixin.py:104} INFO - [2021-05-16 05:29:17,856] {dag.py:1824} INFO - Sync 1 DAGs
[2021-05-16 05:29:17,917] {logging_mixin.py:104} INFO - [2021-05-16 05:29:17,917] {dag.py:2280} INFO - Setting next_dagrun for example_short_circuit_operator to 2021-05-14 00:00:00+00:00
[2021-05-16 05:29:17,947] {scheduler_job.py:190} INFO - Processing /home/airflow/.local/lib/python3.6/site-packages/airflow/example_dags/example_short_circuit_operator.py took 0.204 seconds
