[2021-05-16 05:18:28,444] {scheduler_job.py:182} INFO - Started process (PID=41) to work on /home/airflow/.local/lib/python3.6/site-packages/airflow/example_dags/example_external_task_marker_dag.py
[2021-05-16 05:18:28,459] {scheduler_job.py:629} INFO - Processing file /home/airflow/.local/lib/python3.6/site-packages/airflow/example_dags/example_external_task_marker_dag.py for tasks to queue
[2021-05-16 05:18:28,467] {logging_mixin.py:104} INFO - [2021-05-16 05:18:28,464] {dagbag.py:451} INFO - Filling up the DagBag from /home/airflow/.local/lib/python3.6/site-packages/airflow/example_dags/example_external_task_marker_dag.py
[2021-05-16 05:18:28,631] {scheduler_job.py:639} INFO - DAG(s) dict_keys(['example_external_task_marker_parent', 'example_external_task_marker_child']) retrieved from /home/airflow/.local/lib/python3.6/site-packages/airflow/example_dags/example_external_task_marker_dag.py
[2021-05-16 05:18:29,028] {logging_mixin.py:104} INFO - [2021-05-16 05:18:29,028] {dag.py:1824} INFO - Sync 2 DAGs
[2021-05-16 05:18:29,153] {logging_mixin.py:104} INFO - [2021-05-16 05:18:29,153] {dag.py:1843} INFO - Creating ORM DAG for example_external_task_marker_parent
[2021-05-16 05:18:29,163] {logging_mixin.py:104} INFO - [2021-05-16 05:18:29,163] {dag.py:1843} INFO - Creating ORM DAG for example_external_task_marker_child
[2021-05-16 05:18:29,214] {logging_mixin.py:104} INFO - [2021-05-16 05:18:29,213] {dag.py:2280} INFO - Setting next_dagrun for example_external_task_marker_child to None
[2021-05-16 05:18:29,222] {logging_mixin.py:104} INFO - [2021-05-16 05:18:29,221] {dag.py:2280} INFO - Setting next_dagrun for example_external_task_marker_parent to None
[2021-05-16 05:18:29,439] {scheduler_job.py:190} INFO - Processing /home/airflow/.local/lib/python3.6/site-packages/airflow/example_dags/example_external_task_marker_dag.py took 1.036 seconds
[2021-05-16 05:18:59,752] {scheduler_job.py:182} INFO - Started process (PID=67) to work on /home/airflow/.local/lib/python3.6/site-packages/airflow/example_dags/example_external_task_marker_dag.py
[2021-05-16 05:18:59,761] {scheduler_job.py:629} INFO - Processing file /home/airflow/.local/lib/python3.6/site-packages/airflow/example_dags/example_external_task_marker_dag.py for tasks to queue
[2021-05-16 05:18:59,786] {logging_mixin.py:104} INFO - [2021-05-16 05:18:59,785] {dagbag.py:451} INFO - Filling up the DagBag from /home/airflow/.local/lib/python3.6/site-packages/airflow/example_dags/example_external_task_marker_dag.py
[2021-05-16 05:18:59,925] {scheduler_job.py:639} INFO - DAG(s) dict_keys(['example_external_task_marker_parent', 'example_external_task_marker_child']) retrieved from /home/airflow/.local/lib/python3.6/site-packages/airflow/example_dags/example_external_task_marker_dag.py
[2021-05-16 05:19:00,247] {logging_mixin.py:104} INFO - [2021-05-16 05:19:00,247] {dag.py:1824} INFO - Sync 2 DAGs
[2021-05-16 05:19:00,405] {logging_mixin.py:104} INFO - [2021-05-16 05:19:00,405] {dag.py:2280} INFO - Setting next_dagrun for example_external_task_marker_child to None
[2021-05-16 05:19:00,410] {logging_mixin.py:104} INFO - [2021-05-16 05:19:00,410] {dag.py:2280} INFO - Setting next_dagrun for example_external_task_marker_parent to None
[2021-05-16 05:19:00,502] {scheduler_job.py:190} INFO - Processing /home/airflow/.local/lib/python3.6/site-packages/airflow/example_dags/example_external_task_marker_dag.py took 0.804 seconds
[2021-05-16 05:19:30,594] {scheduler_job.py:182} INFO - Started process (PID=93) to work on /home/airflow/.local/lib/python3.6/site-packages/airflow/example_dags/example_external_task_marker_dag.py
[2021-05-16 05:19:30,598] {scheduler_job.py:629} INFO - Processing file /home/airflow/.local/lib/python3.6/site-packages/airflow/example_dags/example_external_task_marker_dag.py for tasks to queue
[2021-05-16 05:19:30,601] {logging_mixin.py:104} INFO - [2021-05-16 05:19:30,601] {dagbag.py:451} INFO - Filling up the DagBag from /home/airflow/.local/lib/python3.6/site-packages/airflow/example_dags/example_external_task_marker_dag.py
[2021-05-16 05:19:30,628] {scheduler_job.py:639} INFO - DAG(s) dict_keys(['example_external_task_marker_parent', 'example_external_task_marker_child']) retrieved from /home/airflow/.local/lib/python3.6/site-packages/airflow/example_dags/example_external_task_marker_dag.py
[2021-05-16 05:19:30,676] {logging_mixin.py:104} INFO - [2021-05-16 05:19:30,676] {dag.py:1824} INFO - Sync 2 DAGs
[2021-05-16 05:19:30,711] {logging_mixin.py:104} INFO - [2021-05-16 05:19:30,711] {dag.py:2280} INFO - Setting next_dagrun for example_external_task_marker_child to None
[2021-05-16 05:19:30,715] {logging_mixin.py:104} INFO - [2021-05-16 05:19:30,715] {dag.py:2280} INFO - Setting next_dagrun for example_external_task_marker_parent to None
[2021-05-16 05:19:30,736] {scheduler_job.py:190} INFO - Processing /home/airflow/.local/lib/python3.6/site-packages/airflow/example_dags/example_external_task_marker_dag.py took 0.151 seconds
[2021-05-16 05:20:01,369] {scheduler_job.py:182} INFO - Started process (PID=119) to work on /home/airflow/.local/lib/python3.6/site-packages/airflow/example_dags/example_external_task_marker_dag.py
[2021-05-16 05:20:01,375] {scheduler_job.py:629} INFO - Processing file /home/airflow/.local/lib/python3.6/site-packages/airflow/example_dags/example_external_task_marker_dag.py for tasks to queue
[2021-05-16 05:20:01,386] {logging_mixin.py:104} INFO - [2021-05-16 05:20:01,385] {dagbag.py:451} INFO - Filling up the DagBag from /home/airflow/.local/lib/python3.6/site-packages/airflow/example_dags/example_external_task_marker_dag.py
[2021-05-16 05:20:01,482] {scheduler_job.py:639} INFO - DAG(s) dict_keys(['example_external_task_marker_parent', 'example_external_task_marker_child']) retrieved from /home/airflow/.local/lib/python3.6/site-packages/airflow/example_dags/example_external_task_marker_dag.py
[2021-05-16 05:20:01,747] {logging_mixin.py:104} INFO - [2021-05-16 05:20:01,747] {dag.py:1824} INFO - Sync 2 DAGs
[2021-05-16 05:20:01,844] {logging_mixin.py:104} INFO - [2021-05-16 05:20:01,844] {dag.py:2280} INFO - Setting next_dagrun for example_external_task_marker_child to None
[2021-05-16 05:20:01,849] {logging_mixin.py:104} INFO - [2021-05-16 05:20:01,849] {dag.py:2280} INFO - Setting next_dagrun for example_external_task_marker_parent to None
[2021-05-16 05:20:01,871] {scheduler_job.py:190} INFO - Processing /home/airflow/.local/lib/python3.6/site-packages/airflow/example_dags/example_external_task_marker_dag.py took 0.519 seconds
[2021-05-16 05:20:32,598] {scheduler_job.py:182} INFO - Started process (PID=145) to work on /home/airflow/.local/lib/python3.6/site-packages/airflow/example_dags/example_external_task_marker_dag.py
[2021-05-16 05:20:32,602] {scheduler_job.py:629} INFO - Processing file /home/airflow/.local/lib/python3.6/site-packages/airflow/example_dags/example_external_task_marker_dag.py for tasks to queue
[2021-05-16 05:20:32,605] {logging_mixin.py:104} INFO - [2021-05-16 05:20:32,605] {dagbag.py:451} INFO - Filling up the DagBag from /home/airflow/.local/lib/python3.6/site-packages/airflow/example_dags/example_external_task_marker_dag.py
[2021-05-16 05:20:32,646] {scheduler_job.py:639} INFO - DAG(s) dict_keys(['example_external_task_marker_parent', 'example_external_task_marker_child']) retrieved from /home/airflow/.local/lib/python3.6/site-packages/airflow/example_dags/example_external_task_marker_dag.py
[2021-05-16 05:20:32,717] {logging_mixin.py:104} INFO - [2021-05-16 05:20:32,717] {dag.py:1824} INFO - Sync 2 DAGs
[2021-05-16 05:20:32,762] {logging_mixin.py:104} INFO - [2021-05-16 05:20:32,762] {dag.py:2280} INFO - Setting next_dagrun for example_external_task_marker_child to None
[2021-05-16 05:20:32,765] {logging_mixin.py:104} INFO - [2021-05-16 05:20:32,765] {dag.py:2280} INFO - Setting next_dagrun for example_external_task_marker_parent to None
[2021-05-16 05:20:32,789] {scheduler_job.py:190} INFO - Processing /home/airflow/.local/lib/python3.6/site-packages/airflow/example_dags/example_external_task_marker_dag.py took 0.196 seconds
[2021-05-16 05:21:03,187] {scheduler_job.py:182} INFO - Started process (PID=171) to work on /home/airflow/.local/lib/python3.6/site-packages/airflow/example_dags/example_external_task_marker_dag.py
[2021-05-16 05:21:03,196] {scheduler_job.py:629} INFO - Processing file /home/airflow/.local/lib/python3.6/site-packages/airflow/example_dags/example_external_task_marker_dag.py for tasks to queue
[2021-05-16 05:21:03,203] {logging_mixin.py:104} INFO - [2021-05-16 05:21:03,203] {dagbag.py:451} INFO - Filling up the DagBag from /home/airflow/.local/lib/python3.6/site-packages/airflow/example_dags/example_external_task_marker_dag.py
[2021-05-16 05:21:03,253] {scheduler_job.py:639} INFO - DAG(s) dict_keys(['example_external_task_marker_parent', 'example_external_task_marker_child']) retrieved from /home/airflow/.local/lib/python3.6/site-packages/airflow/example_dags/example_external_task_marker_dag.py
[2021-05-16 05:21:03,335] {logging_mixin.py:104} INFO - [2021-05-16 05:21:03,334] {dag.py:1824} INFO - Sync 2 DAGs
[2021-05-16 05:21:03,383] {logging_mixin.py:104} INFO - [2021-05-16 05:21:03,383] {dag.py:2280} INFO - Setting next_dagrun for example_external_task_marker_child to None
[2021-05-16 05:21:03,387] {logging_mixin.py:104} INFO - [2021-05-16 05:21:03,386] {dag.py:2280} INFO - Setting next_dagrun for example_external_task_marker_parent to None
[2021-05-16 05:21:03,411] {scheduler_job.py:190} INFO - Processing /home/airflow/.local/lib/python3.6/site-packages/airflow/example_dags/example_external_task_marker_dag.py took 0.239 seconds
[2021-05-16 05:21:33,900] {scheduler_job.py:182} INFO - Started process (PID=197) to work on /home/airflow/.local/lib/python3.6/site-packages/airflow/example_dags/example_external_task_marker_dag.py
[2021-05-16 05:21:33,904] {scheduler_job.py:629} INFO - Processing file /home/airflow/.local/lib/python3.6/site-packages/airflow/example_dags/example_external_task_marker_dag.py for tasks to queue
[2021-05-16 05:21:33,907] {logging_mixin.py:104} INFO - [2021-05-16 05:21:33,907] {dagbag.py:451} INFO - Filling up the DagBag from /home/airflow/.local/lib/python3.6/site-packages/airflow/example_dags/example_external_task_marker_dag.py
[2021-05-16 05:21:33,937] {scheduler_job.py:639} INFO - DAG(s) dict_keys(['example_external_task_marker_parent', 'example_external_task_marker_child']) retrieved from /home/airflow/.local/lib/python3.6/site-packages/airflow/example_dags/example_external_task_marker_dag.py
[2021-05-16 05:21:34,022] {logging_mixin.py:104} INFO - [2021-05-16 05:21:34,022] {dag.py:1824} INFO - Sync 2 DAGs
[2021-05-16 05:21:34,084] {logging_mixin.py:104} INFO - [2021-05-16 05:21:34,084] {dag.py:2280} INFO - Setting next_dagrun for example_external_task_marker_child to None
[2021-05-16 05:21:34,093] {logging_mixin.py:104} INFO - [2021-05-16 05:21:34,092] {dag.py:2280} INFO - Setting next_dagrun for example_external_task_marker_parent to None
[2021-05-16 05:21:34,146] {scheduler_job.py:190} INFO - Processing /home/airflow/.local/lib/python3.6/site-packages/airflow/example_dags/example_external_task_marker_dag.py took 0.259 seconds
[2021-05-16 05:22:04,574] {scheduler_job.py:182} INFO - Started process (PID=223) to work on /home/airflow/.local/lib/python3.6/site-packages/airflow/example_dags/example_external_task_marker_dag.py
[2021-05-16 05:22:04,583] {scheduler_job.py:629} INFO - Processing file /home/airflow/.local/lib/python3.6/site-packages/airflow/example_dags/example_external_task_marker_dag.py for tasks to queue
[2021-05-16 05:22:04,587] {logging_mixin.py:104} INFO - [2021-05-16 05:22:04,586] {dagbag.py:451} INFO - Filling up the DagBag from /home/airflow/.local/lib/python3.6/site-packages/airflow/example_dags/example_external_task_marker_dag.py
[2021-05-16 05:22:04,620] {scheduler_job.py:639} INFO - DAG(s) dict_keys(['example_external_task_marker_parent', 'example_external_task_marker_child']) retrieved from /home/airflow/.local/lib/python3.6/site-packages/airflow/example_dags/example_external_task_marker_dag.py
[2021-05-16 05:22:04,682] {logging_mixin.py:104} INFO - [2021-05-16 05:22:04,682] {dag.py:1824} INFO - Sync 2 DAGs
[2021-05-16 05:22:04,709] {logging_mixin.py:104} INFO - [2021-05-16 05:22:04,708] {dag.py:2280} INFO - Setting next_dagrun for example_external_task_marker_child to None
[2021-05-16 05:22:04,713] {logging_mixin.py:104} INFO - [2021-05-16 05:22:04,712] {dag.py:2280} INFO - Setting next_dagrun for example_external_task_marker_parent to None
[2021-05-16 05:22:04,735] {scheduler_job.py:190} INFO - Processing /home/airflow/.local/lib/python3.6/site-packages/airflow/example_dags/example_external_task_marker_dag.py took 0.166 seconds
[2021-05-16 05:22:35,235] {scheduler_job.py:182} INFO - Started process (PID=249) to work on /home/airflow/.local/lib/python3.6/site-packages/airflow/example_dags/example_external_task_marker_dag.py
[2021-05-16 05:22:35,243] {scheduler_job.py:629} INFO - Processing file /home/airflow/.local/lib/python3.6/site-packages/airflow/example_dags/example_external_task_marker_dag.py for tasks to queue
[2021-05-16 05:22:35,249] {logging_mixin.py:104} INFO - [2021-05-16 05:22:35,248] {dagbag.py:451} INFO - Filling up the DagBag from /home/airflow/.local/lib/python3.6/site-packages/airflow/example_dags/example_external_task_marker_dag.py
[2021-05-16 05:22:35,311] {scheduler_job.py:639} INFO - DAG(s) dict_keys(['example_external_task_marker_parent', 'example_external_task_marker_child']) retrieved from /home/airflow/.local/lib/python3.6/site-packages/airflow/example_dags/example_external_task_marker_dag.py
[2021-05-16 05:22:35,560] {logging_mixin.py:104} INFO - [2021-05-16 05:22:35,560] {dag.py:1824} INFO - Sync 2 DAGs
[2021-05-16 05:22:35,663] {logging_mixin.py:104} INFO - [2021-05-16 05:22:35,663] {dag.py:2280} INFO - Setting next_dagrun for example_external_task_marker_child to None
[2021-05-16 05:22:35,684] {logging_mixin.py:104} INFO - [2021-05-16 05:22:35,682] {dag.py:2280} INFO - Setting next_dagrun for example_external_task_marker_parent to None
[2021-05-16 05:22:35,735] {scheduler_job.py:190} INFO - Processing /home/airflow/.local/lib/python3.6/site-packages/airflow/example_dags/example_external_task_marker_dag.py took 0.510 seconds
[2021-05-16 05:23:06,681] {scheduler_job.py:182} INFO - Started process (PID=275) to work on /home/airflow/.local/lib/python3.6/site-packages/airflow/example_dags/example_external_task_marker_dag.py
[2021-05-16 05:23:06,687] {scheduler_job.py:629} INFO - Processing file /home/airflow/.local/lib/python3.6/site-packages/airflow/example_dags/example_external_task_marker_dag.py for tasks to queue
[2021-05-16 05:23:06,690] {logging_mixin.py:104} INFO - [2021-05-16 05:23:06,689] {dagbag.py:451} INFO - Filling up the DagBag from /home/airflow/.local/lib/python3.6/site-packages/airflow/example_dags/example_external_task_marker_dag.py
[2021-05-16 05:23:06,752] {scheduler_job.py:639} INFO - DAG(s) dict_keys(['example_external_task_marker_parent', 'example_external_task_marker_child']) retrieved from /home/airflow/.local/lib/python3.6/site-packages/airflow/example_dags/example_external_task_marker_dag.py
[2021-05-16 05:23:06,830] {logging_mixin.py:104} INFO - [2021-05-16 05:23:06,830] {dag.py:1824} INFO - Sync 2 DAGs
[2021-05-16 05:23:06,895] {logging_mixin.py:104} INFO - [2021-05-16 05:23:06,894] {dag.py:2280} INFO - Setting next_dagrun for example_external_task_marker_child to None
[2021-05-16 05:23:06,901] {logging_mixin.py:104} INFO - [2021-05-16 05:23:06,901] {dag.py:2280} INFO - Setting next_dagrun for example_external_task_marker_parent to None
[2021-05-16 05:23:06,966] {scheduler_job.py:190} INFO - Processing /home/airflow/.local/lib/python3.6/site-packages/airflow/example_dags/example_external_task_marker_dag.py took 0.294 seconds
[2021-05-16 05:23:37,275] {scheduler_job.py:182} INFO - Started process (PID=301) to work on /home/airflow/.local/lib/python3.6/site-packages/airflow/example_dags/example_external_task_marker_dag.py
[2021-05-16 05:23:37,278] {scheduler_job.py:629} INFO - Processing file /home/airflow/.local/lib/python3.6/site-packages/airflow/example_dags/example_external_task_marker_dag.py for tasks to queue
[2021-05-16 05:23:37,281] {logging_mixin.py:104} INFO - [2021-05-16 05:23:37,281] {dagbag.py:451} INFO - Filling up the DagBag from /home/airflow/.local/lib/python3.6/site-packages/airflow/example_dags/example_external_task_marker_dag.py
[2021-05-16 05:23:37,326] {scheduler_job.py:639} INFO - DAG(s) dict_keys(['example_external_task_marker_parent', 'example_external_task_marker_child']) retrieved from /home/airflow/.local/lib/python3.6/site-packages/airflow/example_dags/example_external_task_marker_dag.py
[2021-05-16 05:23:37,374] {logging_mixin.py:104} INFO - [2021-05-16 05:23:37,374] {dag.py:1824} INFO - Sync 2 DAGs
[2021-05-16 05:23:37,404] {logging_mixin.py:104} INFO - [2021-05-16 05:23:37,404] {dag.py:2280} INFO - Setting next_dagrun for example_external_task_marker_child to None
[2021-05-16 05:23:37,407] {logging_mixin.py:104} INFO - [2021-05-16 05:23:37,407] {dag.py:2280} INFO - Setting next_dagrun for example_external_task_marker_parent to None
[2021-05-16 05:23:37,427] {scheduler_job.py:190} INFO - Processing /home/airflow/.local/lib/python3.6/site-packages/airflow/example_dags/example_external_task_marker_dag.py took 0.159 seconds
[2021-05-16 05:24:08,131] {scheduler_job.py:182} INFO - Started process (PID=327) to work on /home/airflow/.local/lib/python3.6/site-packages/airflow/example_dags/example_external_task_marker_dag.py
[2021-05-16 05:24:08,155] {scheduler_job.py:629} INFO - Processing file /home/airflow/.local/lib/python3.6/site-packages/airflow/example_dags/example_external_task_marker_dag.py for tasks to queue
[2021-05-16 05:24:08,170] {logging_mixin.py:104} INFO - [2021-05-16 05:24:08,169] {dagbag.py:451} INFO - Filling up the DagBag from /home/airflow/.local/lib/python3.6/site-packages/airflow/example_dags/example_external_task_marker_dag.py
[2021-05-16 05:24:08,548] {scheduler_job.py:639} INFO - DAG(s) dict_keys(['example_external_task_marker_parent', 'example_external_task_marker_child']) retrieved from /home/airflow/.local/lib/python3.6/site-packages/airflow/example_dags/example_external_task_marker_dag.py
[2021-05-16 05:24:08,608] {logging_mixin.py:104} INFO - [2021-05-16 05:24:08,607] {dag.py:1824} INFO - Sync 2 DAGs
[2021-05-16 05:24:08,656] {logging_mixin.py:104} INFO - [2021-05-16 05:24:08,656] {dag.py:2280} INFO - Setting next_dagrun for example_external_task_marker_child to None
[2021-05-16 05:24:08,669] {logging_mixin.py:104} INFO - [2021-05-16 05:24:08,669] {dag.py:2280} INFO - Setting next_dagrun for example_external_task_marker_parent to None
[2021-05-16 05:24:08,760] {scheduler_job.py:190} INFO - Processing /home/airflow/.local/lib/python3.6/site-packages/airflow/example_dags/example_external_task_marker_dag.py took 0.674 seconds
[2021-05-16 05:24:39,847] {scheduler_job.py:182} INFO - Started process (PID=354) to work on /home/airflow/.local/lib/python3.6/site-packages/airflow/example_dags/example_external_task_marker_dag.py
[2021-05-16 05:24:39,860] {scheduler_job.py:629} INFO - Processing file /home/airflow/.local/lib/python3.6/site-packages/airflow/example_dags/example_external_task_marker_dag.py for tasks to queue
[2021-05-16 05:24:39,864] {logging_mixin.py:104} INFO - [2021-05-16 05:24:39,864] {dagbag.py:451} INFO - Filling up the DagBag from /home/airflow/.local/lib/python3.6/site-packages/airflow/example_dags/example_external_task_marker_dag.py
[2021-05-16 05:24:40,064] {scheduler_job.py:639} INFO - DAG(s) dict_keys(['example_external_task_marker_parent', 'example_external_task_marker_child']) retrieved from /home/airflow/.local/lib/python3.6/site-packages/airflow/example_dags/example_external_task_marker_dag.py
[2021-05-16 05:24:40,233] {logging_mixin.py:104} INFO - [2021-05-16 05:24:40,233] {dag.py:1824} INFO - Sync 2 DAGs
[2021-05-16 05:24:40,382] {logging_mixin.py:104} INFO - [2021-05-16 05:24:40,381] {dag.py:2280} INFO - Setting next_dagrun for example_external_task_marker_child to None
[2021-05-16 05:24:40,405] {logging_mixin.py:104} INFO - [2021-05-16 05:24:40,403] {dag.py:2280} INFO - Setting next_dagrun for example_external_task_marker_parent to None
[2021-05-16 05:24:40,481] {scheduler_job.py:190} INFO - Processing /home/airflow/.local/lib/python3.6/site-packages/airflow/example_dags/example_external_task_marker_dag.py took 0.669 seconds
[2021-05-16 05:27:50,784] {scheduler_job.py:182} INFO - Started process (PID=44) to work on /home/airflow/.local/lib/python3.6/site-packages/airflow/example_dags/example_external_task_marker_dag.py
[2021-05-16 05:27:50,810] {scheduler_job.py:629} INFO - Processing file /home/airflow/.local/lib/python3.6/site-packages/airflow/example_dags/example_external_task_marker_dag.py for tasks to queue
[2021-05-16 05:27:50,817] {logging_mixin.py:104} INFO - [2021-05-16 05:27:50,815] {dagbag.py:451} INFO - Filling up the DagBag from /home/airflow/.local/lib/python3.6/site-packages/airflow/example_dags/example_external_task_marker_dag.py
[2021-05-16 05:27:50,932] {scheduler_job.py:639} INFO - DAG(s) dict_keys(['example_external_task_marker_parent', 'example_external_task_marker_child']) retrieved from /home/airflow/.local/lib/python3.6/site-packages/airflow/example_dags/example_external_task_marker_dag.py
[2021-05-16 05:27:51,097] {logging_mixin.py:104} INFO - [2021-05-16 05:27:51,097] {dag.py:1824} INFO - Sync 2 DAGs
[2021-05-16 05:27:51,186] {logging_mixin.py:104} INFO - [2021-05-16 05:27:51,186] {dag.py:2280} INFO - Setting next_dagrun for example_external_task_marker_child to None
[2021-05-16 05:27:51,209] {logging_mixin.py:104} INFO - [2021-05-16 05:27:51,209] {dag.py:2280} INFO - Setting next_dagrun for example_external_task_marker_parent to None
[2021-05-16 05:27:51,329] {scheduler_job.py:190} INFO - Processing /home/airflow/.local/lib/python3.6/site-packages/airflow/example_dags/example_external_task_marker_dag.py took 0.620 seconds
[2021-05-16 05:28:21,680] {scheduler_job.py:182} INFO - Started process (PID=70) to work on /home/airflow/.local/lib/python3.6/site-packages/airflow/example_dags/example_external_task_marker_dag.py
[2021-05-16 05:28:21,693] {scheduler_job.py:629} INFO - Processing file /home/airflow/.local/lib/python3.6/site-packages/airflow/example_dags/example_external_task_marker_dag.py for tasks to queue
[2021-05-16 05:28:21,705] {logging_mixin.py:104} INFO - [2021-05-16 05:28:21,704] {dagbag.py:451} INFO - Filling up the DagBag from /home/airflow/.local/lib/python3.6/site-packages/airflow/example_dags/example_external_task_marker_dag.py
[2021-05-16 05:28:21,858] {scheduler_job.py:639} INFO - DAG(s) dict_keys(['example_external_task_marker_parent', 'example_external_task_marker_child']) retrieved from /home/airflow/.local/lib/python3.6/site-packages/airflow/example_dags/example_external_task_marker_dag.py
[2021-05-16 05:28:22,027] {logging_mixin.py:104} INFO - [2021-05-16 05:28:22,027] {dag.py:1824} INFO - Sync 2 DAGs
[2021-05-16 05:28:22,089] {logging_mixin.py:104} INFO - [2021-05-16 05:28:22,089] {dag.py:2280} INFO - Setting next_dagrun for example_external_task_marker_child to None
[2021-05-16 05:28:22,093] {logging_mixin.py:104} INFO - [2021-05-16 05:28:22,093] {dag.py:2280} INFO - Setting next_dagrun for example_external_task_marker_parent to None
[2021-05-16 05:28:22,202] {scheduler_job.py:190} INFO - Processing /home/airflow/.local/lib/python3.6/site-packages/airflow/example_dags/example_external_task_marker_dag.py took 0.544 seconds
[2021-05-16 05:29:18,922] {scheduler_job.py:182} INFO - Started process (PID=96) to work on /home/airflow/.local/lib/python3.6/site-packages/airflow/example_dags/example_external_task_marker_dag.py
[2021-05-16 05:29:18,926] {scheduler_job.py:629} INFO - Processing file /home/airflow/.local/lib/python3.6/site-packages/airflow/example_dags/example_external_task_marker_dag.py for tasks to queue
[2021-05-16 05:29:18,929] {logging_mixin.py:104} INFO - [2021-05-16 05:29:18,929] {dagbag.py:451} INFO - Filling up the DagBag from /home/airflow/.local/lib/python3.6/site-packages/airflow/example_dags/example_external_task_marker_dag.py
[2021-05-16 05:29:18,987] {scheduler_job.py:639} INFO - DAG(s) dict_keys(['example_external_task_marker_parent', 'example_external_task_marker_child']) retrieved from /home/airflow/.local/lib/python3.6/site-packages/airflow/example_dags/example_external_task_marker_dag.py
[2021-05-16 05:29:19,119] {logging_mixin.py:104} INFO - [2021-05-16 05:29:19,118] {dag.py:1824} INFO - Sync 2 DAGs
[2021-05-16 05:29:19,166] {logging_mixin.py:104} INFO - [2021-05-16 05:29:19,166] {dag.py:2280} INFO - Setting next_dagrun for example_external_task_marker_child to None
[2021-05-16 05:29:19,171] {logging_mixin.py:104} INFO - [2021-05-16 05:29:19,171] {dag.py:2280} INFO - Setting next_dagrun for example_external_task_marker_parent to None
[2021-05-16 05:29:19,212] {scheduler_job.py:190} INFO - Processing /home/airflow/.local/lib/python3.6/site-packages/airflow/example_dags/example_external_task_marker_dag.py took 0.315 seconds
