[2021-05-16 05:18:33,798] {scheduler_job.py:182} INFO - Started process (PID=50) to work on /home/airflow/.local/lib/python3.6/site-packages/airflow/example_dags/example_subdag_operator.py
[2021-05-16 05:18:33,820] {scheduler_job.py:629} INFO - Processing file /home/airflow/.local/lib/python3.6/site-packages/airflow/example_dags/example_subdag_operator.py for tasks to queue
[2021-05-16 05:18:33,835] {logging_mixin.py:104} INFO - [2021-05-16 05:18:33,831] {dagbag.py:451} INFO - Filling up the DagBag from /home/airflow/.local/lib/python3.6/site-packages/airflow/example_dags/example_subdag_operator.py
[2021-05-16 05:18:34,056] {scheduler_job.py:639} INFO - DAG(s) dict_keys(['example_subdag_operator.section-1', 'example_subdag_operator.section-2', 'example_subdag_operator']) retrieved from /home/airflow/.local/lib/python3.6/site-packages/airflow/example_dags/example_subdag_operator.py
[2021-05-16 05:18:34,153] {logging_mixin.py:104} INFO - [2021-05-16 05:18:34,152] {dag.py:1824} INFO - Sync 3 DAGs
[2021-05-16 05:18:34,228] {logging_mixin.py:104} INFO - [2021-05-16 05:18:34,228] {dag.py:1843} INFO - Creating ORM DAG for example_subdag_operator
[2021-05-16 05:18:34,234] {logging_mixin.py:104} INFO - [2021-05-16 05:18:34,233] {dag.py:1843} INFO - Creating ORM DAG for example_subdag_operator.section-1
[2021-05-16 05:18:34,258] {logging_mixin.py:104} INFO - [2021-05-16 05:18:34,257] {dag.py:1843} INFO - Creating ORM DAG for example_subdag_operator.section-2
[2021-05-16 05:18:34,288] {logging_mixin.py:104} INFO - [2021-05-16 05:18:34,288] {dag.py:2280} INFO - Setting next_dagrun for example_subdag_operator to 2021-05-14 00:00:00+00:00
[2021-05-16 05:18:34,291] {logging_mixin.py:104} INFO - [2021-05-16 05:18:34,291] {dag.py:2280} INFO - Setting next_dagrun for example_subdag_operator.section-1 to None
[2021-05-16 05:18:34,296] {logging_mixin.py:104} INFO - [2021-05-16 05:18:34,296] {dag.py:2280} INFO - Setting next_dagrun for example_subdag_operator.section-2 to None
[2021-05-16 05:18:34,356] {logging_mixin.py:104} INFO - [2021-05-16 05:18:34,355] {dag.py:1824} INFO - Sync 2 DAGs
[2021-05-16 05:18:34,383] {logging_mixin.py:104} INFO - [2021-05-16 05:18:34,383] {dag.py:2280} INFO - Setting next_dagrun for example_subdag_operator.section-1 to None
[2021-05-16 05:18:34,385] {logging_mixin.py:104} INFO - [2021-05-16 05:18:34,385] {dag.py:2280} INFO - Setting next_dagrun for example_subdag_operator.section-2 to None
[2021-05-16 05:18:34,404] {scheduler_job.py:190} INFO - Processing /home/airflow/.local/lib/python3.6/site-packages/airflow/example_dags/example_subdag_operator.py took 0.647 seconds
[2021-05-16 05:19:05,153] {scheduler_job.py:182} INFO - Started process (PID=76) to work on /home/airflow/.local/lib/python3.6/site-packages/airflow/example_dags/example_subdag_operator.py
[2021-05-16 05:19:05,159] {scheduler_job.py:629} INFO - Processing file /home/airflow/.local/lib/python3.6/site-packages/airflow/example_dags/example_subdag_operator.py for tasks to queue
[2021-05-16 05:19:05,168] {logging_mixin.py:104} INFO - [2021-05-16 05:19:05,168] {dagbag.py:451} INFO - Filling up the DagBag from /home/airflow/.local/lib/python3.6/site-packages/airflow/example_dags/example_subdag_operator.py
[2021-05-16 05:19:05,298] {scheduler_job.py:639} INFO - DAG(s) dict_keys(['example_subdag_operator.section-1', 'example_subdag_operator.section-2', 'example_subdag_operator']) retrieved from /home/airflow/.local/lib/python3.6/site-packages/airflow/example_dags/example_subdag_operator.py
[2021-05-16 05:19:05,337] {logging_mixin.py:104} INFO - [2021-05-16 05:19:05,337] {dag.py:1824} INFO - Sync 3 DAGs
[2021-05-16 05:19:05,405] {logging_mixin.py:104} INFO - [2021-05-16 05:19:05,405] {dag.py:2280} INFO - Setting next_dagrun for example_subdag_operator to 2021-05-14 00:00:00+00:00
[2021-05-16 05:19:05,408] {logging_mixin.py:104} INFO - [2021-05-16 05:19:05,408] {dag.py:2280} INFO - Setting next_dagrun for example_subdag_operator.section-1 to None
[2021-05-16 05:19:05,421] {logging_mixin.py:104} INFO - [2021-05-16 05:19:05,420] {dag.py:2280} INFO - Setting next_dagrun for example_subdag_operator.section-2 to None
[2021-05-16 05:19:05,465] {logging_mixin.py:104} INFO - [2021-05-16 05:19:05,465] {dag.py:1824} INFO - Sync 2 DAGs
[2021-05-16 05:19:05,484] {logging_mixin.py:104} INFO - [2021-05-16 05:19:05,484] {dag.py:2280} INFO - Setting next_dagrun for example_subdag_operator.section-1 to None
[2021-05-16 05:19:05,486] {logging_mixin.py:104} INFO - [2021-05-16 05:19:05,486] {dag.py:2280} INFO - Setting next_dagrun for example_subdag_operator.section-2 to None
[2021-05-16 05:19:05,504] {scheduler_job.py:190} INFO - Processing /home/airflow/.local/lib/python3.6/site-packages/airflow/example_dags/example_subdag_operator.py took 0.361 seconds
[2021-05-16 05:19:36,033] {scheduler_job.py:182} INFO - Started process (PID=102) to work on /home/airflow/.local/lib/python3.6/site-packages/airflow/example_dags/example_subdag_operator.py
[2021-05-16 05:19:36,037] {scheduler_job.py:629} INFO - Processing file /home/airflow/.local/lib/python3.6/site-packages/airflow/example_dags/example_subdag_operator.py for tasks to queue
[2021-05-16 05:19:36,041] {logging_mixin.py:104} INFO - [2021-05-16 05:19:36,041] {dagbag.py:451} INFO - Filling up the DagBag from /home/airflow/.local/lib/python3.6/site-packages/airflow/example_dags/example_subdag_operator.py
[2021-05-16 05:19:36,111] {scheduler_job.py:639} INFO - DAG(s) dict_keys(['example_subdag_operator.section-1', 'example_subdag_operator.section-2', 'example_subdag_operator']) retrieved from /home/airflow/.local/lib/python3.6/site-packages/airflow/example_dags/example_subdag_operator.py
[2021-05-16 05:19:36,133] {logging_mixin.py:104} INFO - [2021-05-16 05:19:36,132] {dag.py:1824} INFO - Sync 3 DAGs
[2021-05-16 05:19:36,196] {logging_mixin.py:104} INFO - [2021-05-16 05:19:36,195] {dag.py:2280} INFO - Setting next_dagrun for example_subdag_operator to 2021-05-14 00:00:00+00:00
[2021-05-16 05:19:36,202] {logging_mixin.py:104} INFO - [2021-05-16 05:19:36,202] {dag.py:2280} INFO - Setting next_dagrun for example_subdag_operator.section-1 to None
[2021-05-16 05:19:36,204] {logging_mixin.py:104} INFO - [2021-05-16 05:19:36,204] {dag.py:2280} INFO - Setting next_dagrun for example_subdag_operator.section-2 to None
[2021-05-16 05:19:36,229] {logging_mixin.py:104} INFO - [2021-05-16 05:19:36,229] {dag.py:1824} INFO - Sync 2 DAGs
[2021-05-16 05:19:36,241] {logging_mixin.py:104} INFO - [2021-05-16 05:19:36,241] {dag.py:2280} INFO - Setting next_dagrun for example_subdag_operator.section-1 to None
[2021-05-16 05:19:36,243] {logging_mixin.py:104} INFO - [2021-05-16 05:19:36,243] {dag.py:2280} INFO - Setting next_dagrun for example_subdag_operator.section-2 to None
[2021-05-16 05:19:36,262] {scheduler_job.py:190} INFO - Processing /home/airflow/.local/lib/python3.6/site-packages/airflow/example_dags/example_subdag_operator.py took 0.235 seconds
[2021-05-16 05:20:07,127] {scheduler_job.py:182} INFO - Started process (PID=128) to work on /home/airflow/.local/lib/python3.6/site-packages/airflow/example_dags/example_subdag_operator.py
[2021-05-16 05:20:07,132] {scheduler_job.py:629} INFO - Processing file /home/airflow/.local/lib/python3.6/site-packages/airflow/example_dags/example_subdag_operator.py for tasks to queue
[2021-05-16 05:20:07,138] {logging_mixin.py:104} INFO - [2021-05-16 05:20:07,137] {dagbag.py:451} INFO - Filling up the DagBag from /home/airflow/.local/lib/python3.6/site-packages/airflow/example_dags/example_subdag_operator.py
[2021-05-16 05:20:07,237] {scheduler_job.py:639} INFO - DAG(s) dict_keys(['example_subdag_operator.section-1', 'example_subdag_operator.section-2', 'example_subdag_operator']) retrieved from /home/airflow/.local/lib/python3.6/site-packages/airflow/example_dags/example_subdag_operator.py
[2021-05-16 05:20:07,280] {logging_mixin.py:104} INFO - [2021-05-16 05:20:07,278] {dag.py:1824} INFO - Sync 3 DAGs
[2021-05-16 05:20:07,344] {logging_mixin.py:104} INFO - [2021-05-16 05:20:07,344] {dag.py:2280} INFO - Setting next_dagrun for example_subdag_operator to 2021-05-14 00:00:00+00:00
[2021-05-16 05:20:07,354] {logging_mixin.py:104} INFO - [2021-05-16 05:20:07,353] {dag.py:2280} INFO - Setting next_dagrun for example_subdag_operator.section-1 to None
[2021-05-16 05:20:07,357] {logging_mixin.py:104} INFO - [2021-05-16 05:20:07,357] {dag.py:2280} INFO - Setting next_dagrun for example_subdag_operator.section-2 to None
[2021-05-16 05:20:07,385] {logging_mixin.py:104} INFO - [2021-05-16 05:20:07,385] {dag.py:1824} INFO - Sync 2 DAGs
[2021-05-16 05:20:07,443] {logging_mixin.py:104} INFO - [2021-05-16 05:20:07,443] {dag.py:2280} INFO - Setting next_dagrun for example_subdag_operator.section-1 to None
[2021-05-16 05:20:07,451] {logging_mixin.py:104} INFO - [2021-05-16 05:20:07,451] {dag.py:2280} INFO - Setting next_dagrun for example_subdag_operator.section-2 to None
[2021-05-16 05:20:07,469] {scheduler_job.py:190} INFO - Processing /home/airflow/.local/lib/python3.6/site-packages/airflow/example_dags/example_subdag_operator.py took 0.361 seconds
[2021-05-16 05:20:37,807] {scheduler_job.py:182} INFO - Started process (PID=154) to work on /home/airflow/.local/lib/python3.6/site-packages/airflow/example_dags/example_subdag_operator.py
[2021-05-16 05:20:37,810] {scheduler_job.py:629} INFO - Processing file /home/airflow/.local/lib/python3.6/site-packages/airflow/example_dags/example_subdag_operator.py for tasks to queue
[2021-05-16 05:20:37,813] {logging_mixin.py:104} INFO - [2021-05-16 05:20:37,813] {dagbag.py:451} INFO - Filling up the DagBag from /home/airflow/.local/lib/python3.6/site-packages/airflow/example_dags/example_subdag_operator.py
[2021-05-16 05:20:37,877] {scheduler_job.py:639} INFO - DAG(s) dict_keys(['example_subdag_operator.section-1', 'example_subdag_operator.section-2', 'example_subdag_operator']) retrieved from /home/airflow/.local/lib/python3.6/site-packages/airflow/example_dags/example_subdag_operator.py
[2021-05-16 05:20:37,911] {logging_mixin.py:104} INFO - [2021-05-16 05:20:37,911] {dag.py:1824} INFO - Sync 3 DAGs
[2021-05-16 05:20:37,947] {logging_mixin.py:104} INFO - [2021-05-16 05:20:37,946] {dag.py:2280} INFO - Setting next_dagrun for example_subdag_operator to 2021-05-14 00:00:00+00:00
[2021-05-16 05:20:37,950] {logging_mixin.py:104} INFO - [2021-05-16 05:20:37,950] {dag.py:2280} INFO - Setting next_dagrun for example_subdag_operator.section-1 to None
[2021-05-16 05:20:37,952] {logging_mixin.py:104} INFO - [2021-05-16 05:20:37,952] {dag.py:2280} INFO - Setting next_dagrun for example_subdag_operator.section-2 to None
[2021-05-16 05:20:37,970] {logging_mixin.py:104} INFO - [2021-05-16 05:20:37,970] {dag.py:1824} INFO - Sync 2 DAGs
[2021-05-16 05:20:37,988] {logging_mixin.py:104} INFO - [2021-05-16 05:20:37,988] {dag.py:2280} INFO - Setting next_dagrun for example_subdag_operator.section-1 to None
[2021-05-16 05:20:37,990] {logging_mixin.py:104} INFO - [2021-05-16 05:20:37,990] {dag.py:2280} INFO - Setting next_dagrun for example_subdag_operator.section-2 to None
[2021-05-16 05:20:38,006] {scheduler_job.py:190} INFO - Processing /home/airflow/.local/lib/python3.6/site-packages/airflow/example_dags/example_subdag_operator.py took 0.206 seconds
[2021-05-16 05:21:08,803] {scheduler_job.py:182} INFO - Started process (PID=180) to work on /home/airflow/.local/lib/python3.6/site-packages/airflow/example_dags/example_subdag_operator.py
[2021-05-16 05:21:08,811] {scheduler_job.py:629} INFO - Processing file /home/airflow/.local/lib/python3.6/site-packages/airflow/example_dags/example_subdag_operator.py for tasks to queue
[2021-05-16 05:21:08,815] {logging_mixin.py:104} INFO - [2021-05-16 05:21:08,814] {dagbag.py:451} INFO - Filling up the DagBag from /home/airflow/.local/lib/python3.6/site-packages/airflow/example_dags/example_subdag_operator.py
[2021-05-16 05:21:08,890] {scheduler_job.py:639} INFO - DAG(s) dict_keys(['example_subdag_operator.section-1', 'example_subdag_operator.section-2', 'example_subdag_operator']) retrieved from /home/airflow/.local/lib/python3.6/site-packages/airflow/example_dags/example_subdag_operator.py
[2021-05-16 05:21:08,921] {logging_mixin.py:104} INFO - [2021-05-16 05:21:08,921] {dag.py:1824} INFO - Sync 3 DAGs
[2021-05-16 05:21:08,957] {logging_mixin.py:104} INFO - [2021-05-16 05:21:08,957] {dag.py:2280} INFO - Setting next_dagrun for example_subdag_operator to 2021-05-14 00:00:00+00:00
[2021-05-16 05:21:08,968] {logging_mixin.py:104} INFO - [2021-05-16 05:21:08,967] {dag.py:2280} INFO - Setting next_dagrun for example_subdag_operator.section-1 to None
[2021-05-16 05:21:08,972] {logging_mixin.py:104} INFO - [2021-05-16 05:21:08,972] {dag.py:2280} INFO - Setting next_dagrun for example_subdag_operator.section-2 to None
[2021-05-16 05:21:09,002] {logging_mixin.py:104} INFO - [2021-05-16 05:21:09,002] {dag.py:1824} INFO - Sync 2 DAGs
[2021-05-16 05:21:09,032] {logging_mixin.py:104} INFO - [2021-05-16 05:21:09,032] {dag.py:2280} INFO - Setting next_dagrun for example_subdag_operator.section-1 to None
[2021-05-16 05:21:09,036] {logging_mixin.py:104} INFO - [2021-05-16 05:21:09,035] {dag.py:2280} INFO - Setting next_dagrun for example_subdag_operator.section-2 to None
[2021-05-16 05:21:09,057] {scheduler_job.py:190} INFO - Processing /home/airflow/.local/lib/python3.6/site-packages/airflow/example_dags/example_subdag_operator.py took 0.265 seconds
[2021-05-16 05:21:39,359] {scheduler_job.py:182} INFO - Started process (PID=206) to work on /home/airflow/.local/lib/python3.6/site-packages/airflow/example_dags/example_subdag_operator.py
[2021-05-16 05:21:39,362] {scheduler_job.py:629} INFO - Processing file /home/airflow/.local/lib/python3.6/site-packages/airflow/example_dags/example_subdag_operator.py for tasks to queue
[2021-05-16 05:21:39,364] {logging_mixin.py:104} INFO - [2021-05-16 05:21:39,364] {dagbag.py:451} INFO - Filling up the DagBag from /home/airflow/.local/lib/python3.6/site-packages/airflow/example_dags/example_subdag_operator.py
[2021-05-16 05:21:39,428] {scheduler_job.py:639} INFO - DAG(s) dict_keys(['example_subdag_operator.section-1', 'example_subdag_operator.section-2', 'example_subdag_operator']) retrieved from /home/airflow/.local/lib/python3.6/site-packages/airflow/example_dags/example_subdag_operator.py
[2021-05-16 05:21:39,463] {logging_mixin.py:104} INFO - [2021-05-16 05:21:39,461] {dag.py:1824} INFO - Sync 3 DAGs
[2021-05-16 05:21:39,492] {logging_mixin.py:104} INFO - [2021-05-16 05:21:39,492] {dag.py:2280} INFO - Setting next_dagrun for example_subdag_operator to 2021-05-14 00:00:00+00:00
[2021-05-16 05:21:39,496] {logging_mixin.py:104} INFO - [2021-05-16 05:21:39,495] {dag.py:2280} INFO - Setting next_dagrun for example_subdag_operator.section-1 to None
[2021-05-16 05:21:39,498] {logging_mixin.py:104} INFO - [2021-05-16 05:21:39,498] {dag.py:2280} INFO - Setting next_dagrun for example_subdag_operator.section-2 to None
[2021-05-16 05:21:39,513] {logging_mixin.py:104} INFO - [2021-05-16 05:21:39,512] {dag.py:1824} INFO - Sync 2 DAGs
[2021-05-16 05:21:39,526] {logging_mixin.py:104} INFO - [2021-05-16 05:21:39,526] {dag.py:2280} INFO - Setting next_dagrun for example_subdag_operator.section-1 to None
[2021-05-16 05:21:39,528] {logging_mixin.py:104} INFO - [2021-05-16 05:21:39,528] {dag.py:2280} INFO - Setting next_dagrun for example_subdag_operator.section-2 to None
[2021-05-16 05:21:39,542] {scheduler_job.py:190} INFO - Processing /home/airflow/.local/lib/python3.6/site-packages/airflow/example_dags/example_subdag_operator.py took 0.193 seconds
[2021-05-16 05:22:10,010] {scheduler_job.py:182} INFO - Started process (PID=232) to work on /home/airflow/.local/lib/python3.6/site-packages/airflow/example_dags/example_subdag_operator.py
[2021-05-16 05:22:10,016] {scheduler_job.py:629} INFO - Processing file /home/airflow/.local/lib/python3.6/site-packages/airflow/example_dags/example_subdag_operator.py for tasks to queue
[2021-05-16 05:22:10,021] {logging_mixin.py:104} INFO - [2021-05-16 05:22:10,021] {dagbag.py:451} INFO - Filling up the DagBag from /home/airflow/.local/lib/python3.6/site-packages/airflow/example_dags/example_subdag_operator.py
[2021-05-16 05:22:10,141] {scheduler_job.py:639} INFO - DAG(s) dict_keys(['example_subdag_operator.section-1', 'example_subdag_operator.section-2', 'example_subdag_operator']) retrieved from /home/airflow/.local/lib/python3.6/site-packages/airflow/example_dags/example_subdag_operator.py
[2021-05-16 05:22:10,188] {logging_mixin.py:104} INFO - [2021-05-16 05:22:10,188] {dag.py:1824} INFO - Sync 3 DAGs
[2021-05-16 05:22:10,248] {logging_mixin.py:104} INFO - [2021-05-16 05:22:10,247] {dag.py:2280} INFO - Setting next_dagrun for example_subdag_operator to 2021-05-14 00:00:00+00:00
[2021-05-16 05:22:10,255] {logging_mixin.py:104} INFO - [2021-05-16 05:22:10,254] {dag.py:2280} INFO - Setting next_dagrun for example_subdag_operator.section-1 to None
[2021-05-16 05:22:10,258] {logging_mixin.py:104} INFO - [2021-05-16 05:22:10,258] {dag.py:2280} INFO - Setting next_dagrun for example_subdag_operator.section-2 to None
[2021-05-16 05:22:10,289] {logging_mixin.py:104} INFO - [2021-05-16 05:22:10,288] {dag.py:1824} INFO - Sync 2 DAGs
[2021-05-16 05:22:10,325] {logging_mixin.py:104} INFO - [2021-05-16 05:22:10,325] {dag.py:2280} INFO - Setting next_dagrun for example_subdag_operator.section-1 to None
[2021-05-16 05:22:10,327] {logging_mixin.py:104} INFO - [2021-05-16 05:22:10,327] {dag.py:2280} INFO - Setting next_dagrun for example_subdag_operator.section-2 to None
[2021-05-16 05:22:10,361] {scheduler_job.py:190} INFO - Processing /home/airflow/.local/lib/python3.6/site-packages/airflow/example_dags/example_subdag_operator.py took 0.365 seconds
[2021-05-16 05:22:40,574] {scheduler_job.py:182} INFO - Started process (PID=258) to work on /home/airflow/.local/lib/python3.6/site-packages/airflow/example_dags/example_subdag_operator.py
[2021-05-16 05:22:40,583] {scheduler_job.py:629} INFO - Processing file /home/airflow/.local/lib/python3.6/site-packages/airflow/example_dags/example_subdag_operator.py for tasks to queue
[2021-05-16 05:22:40,587] {logging_mixin.py:104} INFO - [2021-05-16 05:22:40,587] {dagbag.py:451} INFO - Filling up the DagBag from /home/airflow/.local/lib/python3.6/site-packages/airflow/example_dags/example_subdag_operator.py
[2021-05-16 05:22:40,709] {scheduler_job.py:639} INFO - DAG(s) dict_keys(['example_subdag_operator.section-1', 'example_subdag_operator.section-2', 'example_subdag_operator']) retrieved from /home/airflow/.local/lib/python3.6/site-packages/airflow/example_dags/example_subdag_operator.py
[2021-05-16 05:22:40,748] {logging_mixin.py:104} INFO - [2021-05-16 05:22:40,747] {dag.py:1824} INFO - Sync 3 DAGs
[2021-05-16 05:22:40,804] {logging_mixin.py:104} INFO - [2021-05-16 05:22:40,804] {dag.py:2280} INFO - Setting next_dagrun for example_subdag_operator to 2021-05-14 00:00:00+00:00
[2021-05-16 05:22:40,815] {logging_mixin.py:104} INFO - [2021-05-16 05:22:40,815] {dag.py:2280} INFO - Setting next_dagrun for example_subdag_operator.section-1 to None
[2021-05-16 05:22:40,820] {logging_mixin.py:104} INFO - [2021-05-16 05:22:40,820] {dag.py:2280} INFO - Setting next_dagrun for example_subdag_operator.section-2 to None
[2021-05-16 05:22:40,850] {logging_mixin.py:104} INFO - [2021-05-16 05:22:40,850] {dag.py:1824} INFO - Sync 2 DAGs
[2021-05-16 05:22:40,882] {logging_mixin.py:104} INFO - [2021-05-16 05:22:40,882] {dag.py:2280} INFO - Setting next_dagrun for example_subdag_operator.section-1 to None
[2021-05-16 05:22:40,885] {logging_mixin.py:104} INFO - [2021-05-16 05:22:40,884] {dag.py:2280} INFO - Setting next_dagrun for example_subdag_operator.section-2 to None
[2021-05-16 05:22:40,908] {scheduler_job.py:190} INFO - Processing /home/airflow/.local/lib/python3.6/site-packages/airflow/example_dags/example_subdag_operator.py took 0.355 seconds
[2021-05-16 05:23:11,255] {scheduler_job.py:182} INFO - Started process (PID=284) to work on /home/airflow/.local/lib/python3.6/site-packages/airflow/example_dags/example_subdag_operator.py
[2021-05-16 05:23:11,263] {scheduler_job.py:629} INFO - Processing file /home/airflow/.local/lib/python3.6/site-packages/airflow/example_dags/example_subdag_operator.py for tasks to queue
[2021-05-16 05:23:11,267] {logging_mixin.py:104} INFO - [2021-05-16 05:23:11,266] {dagbag.py:451} INFO - Filling up the DagBag from /home/airflow/.local/lib/python3.6/site-packages/airflow/example_dags/example_subdag_operator.py
[2021-05-16 05:23:11,339] {scheduler_job.py:639} INFO - DAG(s) dict_keys(['example_subdag_operator.section-1', 'example_subdag_operator.section-2', 'example_subdag_operator']) retrieved from /home/airflow/.local/lib/python3.6/site-packages/airflow/example_dags/example_subdag_operator.py
[2021-05-16 05:23:11,366] {logging_mixin.py:104} INFO - [2021-05-16 05:23:11,366] {dag.py:1824} INFO - Sync 3 DAGs
[2021-05-16 05:23:11,399] {logging_mixin.py:104} INFO - [2021-05-16 05:23:11,399] {dag.py:2280} INFO - Setting next_dagrun for example_subdag_operator to 2021-05-14 00:00:00+00:00
[2021-05-16 05:23:11,411] {logging_mixin.py:104} INFO - [2021-05-16 05:23:11,410] {dag.py:2280} INFO - Setting next_dagrun for example_subdag_operator.section-1 to None
[2021-05-16 05:23:11,419] {logging_mixin.py:104} INFO - [2021-05-16 05:23:11,419] {dag.py:2280} INFO - Setting next_dagrun for example_subdag_operator.section-2 to None
[2021-05-16 05:23:11,442] {logging_mixin.py:104} INFO - [2021-05-16 05:23:11,442] {dag.py:1824} INFO - Sync 2 DAGs
[2021-05-16 05:23:11,461] {logging_mixin.py:104} INFO - [2021-05-16 05:23:11,461] {dag.py:2280} INFO - Setting next_dagrun for example_subdag_operator.section-1 to None
[2021-05-16 05:23:11,463] {logging_mixin.py:104} INFO - [2021-05-16 05:23:11,463] {dag.py:2280} INFO - Setting next_dagrun for example_subdag_operator.section-2 to None
[2021-05-16 05:23:11,479] {scheduler_job.py:190} INFO - Processing /home/airflow/.local/lib/python3.6/site-packages/airflow/example_dags/example_subdag_operator.py took 0.235 seconds
[2021-05-16 05:23:42,106] {scheduler_job.py:182} INFO - Started process (PID=310) to work on /home/airflow/.local/lib/python3.6/site-packages/airflow/example_dags/example_subdag_operator.py
[2021-05-16 05:23:42,113] {scheduler_job.py:629} INFO - Processing file /home/airflow/.local/lib/python3.6/site-packages/airflow/example_dags/example_subdag_operator.py for tasks to queue
[2021-05-16 05:23:42,117] {logging_mixin.py:104} INFO - [2021-05-16 05:23:42,117] {dagbag.py:451} INFO - Filling up the DagBag from /home/airflow/.local/lib/python3.6/site-packages/airflow/example_dags/example_subdag_operator.py
[2021-05-16 05:23:42,191] {scheduler_job.py:639} INFO - DAG(s) dict_keys(['example_subdag_operator.section-1', 'example_subdag_operator.section-2', 'example_subdag_operator']) retrieved from /home/airflow/.local/lib/python3.6/site-packages/airflow/example_dags/example_subdag_operator.py
[2021-05-16 05:23:42,231] {logging_mixin.py:104} INFO - [2021-05-16 05:23:42,231] {dag.py:1824} INFO - Sync 3 DAGs
[2021-05-16 05:23:42,275] {logging_mixin.py:104} INFO - [2021-05-16 05:23:42,275] {dag.py:2280} INFO - Setting next_dagrun for example_subdag_operator to 2021-05-14 00:00:00+00:00
[2021-05-16 05:23:42,278] {logging_mixin.py:104} INFO - [2021-05-16 05:23:42,278] {dag.py:2280} INFO - Setting next_dagrun for example_subdag_operator.section-1 to None
[2021-05-16 05:23:42,280] {logging_mixin.py:104} INFO - [2021-05-16 05:23:42,279] {dag.py:2280} INFO - Setting next_dagrun for example_subdag_operator.section-2 to None
[2021-05-16 05:23:42,294] {logging_mixin.py:104} INFO - [2021-05-16 05:23:42,294] {dag.py:1824} INFO - Sync 2 DAGs
[2021-05-16 05:23:42,309] {logging_mixin.py:104} INFO - [2021-05-16 05:23:42,308] {dag.py:2280} INFO - Setting next_dagrun for example_subdag_operator.section-1 to None
[2021-05-16 05:23:42,311] {logging_mixin.py:104} INFO - [2021-05-16 05:23:42,311] {dag.py:2280} INFO - Setting next_dagrun for example_subdag_operator.section-2 to None
[2021-05-16 05:23:42,323] {scheduler_job.py:190} INFO - Processing /home/airflow/.local/lib/python3.6/site-packages/airflow/example_dags/example_subdag_operator.py took 0.245 seconds
[2021-05-16 05:24:12,669] {scheduler_job.py:182} INFO - Started process (PID=336) to work on /home/airflow/.local/lib/python3.6/site-packages/airflow/example_dags/example_subdag_operator.py
[2021-05-16 05:24:12,679] {scheduler_job.py:629} INFO - Processing file /home/airflow/.local/lib/python3.6/site-packages/airflow/example_dags/example_subdag_operator.py for tasks to queue
[2021-05-16 05:24:12,684] {logging_mixin.py:104} INFO - [2021-05-16 05:24:12,684] {dagbag.py:451} INFO - Filling up the DagBag from /home/airflow/.local/lib/python3.6/site-packages/airflow/example_dags/example_subdag_operator.py
[2021-05-16 05:24:12,811] {scheduler_job.py:639} INFO - DAG(s) dict_keys(['example_subdag_operator.section-1', 'example_subdag_operator.section-2', 'example_subdag_operator']) retrieved from /home/airflow/.local/lib/python3.6/site-packages/airflow/example_dags/example_subdag_operator.py
[2021-05-16 05:24:12,851] {logging_mixin.py:104} INFO - [2021-05-16 05:24:12,851] {dag.py:1824} INFO - Sync 3 DAGs
[2021-05-16 05:24:12,901] {logging_mixin.py:104} INFO - [2021-05-16 05:24:12,901] {dag.py:2280} INFO - Setting next_dagrun for example_subdag_operator to 2021-05-14 00:00:00+00:00
[2021-05-16 05:24:12,911] {logging_mixin.py:104} INFO - [2021-05-16 05:24:12,911] {dag.py:2280} INFO - Setting next_dagrun for example_subdag_operator.section-1 to None
[2021-05-16 05:24:12,914] {logging_mixin.py:104} INFO - [2021-05-16 05:24:12,914] {dag.py:2280} INFO - Setting next_dagrun for example_subdag_operator.section-2 to None
[2021-05-16 05:24:12,947] {logging_mixin.py:104} INFO - [2021-05-16 05:24:12,947] {dag.py:1824} INFO - Sync 2 DAGs
[2021-05-16 05:24:12,992] {logging_mixin.py:104} INFO - [2021-05-16 05:24:12,992] {dag.py:2280} INFO - Setting next_dagrun for example_subdag_operator.section-1 to None
[2021-05-16 05:24:12,995] {logging_mixin.py:104} INFO - [2021-05-16 05:24:12,995] {dag.py:2280} INFO - Setting next_dagrun for example_subdag_operator.section-2 to None
[2021-05-16 05:24:13,026] {scheduler_job.py:190} INFO - Processing /home/airflow/.local/lib/python3.6/site-packages/airflow/example_dags/example_subdag_operator.py took 0.364 seconds
[2021-05-16 05:24:43,451] {scheduler_job.py:182} INFO - Started process (PID=362) to work on /home/airflow/.local/lib/python3.6/site-packages/airflow/example_dags/example_subdag_operator.py
[2021-05-16 05:24:43,471] {scheduler_job.py:629} INFO - Processing file /home/airflow/.local/lib/python3.6/site-packages/airflow/example_dags/example_subdag_operator.py for tasks to queue
[2021-05-16 05:24:43,475] {logging_mixin.py:104} INFO - [2021-05-16 05:24:43,474] {dagbag.py:451} INFO - Filling up the DagBag from /home/airflow/.local/lib/python3.6/site-packages/airflow/example_dags/example_subdag_operator.py
[2021-05-16 05:24:43,556] {scheduler_job.py:639} INFO - DAG(s) dict_keys(['example_subdag_operator.section-1', 'example_subdag_operator.section-2', 'example_subdag_operator']) retrieved from /home/airflow/.local/lib/python3.6/site-packages/airflow/example_dags/example_subdag_operator.py
[2021-05-16 05:24:43,587] {logging_mixin.py:104} INFO - [2021-05-16 05:24:43,586] {dag.py:1824} INFO - Sync 3 DAGs
[2021-05-16 05:24:43,625] {logging_mixin.py:104} INFO - [2021-05-16 05:24:43,624] {dag.py:2280} INFO - Setting next_dagrun for example_subdag_operator to 2021-05-14 00:00:00+00:00
[2021-05-16 05:24:43,632] {logging_mixin.py:104} INFO - [2021-05-16 05:24:43,632] {dag.py:2280} INFO - Setting next_dagrun for example_subdag_operator.section-1 to None
[2021-05-16 05:24:43,635] {logging_mixin.py:104} INFO - [2021-05-16 05:24:43,634] {dag.py:2280} INFO - Setting next_dagrun for example_subdag_operator.section-2 to None
[2021-05-16 05:24:43,661] {logging_mixin.py:104} INFO - [2021-05-16 05:24:43,660] {dag.py:1824} INFO - Sync 2 DAGs
[2021-05-16 05:24:43,681] {logging_mixin.py:104} INFO - [2021-05-16 05:24:43,681] {dag.py:2280} INFO - Setting next_dagrun for example_subdag_operator.section-1 to None
[2021-05-16 05:24:43,684] {logging_mixin.py:104} INFO - [2021-05-16 05:24:43,683] {dag.py:2280} INFO - Setting next_dagrun for example_subdag_operator.section-2 to None
[2021-05-16 05:24:43,705] {scheduler_job.py:190} INFO - Processing /home/airflow/.local/lib/python3.6/site-packages/airflow/example_dags/example_subdag_operator.py took 0.266 seconds
[2021-05-16 05:27:49,362] {scheduler_job.py:182} INFO - Started process (PID=40) to work on /home/airflow/.local/lib/python3.6/site-packages/airflow/example_dags/example_subdag_operator.py
[2021-05-16 05:27:49,371] {scheduler_job.py:629} INFO - Processing file /home/airflow/.local/lib/python3.6/site-packages/airflow/example_dags/example_subdag_operator.py for tasks to queue
[2021-05-16 05:27:49,374] {logging_mixin.py:104} INFO - [2021-05-16 05:27:49,374] {dagbag.py:451} INFO - Filling up the DagBag from /home/airflow/.local/lib/python3.6/site-packages/airflow/example_dags/example_subdag_operator.py
[2021-05-16 05:27:49,511] {scheduler_job.py:639} INFO - DAG(s) dict_keys(['example_subdag_operator.section-1', 'example_subdag_operator.section-2', 'example_subdag_operator']) retrieved from /home/airflow/.local/lib/python3.6/site-packages/airflow/example_dags/example_subdag_operator.py
[2021-05-16 05:27:49,552] {logging_mixin.py:104} INFO - [2021-05-16 05:27:49,552] {dag.py:1824} INFO - Sync 3 DAGs
[2021-05-16 05:27:49,664] {logging_mixin.py:104} INFO - [2021-05-16 05:27:49,664] {dag.py:2280} INFO - Setting next_dagrun for example_subdag_operator to 2021-05-14 00:00:00+00:00
[2021-05-16 05:27:49,668] {logging_mixin.py:104} INFO - [2021-05-16 05:27:49,667] {dag.py:2280} INFO - Setting next_dagrun for example_subdag_operator.section-1 to None
[2021-05-16 05:27:49,670] {logging_mixin.py:104} INFO - [2021-05-16 05:27:49,670] {dag.py:2280} INFO - Setting next_dagrun for example_subdag_operator.section-2 to None
[2021-05-16 05:27:49,725] {logging_mixin.py:104} INFO - [2021-05-16 05:27:49,725] {dag.py:1824} INFO - Sync 2 DAGs
[2021-05-16 05:27:49,744] {logging_mixin.py:104} INFO - [2021-05-16 05:27:49,744] {dag.py:2280} INFO - Setting next_dagrun for example_subdag_operator.section-1 to None
[2021-05-16 05:27:49,749] {logging_mixin.py:104} INFO - [2021-05-16 05:27:49,749] {dag.py:2280} INFO - Setting next_dagrun for example_subdag_operator.section-2 to None
[2021-05-16 05:27:49,768] {scheduler_job.py:190} INFO - Processing /home/airflow/.local/lib/python3.6/site-packages/airflow/example_dags/example_subdag_operator.py took 0.419 seconds
[2021-05-16 05:28:20,664] {scheduler_job.py:182} INFO - Started process (PID=66) to work on /home/airflow/.local/lib/python3.6/site-packages/airflow/example_dags/example_subdag_operator.py
[2021-05-16 05:28:20,689] {scheduler_job.py:629} INFO - Processing file /home/airflow/.local/lib/python3.6/site-packages/airflow/example_dags/example_subdag_operator.py for tasks to queue
[2021-05-16 05:28:20,701] {logging_mixin.py:104} INFO - [2021-05-16 05:28:20,698] {dagbag.py:451} INFO - Filling up the DagBag from /home/airflow/.local/lib/python3.6/site-packages/airflow/example_dags/example_subdag_operator.py
[2021-05-16 05:28:20,883] {scheduler_job.py:639} INFO - DAG(s) dict_keys(['example_subdag_operator.section-1', 'example_subdag_operator.section-2', 'example_subdag_operator']) retrieved from /home/airflow/.local/lib/python3.6/site-packages/airflow/example_dags/example_subdag_operator.py
[2021-05-16 05:28:20,958] {logging_mixin.py:104} INFO - [2021-05-16 05:28:20,958] {dag.py:1824} INFO - Sync 3 DAGs
[2021-05-16 05:28:21,085] {logging_mixin.py:104} INFO - [2021-05-16 05:28:21,084] {dag.py:2280} INFO - Setting next_dagrun for example_subdag_operator to 2021-05-14 00:00:00+00:00
[2021-05-16 05:28:21,090] {logging_mixin.py:104} INFO - [2021-05-16 05:28:21,090] {dag.py:2280} INFO - Setting next_dagrun for example_subdag_operator.section-1 to None
[2021-05-16 05:28:21,094] {logging_mixin.py:104} INFO - [2021-05-16 05:28:21,094] {dag.py:2280} INFO - Setting next_dagrun for example_subdag_operator.section-2 to None
[2021-05-16 05:28:21,148] {logging_mixin.py:104} INFO - [2021-05-16 05:28:21,148] {dag.py:1824} INFO - Sync 2 DAGs
[2021-05-16 05:28:21,172] {logging_mixin.py:104} INFO - [2021-05-16 05:28:21,172] {dag.py:2280} INFO - Setting next_dagrun for example_subdag_operator.section-1 to None
[2021-05-16 05:28:21,176] {logging_mixin.py:104} INFO - [2021-05-16 05:28:21,176] {dag.py:2280} INFO - Setting next_dagrun for example_subdag_operator.section-2 to None
[2021-05-16 05:28:21,198] {scheduler_job.py:190} INFO - Processing /home/airflow/.local/lib/python3.6/site-packages/airflow/example_dags/example_subdag_operator.py took 0.564 seconds
[2021-05-16 05:29:18,018] {scheduler_job.py:182} INFO - Started process (PID=92) to work on /home/airflow/.local/lib/python3.6/site-packages/airflow/example_dags/example_subdag_operator.py
[2021-05-16 05:29:18,027] {scheduler_job.py:629} INFO - Processing file /home/airflow/.local/lib/python3.6/site-packages/airflow/example_dags/example_subdag_operator.py for tasks to queue
[2021-05-16 05:29:18,032] {logging_mixin.py:104} INFO - [2021-05-16 05:29:18,031] {dagbag.py:451} INFO - Filling up the DagBag from /home/airflow/.local/lib/python3.6/site-packages/airflow/example_dags/example_subdag_operator.py
[2021-05-16 05:29:18,200] {scheduler_job.py:639} INFO - DAG(s) dict_keys(['example_subdag_operator.section-1', 'example_subdag_operator.section-2', 'example_subdag_operator']) retrieved from /home/airflow/.local/lib/python3.6/site-packages/airflow/example_dags/example_subdag_operator.py
[2021-05-16 05:29:18,276] {logging_mixin.py:104} INFO - [2021-05-16 05:29:18,275] {dag.py:1824} INFO - Sync 3 DAGs
[2021-05-16 05:29:18,357] {logging_mixin.py:104} INFO - [2021-05-16 05:29:18,357] {dag.py:2280} INFO - Setting next_dagrun for example_subdag_operator to 2021-05-14 00:00:00+00:00
[2021-05-16 05:29:18,365] {logging_mixin.py:104} INFO - [2021-05-16 05:29:18,364] {dag.py:2280} INFO - Setting next_dagrun for example_subdag_operator.section-1 to None
[2021-05-16 05:29:18,369] {logging_mixin.py:104} INFO - [2021-05-16 05:29:18,369] {dag.py:2280} INFO - Setting next_dagrun for example_subdag_operator.section-2 to None
[2021-05-16 05:29:18,410] {logging_mixin.py:104} INFO - [2021-05-16 05:29:18,409] {dag.py:1824} INFO - Sync 2 DAGs
[2021-05-16 05:29:18,439] {logging_mixin.py:104} INFO - [2021-05-16 05:29:18,439] {dag.py:2280} INFO - Setting next_dagrun for example_subdag_operator.section-1 to None
[2021-05-16 05:29:18,444] {logging_mixin.py:104} INFO - [2021-05-16 05:29:18,444] {dag.py:2280} INFO - Setting next_dagrun for example_subdag_operator.section-2 to None
[2021-05-16 05:29:18,462] {scheduler_job.py:190} INFO - Processing /home/airflow/.local/lib/python3.6/site-packages/airflow/example_dags/example_subdag_operator.py took 0.458 seconds
