[2021-05-16 05:18:21,962] {scheduler_job.py:182} INFO - Started process (PID=29) to work on /home/airflow/.local/lib/python3.6/site-packages/airflow/example_dags/example_skip_dag.py
[2021-05-16 05:18:21,981] {scheduler_job.py:629} INFO - Processing file /home/airflow/.local/lib/python3.6/site-packages/airflow/example_dags/example_skip_dag.py for tasks to queue
[2021-05-16 05:18:21,995] {logging_mixin.py:104} INFO - [2021-05-16 05:18:21,995] {dagbag.py:451} INFO - Filling up the DagBag from /home/airflow/.local/lib/python3.6/site-packages/airflow/example_dags/example_skip_dag.py
[2021-05-16 05:18:22,046] {scheduler_job.py:639} INFO - DAG(s) dict_keys(['example_skip_dag']) retrieved from /home/airflow/.local/lib/python3.6/site-packages/airflow/example_dags/example_skip_dag.py
[2021-05-16 05:18:22,158] {logging_mixin.py:104} INFO - [2021-05-16 05:18:22,157] {dag.py:1824} INFO - Sync 1 DAGs
[2021-05-16 05:18:22,246] {logging_mixin.py:104} INFO - [2021-05-16 05:18:22,245] {dag.py:1843} INFO - Creating ORM DAG for example_skip_dag
[2021-05-16 05:18:22,286] {logging_mixin.py:104} INFO - [2021-05-16 05:18:22,285] {dag.py:2280} INFO - Setting next_dagrun for example_skip_dag to 2021-05-14 00:00:00+00:00
[2021-05-16 05:18:22,357] {scheduler_job.py:190} INFO - Processing /home/airflow/.local/lib/python3.6/site-packages/airflow/example_dags/example_skip_dag.py took 0.417 seconds
[2021-05-16 05:18:52,846] {scheduler_job.py:182} INFO - Started process (PID=55) to work on /home/airflow/.local/lib/python3.6/site-packages/airflow/example_dags/example_skip_dag.py
[2021-05-16 05:18:52,857] {scheduler_job.py:629} INFO - Processing file /home/airflow/.local/lib/python3.6/site-packages/airflow/example_dags/example_skip_dag.py for tasks to queue
[2021-05-16 05:18:52,862] {logging_mixin.py:104} INFO - [2021-05-16 05:18:52,862] {dagbag.py:451} INFO - Filling up the DagBag from /home/airflow/.local/lib/python3.6/site-packages/airflow/example_dags/example_skip_dag.py
[2021-05-16 05:18:52,920] {scheduler_job.py:639} INFO - DAG(s) dict_keys(['example_skip_dag']) retrieved from /home/airflow/.local/lib/python3.6/site-packages/airflow/example_dags/example_skip_dag.py
[2021-05-16 05:18:52,984] {logging_mixin.py:104} INFO - [2021-05-16 05:18:52,984] {dag.py:1824} INFO - Sync 1 DAGs
[2021-05-16 05:18:53,048] {logging_mixin.py:104} INFO - [2021-05-16 05:18:53,047] {dag.py:2280} INFO - Setting next_dagrun for example_skip_dag to 2021-05-14 00:00:00+00:00
[2021-05-16 05:18:53,099] {scheduler_job.py:190} INFO - Processing /home/airflow/.local/lib/python3.6/site-packages/airflow/example_dags/example_skip_dag.py took 0.266 seconds
[2021-05-16 05:19:23,418] {scheduler_job.py:182} INFO - Started process (PID=81) to work on /home/airflow/.local/lib/python3.6/site-packages/airflow/example_dags/example_skip_dag.py
[2021-05-16 05:19:23,428] {scheduler_job.py:629} INFO - Processing file /home/airflow/.local/lib/python3.6/site-packages/airflow/example_dags/example_skip_dag.py for tasks to queue
[2021-05-16 05:19:23,436] {logging_mixin.py:104} INFO - [2021-05-16 05:19:23,436] {dagbag.py:451} INFO - Filling up the DagBag from /home/airflow/.local/lib/python3.6/site-packages/airflow/example_dags/example_skip_dag.py
[2021-05-16 05:19:23,463] {scheduler_job.py:639} INFO - DAG(s) dict_keys(['example_skip_dag']) retrieved from /home/airflow/.local/lib/python3.6/site-packages/airflow/example_dags/example_skip_dag.py
[2021-05-16 05:19:23,503] {logging_mixin.py:104} INFO - [2021-05-16 05:19:23,503] {dag.py:1824} INFO - Sync 1 DAGs
[2021-05-16 05:19:23,536] {logging_mixin.py:104} INFO - [2021-05-16 05:19:23,536] {dag.py:2280} INFO - Setting next_dagrun for example_skip_dag to 2021-05-14 00:00:00+00:00
[2021-05-16 05:19:23,566] {scheduler_job.py:190} INFO - Processing /home/airflow/.local/lib/python3.6/site-packages/airflow/example_dags/example_skip_dag.py took 0.162 seconds
[2021-05-16 05:19:53,755] {scheduler_job.py:182} INFO - Started process (PID=107) to work on /home/airflow/.local/lib/python3.6/site-packages/airflow/example_dags/example_skip_dag.py
[2021-05-16 05:19:53,760] {scheduler_job.py:629} INFO - Processing file /home/airflow/.local/lib/python3.6/site-packages/airflow/example_dags/example_skip_dag.py for tasks to queue
[2021-05-16 05:19:53,764] {logging_mixin.py:104} INFO - [2021-05-16 05:19:53,763] {dagbag.py:451} INFO - Filling up the DagBag from /home/airflow/.local/lib/python3.6/site-packages/airflow/example_dags/example_skip_dag.py
[2021-05-16 05:19:53,789] {scheduler_job.py:639} INFO - DAG(s) dict_keys(['example_skip_dag']) retrieved from /home/airflow/.local/lib/python3.6/site-packages/airflow/example_dags/example_skip_dag.py
[2021-05-16 05:19:53,826] {logging_mixin.py:104} INFO - [2021-05-16 05:19:53,826] {dag.py:1824} INFO - Sync 1 DAGs
[2021-05-16 05:19:53,860] {logging_mixin.py:104} INFO - [2021-05-16 05:19:53,860] {dag.py:2280} INFO - Setting next_dagrun for example_skip_dag to 2021-05-14 00:00:00+00:00
[2021-05-16 05:19:53,881] {scheduler_job.py:190} INFO - Processing /home/airflow/.local/lib/python3.6/site-packages/airflow/example_dags/example_skip_dag.py took 0.134 seconds
[2021-05-16 05:20:24,044] {scheduler_job.py:182} INFO - Started process (PID=133) to work on /home/airflow/.local/lib/python3.6/site-packages/airflow/example_dags/example_skip_dag.py
[2021-05-16 05:20:24,047] {scheduler_job.py:629} INFO - Processing file /home/airflow/.local/lib/python3.6/site-packages/airflow/example_dags/example_skip_dag.py for tasks to queue
[2021-05-16 05:20:24,049] {logging_mixin.py:104} INFO - [2021-05-16 05:20:24,049] {dagbag.py:451} INFO - Filling up the DagBag from /home/airflow/.local/lib/python3.6/site-packages/airflow/example_dags/example_skip_dag.py
[2021-05-16 05:20:24,073] {scheduler_job.py:639} INFO - DAG(s) dict_keys(['example_skip_dag']) retrieved from /home/airflow/.local/lib/python3.6/site-packages/airflow/example_dags/example_skip_dag.py
[2021-05-16 05:20:24,117] {logging_mixin.py:104} INFO - [2021-05-16 05:20:24,116] {dag.py:1824} INFO - Sync 1 DAGs
[2021-05-16 05:20:24,152] {logging_mixin.py:104} INFO - [2021-05-16 05:20:24,152] {dag.py:2280} INFO - Setting next_dagrun for example_skip_dag to 2021-05-14 00:00:00+00:00
[2021-05-16 05:20:24,176] {scheduler_job.py:190} INFO - Processing /home/airflow/.local/lib/python3.6/site-packages/airflow/example_dags/example_skip_dag.py took 0.139 seconds
[2021-05-16 05:20:54,440] {scheduler_job.py:182} INFO - Started process (PID=159) to work on /home/airflow/.local/lib/python3.6/site-packages/airflow/example_dags/example_skip_dag.py
[2021-05-16 05:20:54,444] {scheduler_job.py:629} INFO - Processing file /home/airflow/.local/lib/python3.6/site-packages/airflow/example_dags/example_skip_dag.py for tasks to queue
[2021-05-16 05:20:54,447] {logging_mixin.py:104} INFO - [2021-05-16 05:20:54,447] {dagbag.py:451} INFO - Filling up the DagBag from /home/airflow/.local/lib/python3.6/site-packages/airflow/example_dags/example_skip_dag.py
[2021-05-16 05:20:54,485] {scheduler_job.py:639} INFO - DAG(s) dict_keys(['example_skip_dag']) retrieved from /home/airflow/.local/lib/python3.6/site-packages/airflow/example_dags/example_skip_dag.py
[2021-05-16 05:20:54,527] {logging_mixin.py:104} INFO - [2021-05-16 05:20:54,527] {dag.py:1824} INFO - Sync 1 DAGs
[2021-05-16 05:20:54,569] {logging_mixin.py:104} INFO - [2021-05-16 05:20:54,569] {dag.py:2280} INFO - Setting next_dagrun for example_skip_dag to 2021-05-14 00:00:00+00:00
[2021-05-16 05:20:54,595] {scheduler_job.py:190} INFO - Processing /home/airflow/.local/lib/python3.6/site-packages/airflow/example_dags/example_skip_dag.py took 0.163 seconds
[2021-05-16 05:21:25,463] {scheduler_job.py:182} INFO - Started process (PID=185) to work on /home/airflow/.local/lib/python3.6/site-packages/airflow/example_dags/example_skip_dag.py
[2021-05-16 05:21:25,465] {scheduler_job.py:629} INFO - Processing file /home/airflow/.local/lib/python3.6/site-packages/airflow/example_dags/example_skip_dag.py for tasks to queue
[2021-05-16 05:21:25,468] {logging_mixin.py:104} INFO - [2021-05-16 05:21:25,467] {dagbag.py:451} INFO - Filling up the DagBag from /home/airflow/.local/lib/python3.6/site-packages/airflow/example_dags/example_skip_dag.py
[2021-05-16 05:21:25,487] {scheduler_job.py:639} INFO - DAG(s) dict_keys(['example_skip_dag']) retrieved from /home/airflow/.local/lib/python3.6/site-packages/airflow/example_dags/example_skip_dag.py
[2021-05-16 05:21:25,526] {logging_mixin.py:104} INFO - [2021-05-16 05:21:25,526] {dag.py:1824} INFO - Sync 1 DAGs
[2021-05-16 05:21:25,553] {logging_mixin.py:104} INFO - [2021-05-16 05:21:25,553] {dag.py:2280} INFO - Setting next_dagrun for example_skip_dag to 2021-05-14 00:00:00+00:00
[2021-05-16 05:21:25,574] {scheduler_job.py:190} INFO - Processing /home/airflow/.local/lib/python3.6/site-packages/airflow/example_dags/example_skip_dag.py took 0.119 seconds
[2021-05-16 05:21:55,894] {scheduler_job.py:182} INFO - Started process (PID=211) to work on /home/airflow/.local/lib/python3.6/site-packages/airflow/example_dags/example_skip_dag.py
[2021-05-16 05:21:55,897] {scheduler_job.py:629} INFO - Processing file /home/airflow/.local/lib/python3.6/site-packages/airflow/example_dags/example_skip_dag.py for tasks to queue
[2021-05-16 05:21:55,900] {logging_mixin.py:104} INFO - [2021-05-16 05:21:55,900] {dagbag.py:451} INFO - Filling up the DagBag from /home/airflow/.local/lib/python3.6/site-packages/airflow/example_dags/example_skip_dag.py
[2021-05-16 05:21:55,930] {scheduler_job.py:639} INFO - DAG(s) dict_keys(['example_skip_dag']) retrieved from /home/airflow/.local/lib/python3.6/site-packages/airflow/example_dags/example_skip_dag.py
[2021-05-16 05:21:55,990] {logging_mixin.py:104} INFO - [2021-05-16 05:21:55,990] {dag.py:1824} INFO - Sync 1 DAGs
[2021-05-16 05:21:56,032] {logging_mixin.py:104} INFO - [2021-05-16 05:21:56,032] {dag.py:2280} INFO - Setting next_dagrun for example_skip_dag to 2021-05-14 00:00:00+00:00
[2021-05-16 05:21:56,053] {scheduler_job.py:190} INFO - Processing /home/airflow/.local/lib/python3.6/site-packages/airflow/example_dags/example_skip_dag.py took 0.169 seconds
[2021-05-16 05:22:28,134] {scheduler_job.py:182} INFO - Started process (PID=238) to work on /home/airflow/.local/lib/python3.6/site-packages/airflow/example_dags/example_skip_dag.py
[2021-05-16 05:22:28,147] {scheduler_job.py:629} INFO - Processing file /home/airflow/.local/lib/python3.6/site-packages/airflow/example_dags/example_skip_dag.py for tasks to queue
[2021-05-16 05:22:28,151] {logging_mixin.py:104} INFO - [2021-05-16 05:22:28,150] {dagbag.py:451} INFO - Filling up the DagBag from /home/airflow/.local/lib/python3.6/site-packages/airflow/example_dags/example_skip_dag.py
[2021-05-16 05:22:28,206] {scheduler_job.py:639} INFO - DAG(s) dict_keys(['example_skip_dag']) retrieved from /home/airflow/.local/lib/python3.6/site-packages/airflow/example_dags/example_skip_dag.py
[2021-05-16 05:22:28,286] {logging_mixin.py:104} INFO - [2021-05-16 05:22:28,286] {dag.py:1824} INFO - Sync 1 DAGs
[2021-05-16 05:22:28,348] {logging_mixin.py:104} INFO - [2021-05-16 05:22:28,348] {dag.py:2280} INFO - Setting next_dagrun for example_skip_dag to 2021-05-14 00:00:00+00:00
[2021-05-16 05:22:28,389] {scheduler_job.py:190} INFO - Processing /home/airflow/.local/lib/python3.6/site-packages/airflow/example_dags/example_skip_dag.py took 0.266 seconds
[2021-05-16 05:22:59,188] {scheduler_job.py:182} INFO - Started process (PID=264) to work on /home/airflow/.local/lib/python3.6/site-packages/airflow/example_dags/example_skip_dag.py
[2021-05-16 05:22:59,196] {scheduler_job.py:629} INFO - Processing file /home/airflow/.local/lib/python3.6/site-packages/airflow/example_dags/example_skip_dag.py for tasks to queue
[2021-05-16 05:22:59,201] {logging_mixin.py:104} INFO - [2021-05-16 05:22:59,201] {dagbag.py:451} INFO - Filling up the DagBag from /home/airflow/.local/lib/python3.6/site-packages/airflow/example_dags/example_skip_dag.py
[2021-05-16 05:22:59,245] {scheduler_job.py:639} INFO - DAG(s) dict_keys(['example_skip_dag']) retrieved from /home/airflow/.local/lib/python3.6/site-packages/airflow/example_dags/example_skip_dag.py
[2021-05-16 05:22:59,303] {logging_mixin.py:104} INFO - [2021-05-16 05:22:59,303] {dag.py:1824} INFO - Sync 1 DAGs
[2021-05-16 05:22:59,346] {logging_mixin.py:104} INFO - [2021-05-16 05:22:59,346] {dag.py:2280} INFO - Setting next_dagrun for example_skip_dag to 2021-05-14 00:00:00+00:00
[2021-05-16 05:22:59,378] {scheduler_job.py:190} INFO - Processing /home/airflow/.local/lib/python3.6/site-packages/airflow/example_dags/example_skip_dag.py took 0.201 seconds
[2021-05-16 05:23:30,062] {scheduler_job.py:182} INFO - Started process (PID=290) to work on /home/airflow/.local/lib/python3.6/site-packages/airflow/example_dags/example_skip_dag.py
[2021-05-16 05:23:30,065] {scheduler_job.py:629} INFO - Processing file /home/airflow/.local/lib/python3.6/site-packages/airflow/example_dags/example_skip_dag.py for tasks to queue
[2021-05-16 05:23:30,068] {logging_mixin.py:104} INFO - [2021-05-16 05:23:30,068] {dagbag.py:451} INFO - Filling up the DagBag from /home/airflow/.local/lib/python3.6/site-packages/airflow/example_dags/example_skip_dag.py
[2021-05-16 05:23:30,107] {scheduler_job.py:639} INFO - DAG(s) dict_keys(['example_skip_dag']) retrieved from /home/airflow/.local/lib/python3.6/site-packages/airflow/example_dags/example_skip_dag.py
[2021-05-16 05:23:30,188] {logging_mixin.py:104} INFO - [2021-05-16 05:23:30,188] {dag.py:1824} INFO - Sync 1 DAGs
[2021-05-16 05:23:30,249] {logging_mixin.py:104} INFO - [2021-05-16 05:23:30,249] {dag.py:2280} INFO - Setting next_dagrun for example_skip_dag to 2021-05-14 00:00:00+00:00
[2021-05-16 05:23:30,283] {scheduler_job.py:190} INFO - Processing /home/airflow/.local/lib/python3.6/site-packages/airflow/example_dags/example_skip_dag.py took 0.236 seconds
[2021-05-16 05:24:00,767] {scheduler_job.py:182} INFO - Started process (PID=317) to work on /home/airflow/.local/lib/python3.6/site-packages/airflow/example_dags/example_skip_dag.py
[2021-05-16 05:24:00,772] {scheduler_job.py:629} INFO - Processing file /home/airflow/.local/lib/python3.6/site-packages/airflow/example_dags/example_skip_dag.py for tasks to queue
[2021-05-16 05:24:00,776] {logging_mixin.py:104} INFO - [2021-05-16 05:24:00,775] {dagbag.py:451} INFO - Filling up the DagBag from /home/airflow/.local/lib/python3.6/site-packages/airflow/example_dags/example_skip_dag.py
[2021-05-16 05:24:00,811] {scheduler_job.py:639} INFO - DAG(s) dict_keys(['example_skip_dag']) retrieved from /home/airflow/.local/lib/python3.6/site-packages/airflow/example_dags/example_skip_dag.py
[2021-05-16 05:24:00,866] {logging_mixin.py:104} INFO - [2021-05-16 05:24:00,866] {dag.py:1824} INFO - Sync 1 DAGs
[2021-05-16 05:24:00,919] {logging_mixin.py:104} INFO - [2021-05-16 05:24:00,919] {dag.py:2280} INFO - Setting next_dagrun for example_skip_dag to 2021-05-14 00:00:00+00:00
[2021-05-16 05:24:00,942] {scheduler_job.py:190} INFO - Processing /home/airflow/.local/lib/python3.6/site-packages/airflow/example_dags/example_skip_dag.py took 0.184 seconds
[2021-05-16 05:24:31,415] {scheduler_job.py:182} INFO - Started process (PID=343) to work on /home/airflow/.local/lib/python3.6/site-packages/airflow/example_dags/example_skip_dag.py
[2021-05-16 05:24:31,420] {scheduler_job.py:629} INFO - Processing file /home/airflow/.local/lib/python3.6/site-packages/airflow/example_dags/example_skip_dag.py for tasks to queue
[2021-05-16 05:24:31,424] {logging_mixin.py:104} INFO - [2021-05-16 05:24:31,423] {dagbag.py:451} INFO - Filling up the DagBag from /home/airflow/.local/lib/python3.6/site-packages/airflow/example_dags/example_skip_dag.py
[2021-05-16 05:24:31,493] {scheduler_job.py:639} INFO - DAG(s) dict_keys(['example_skip_dag']) retrieved from /home/airflow/.local/lib/python3.6/site-packages/airflow/example_dags/example_skip_dag.py
[2021-05-16 05:24:31,650] {logging_mixin.py:104} INFO - [2021-05-16 05:24:31,649] {dag.py:1824} INFO - Sync 1 DAGs
[2021-05-16 05:24:31,733] {logging_mixin.py:104} INFO - [2021-05-16 05:24:31,732] {dag.py:2280} INFO - Setting next_dagrun for example_skip_dag to 2021-05-14 00:00:00+00:00
[2021-05-16 05:24:31,824] {scheduler_job.py:190} INFO - Processing /home/airflow/.local/lib/python3.6/site-packages/airflow/example_dags/example_skip_dag.py took 0.423 seconds
[2021-05-16 05:27:48,796] {scheduler_job.py:182} INFO - Started process (PID=37) to work on /home/airflow/.local/lib/python3.6/site-packages/airflow/example_dags/example_skip_dag.py
[2021-05-16 05:27:48,802] {scheduler_job.py:629} INFO - Processing file /home/airflow/.local/lib/python3.6/site-packages/airflow/example_dags/example_skip_dag.py for tasks to queue
[2021-05-16 05:27:48,809] {logging_mixin.py:104} INFO - [2021-05-16 05:27:48,809] {dagbag.py:451} INFO - Filling up the DagBag from /home/airflow/.local/lib/python3.6/site-packages/airflow/example_dags/example_skip_dag.py
[2021-05-16 05:27:48,951] {scheduler_job.py:639} INFO - DAG(s) dict_keys(['example_skip_dag']) retrieved from /home/airflow/.local/lib/python3.6/site-packages/airflow/example_dags/example_skip_dag.py
[2021-05-16 05:27:49,140] {logging_mixin.py:104} INFO - [2021-05-16 05:27:49,140] {dag.py:1824} INFO - Sync 1 DAGs
[2021-05-16 05:27:49,202] {logging_mixin.py:104} INFO - [2021-05-16 05:27:49,202] {dag.py:2280} INFO - Setting next_dagrun for example_skip_dag to 2021-05-14 00:00:00+00:00
[2021-05-16 05:27:49,264] {scheduler_job.py:190} INFO - Processing /home/airflow/.local/lib/python3.6/site-packages/airflow/example_dags/example_skip_dag.py took 0.516 seconds
[2021-05-16 05:28:19,593] {scheduler_job.py:182} INFO - Started process (PID=63) to work on /home/airflow/.local/lib/python3.6/site-packages/airflow/example_dags/example_skip_dag.py
[2021-05-16 05:28:19,602] {scheduler_job.py:629} INFO - Processing file /home/airflow/.local/lib/python3.6/site-packages/airflow/example_dags/example_skip_dag.py for tasks to queue
[2021-05-16 05:28:19,608] {logging_mixin.py:104} INFO - [2021-05-16 05:28:19,608] {dagbag.py:451} INFO - Filling up the DagBag from /home/airflow/.local/lib/python3.6/site-packages/airflow/example_dags/example_skip_dag.py
[2021-05-16 05:28:19,689] {scheduler_job.py:639} INFO - DAG(s) dict_keys(['example_skip_dag']) retrieved from /home/airflow/.local/lib/python3.6/site-packages/airflow/example_dags/example_skip_dag.py
[2021-05-16 05:28:19,923] {logging_mixin.py:104} INFO - [2021-05-16 05:28:19,923] {dag.py:1824} INFO - Sync 1 DAGs
[2021-05-16 05:28:20,055] {logging_mixin.py:104} INFO - [2021-05-16 05:28:20,054] {dag.py:2280} INFO - Setting next_dagrun for example_skip_dag to 2021-05-14 00:00:00+00:00
[2021-05-16 05:28:20,134] {scheduler_job.py:190} INFO - Processing /home/airflow/.local/lib/python3.6/site-packages/airflow/example_dags/example_skip_dag.py took 0.560 seconds
[2021-05-16 05:29:17,647] {scheduler_job.py:182} INFO - Started process (PID=89) to work on /home/airflow/.local/lib/python3.6/site-packages/airflow/example_dags/example_skip_dag.py
[2021-05-16 05:29:17,655] {scheduler_job.py:629} INFO - Processing file /home/airflow/.local/lib/python3.6/site-packages/airflow/example_dags/example_skip_dag.py for tasks to queue
[2021-05-16 05:29:17,657] {logging_mixin.py:104} INFO - [2021-05-16 05:29:17,657] {dagbag.py:451} INFO - Filling up the DagBag from /home/airflow/.local/lib/python3.6/site-packages/airflow/example_dags/example_skip_dag.py
[2021-05-16 05:29:17,715] {scheduler_job.py:639} INFO - DAG(s) dict_keys(['example_skip_dag']) retrieved from /home/airflow/.local/lib/python3.6/site-packages/airflow/example_dags/example_skip_dag.py
[2021-05-16 05:29:17,785] {logging_mixin.py:104} INFO - [2021-05-16 05:29:17,785] {dag.py:1824} INFO - Sync 1 DAGs
[2021-05-16 05:29:17,828] {logging_mixin.py:104} INFO - [2021-05-16 05:29:17,827] {dag.py:2280} INFO - Setting next_dagrun for example_skip_dag to 2021-05-14 00:00:00+00:00
[2021-05-16 05:29:17,857] {scheduler_job.py:190} INFO - Processing /home/airflow/.local/lib/python3.6/site-packages/airflow/example_dags/example_skip_dag.py took 0.223 seconds
