[2021-05-16 05:18:29,643] {scheduler_job.py:182} INFO - Started process (PID=43) to work on /home/airflow/.local/lib/python3.6/site-packages/airflow/example_dags/example_python_operator.py
[2021-05-16 05:18:29,649] {scheduler_job.py:629} INFO - Processing file /home/airflow/.local/lib/python3.6/site-packages/airflow/example_dags/example_python_operator.py for tasks to queue
[2021-05-16 05:18:29,666] {logging_mixin.py:104} INFO - [2021-05-16 05:18:29,665] {dagbag.py:451} INFO - Filling up the DagBag from /home/airflow/.local/lib/python3.6/site-packages/airflow/example_dags/example_python_operator.py
[2021-05-16 05:18:29,823] {scheduler_job.py:639} INFO - DAG(s) dict_keys(['example_python_operator']) retrieved from /home/airflow/.local/lib/python3.6/site-packages/airflow/example_dags/example_python_operator.py
[2021-05-16 05:18:30,050] {logging_mixin.py:104} INFO - [2021-05-16 05:18:30,050] {dag.py:1824} INFO - Sync 1 DAGs
[2021-05-16 05:18:30,225] {logging_mixin.py:104} INFO - [2021-05-16 05:18:30,225] {dag.py:1843} INFO - Creating ORM DAG for example_python_operator
[2021-05-16 05:18:30,304] {logging_mixin.py:104} INFO - [2021-05-16 05:18:30,304] {dag.py:2280} INFO - Setting next_dagrun for example_python_operator to None
[2021-05-16 05:18:30,447] {scheduler_job.py:190} INFO - Processing /home/airflow/.local/lib/python3.6/site-packages/airflow/example_dags/example_python_operator.py took 0.871 seconds
[2021-05-16 05:19:00,644] {scheduler_job.py:182} INFO - Started process (PID=69) to work on /home/airflow/.local/lib/python3.6/site-packages/airflow/example_dags/example_python_operator.py
[2021-05-16 05:19:00,648] {scheduler_job.py:629} INFO - Processing file /home/airflow/.local/lib/python3.6/site-packages/airflow/example_dags/example_python_operator.py for tasks to queue
[2021-05-16 05:19:00,650] {logging_mixin.py:104} INFO - [2021-05-16 05:19:00,650] {dagbag.py:451} INFO - Filling up the DagBag from /home/airflow/.local/lib/python3.6/site-packages/airflow/example_dags/example_python_operator.py
[2021-05-16 05:19:00,728] {scheduler_job.py:639} INFO - DAG(s) dict_keys(['example_python_operator']) retrieved from /home/airflow/.local/lib/python3.6/site-packages/airflow/example_dags/example_python_operator.py
[2021-05-16 05:19:00,827] {logging_mixin.py:104} INFO - [2021-05-16 05:19:00,827] {dag.py:1824} INFO - Sync 1 DAGs
[2021-05-16 05:19:00,882] {logging_mixin.py:104} INFO - [2021-05-16 05:19:00,882] {dag.py:2280} INFO - Setting next_dagrun for example_python_operator to None
[2021-05-16 05:19:00,954] {scheduler_job.py:190} INFO - Processing /home/airflow/.local/lib/python3.6/site-packages/airflow/example_dags/example_python_operator.py took 0.317 seconds
[2021-05-16 05:19:31,803] {scheduler_job.py:182} INFO - Started process (PID=95) to work on /home/airflow/.local/lib/python3.6/site-packages/airflow/example_dags/example_python_operator.py
[2021-05-16 05:19:31,807] {scheduler_job.py:629} INFO - Processing file /home/airflow/.local/lib/python3.6/site-packages/airflow/example_dags/example_python_operator.py for tasks to queue
[2021-05-16 05:19:31,816] {logging_mixin.py:104} INFO - [2021-05-16 05:19:31,815] {dagbag.py:451} INFO - Filling up the DagBag from /home/airflow/.local/lib/python3.6/site-packages/airflow/example_dags/example_python_operator.py
[2021-05-16 05:19:31,842] {scheduler_job.py:639} INFO - DAG(s) dict_keys(['example_python_operator']) retrieved from /home/airflow/.local/lib/python3.6/site-packages/airflow/example_dags/example_python_operator.py
[2021-05-16 05:19:31,879] {logging_mixin.py:104} INFO - [2021-05-16 05:19:31,878] {dag.py:1824} INFO - Sync 1 DAGs
[2021-05-16 05:19:31,910] {logging_mixin.py:104} INFO - [2021-05-16 05:19:31,910] {dag.py:2280} INFO - Setting next_dagrun for example_python_operator to None
[2021-05-16 05:19:31,931] {scheduler_job.py:190} INFO - Processing /home/airflow/.local/lib/python3.6/site-packages/airflow/example_dags/example_python_operator.py took 0.136 seconds
[2021-05-16 05:20:02,815] {scheduler_job.py:182} INFO - Started process (PID=121) to work on /home/airflow/.local/lib/python3.6/site-packages/airflow/example_dags/example_python_operator.py
[2021-05-16 05:20:02,819] {scheduler_job.py:629} INFO - Processing file /home/airflow/.local/lib/python3.6/site-packages/airflow/example_dags/example_python_operator.py for tasks to queue
[2021-05-16 05:20:02,822] {logging_mixin.py:104} INFO - [2021-05-16 05:20:02,822] {dagbag.py:451} INFO - Filling up the DagBag from /home/airflow/.local/lib/python3.6/site-packages/airflow/example_dags/example_python_operator.py
[2021-05-16 05:20:02,855] {scheduler_job.py:639} INFO - DAG(s) dict_keys(['example_python_operator']) retrieved from /home/airflow/.local/lib/python3.6/site-packages/airflow/example_dags/example_python_operator.py
[2021-05-16 05:20:02,900] {logging_mixin.py:104} INFO - [2021-05-16 05:20:02,900] {dag.py:1824} INFO - Sync 1 DAGs
[2021-05-16 05:20:02,947] {logging_mixin.py:104} INFO - [2021-05-16 05:20:02,947] {dag.py:2280} INFO - Setting next_dagrun for example_python_operator to None
[2021-05-16 05:20:02,967] {scheduler_job.py:190} INFO - Processing /home/airflow/.local/lib/python3.6/site-packages/airflow/example_dags/example_python_operator.py took 0.158 seconds
[2021-05-16 05:20:33,833] {scheduler_job.py:182} INFO - Started process (PID=147) to work on /home/airflow/.local/lib/python3.6/site-packages/airflow/example_dags/example_python_operator.py
[2021-05-16 05:20:33,835] {scheduler_job.py:629} INFO - Processing file /home/airflow/.local/lib/python3.6/site-packages/airflow/example_dags/example_python_operator.py for tasks to queue
[2021-05-16 05:20:33,839] {logging_mixin.py:104} INFO - [2021-05-16 05:20:33,838] {dagbag.py:451} INFO - Filling up the DagBag from /home/airflow/.local/lib/python3.6/site-packages/airflow/example_dags/example_python_operator.py
[2021-05-16 05:20:33,869] {scheduler_job.py:639} INFO - DAG(s) dict_keys(['example_python_operator']) retrieved from /home/airflow/.local/lib/python3.6/site-packages/airflow/example_dags/example_python_operator.py
[2021-05-16 05:20:33,908] {logging_mixin.py:104} INFO - [2021-05-16 05:20:33,908] {dag.py:1824} INFO - Sync 1 DAGs
[2021-05-16 05:20:33,941] {logging_mixin.py:104} INFO - [2021-05-16 05:20:33,941] {dag.py:2280} INFO - Setting next_dagrun for example_python_operator to None
[2021-05-16 05:20:33,963] {scheduler_job.py:190} INFO - Processing /home/airflow/.local/lib/python3.6/site-packages/airflow/example_dags/example_python_operator.py took 0.139 seconds
[2021-05-16 05:21:04,416] {scheduler_job.py:182} INFO - Started process (PID=173) to work on /home/airflow/.local/lib/python3.6/site-packages/airflow/example_dags/example_python_operator.py
[2021-05-16 05:21:04,423] {scheduler_job.py:629} INFO - Processing file /home/airflow/.local/lib/python3.6/site-packages/airflow/example_dags/example_python_operator.py for tasks to queue
[2021-05-16 05:21:04,425] {logging_mixin.py:104} INFO - [2021-05-16 05:21:04,424] {dagbag.py:451} INFO - Filling up the DagBag from /home/airflow/.local/lib/python3.6/site-packages/airflow/example_dags/example_python_operator.py
[2021-05-16 05:21:04,452] {scheduler_job.py:639} INFO - DAG(s) dict_keys(['example_python_operator']) retrieved from /home/airflow/.local/lib/python3.6/site-packages/airflow/example_dags/example_python_operator.py
[2021-05-16 05:21:04,524] {logging_mixin.py:104} INFO - [2021-05-16 05:21:04,524] {dag.py:1824} INFO - Sync 1 DAGs
[2021-05-16 05:21:04,564] {logging_mixin.py:104} INFO - [2021-05-16 05:21:04,564] {dag.py:2280} INFO - Setting next_dagrun for example_python_operator to None
[2021-05-16 05:21:04,600] {scheduler_job.py:190} INFO - Processing /home/airflow/.local/lib/python3.6/site-packages/airflow/example_dags/example_python_operator.py took 0.189 seconds
[2021-05-16 05:21:35,168] {scheduler_job.py:182} INFO - Started process (PID=199) to work on /home/airflow/.local/lib/python3.6/site-packages/airflow/example_dags/example_python_operator.py
[2021-05-16 05:21:35,171] {scheduler_job.py:629} INFO - Processing file /home/airflow/.local/lib/python3.6/site-packages/airflow/example_dags/example_python_operator.py for tasks to queue
[2021-05-16 05:21:35,175] {logging_mixin.py:104} INFO - [2021-05-16 05:21:35,174] {dagbag.py:451} INFO - Filling up the DagBag from /home/airflow/.local/lib/python3.6/site-packages/airflow/example_dags/example_python_operator.py
[2021-05-16 05:21:35,201] {scheduler_job.py:639} INFO - DAG(s) dict_keys(['example_python_operator']) retrieved from /home/airflow/.local/lib/python3.6/site-packages/airflow/example_dags/example_python_operator.py
[2021-05-16 05:21:35,249] {logging_mixin.py:104} INFO - [2021-05-16 05:21:35,248] {dag.py:1824} INFO - Sync 1 DAGs
[2021-05-16 05:21:35,276] {logging_mixin.py:104} INFO - [2021-05-16 05:21:35,276] {dag.py:2280} INFO - Setting next_dagrun for example_python_operator to None
[2021-05-16 05:21:35,302] {scheduler_job.py:190} INFO - Processing /home/airflow/.local/lib/python3.6/site-packages/airflow/example_dags/example_python_operator.py took 0.143 seconds
[2021-05-16 05:22:05,892] {scheduler_job.py:182} INFO - Started process (PID=225) to work on /home/airflow/.local/lib/python3.6/site-packages/airflow/example_dags/example_python_operator.py
[2021-05-16 05:22:05,896] {scheduler_job.py:629} INFO - Processing file /home/airflow/.local/lib/python3.6/site-packages/airflow/example_dags/example_python_operator.py for tasks to queue
[2021-05-16 05:22:05,898] {logging_mixin.py:104} INFO - [2021-05-16 05:22:05,898] {dagbag.py:451} INFO - Filling up the DagBag from /home/airflow/.local/lib/python3.6/site-packages/airflow/example_dags/example_python_operator.py
[2021-05-16 05:22:05,937] {scheduler_job.py:639} INFO - DAG(s) dict_keys(['example_python_operator']) retrieved from /home/airflow/.local/lib/python3.6/site-packages/airflow/example_dags/example_python_operator.py
[2021-05-16 05:22:06,041] {logging_mixin.py:104} INFO - [2021-05-16 05:22:06,041] {dag.py:1824} INFO - Sync 1 DAGs
[2021-05-16 05:22:06,070] {logging_mixin.py:104} INFO - [2021-05-16 05:22:06,069] {dag.py:2280} INFO - Setting next_dagrun for example_python_operator to None
[2021-05-16 05:22:06,090] {scheduler_job.py:190} INFO - Processing /home/airflow/.local/lib/python3.6/site-packages/airflow/example_dags/example_python_operator.py took 0.205 seconds
[2021-05-16 05:22:36,822] {scheduler_job.py:182} INFO - Started process (PID=251) to work on /home/airflow/.local/lib/python3.6/site-packages/airflow/example_dags/example_python_operator.py
[2021-05-16 05:22:36,828] {scheduler_job.py:629} INFO - Processing file /home/airflow/.local/lib/python3.6/site-packages/airflow/example_dags/example_python_operator.py for tasks to queue
[2021-05-16 05:22:36,833] {logging_mixin.py:104} INFO - [2021-05-16 05:22:36,832] {dagbag.py:451} INFO - Filling up the DagBag from /home/airflow/.local/lib/python3.6/site-packages/airflow/example_dags/example_python_operator.py
[2021-05-16 05:22:36,885] {scheduler_job.py:639} INFO - DAG(s) dict_keys(['example_python_operator']) retrieved from /home/airflow/.local/lib/python3.6/site-packages/airflow/example_dags/example_python_operator.py
[2021-05-16 05:22:36,938] {logging_mixin.py:104} INFO - [2021-05-16 05:22:36,938] {dag.py:1824} INFO - Sync 1 DAGs
[2021-05-16 05:22:36,991] {logging_mixin.py:104} INFO - [2021-05-16 05:22:36,991] {dag.py:2280} INFO - Setting next_dagrun for example_python_operator to None
[2021-05-16 05:22:37,030] {scheduler_job.py:190} INFO - Processing /home/airflow/.local/lib/python3.6/site-packages/airflow/example_dags/example_python_operator.py took 0.220 seconds
[2021-05-16 05:23:08,067] {scheduler_job.py:182} INFO - Started process (PID=277) to work on /home/airflow/.local/lib/python3.6/site-packages/airflow/example_dags/example_python_operator.py
[2021-05-16 05:23:08,077] {scheduler_job.py:629} INFO - Processing file /home/airflow/.local/lib/python3.6/site-packages/airflow/example_dags/example_python_operator.py for tasks to queue
[2021-05-16 05:23:08,083] {logging_mixin.py:104} INFO - [2021-05-16 05:23:08,083] {dagbag.py:451} INFO - Filling up the DagBag from /home/airflow/.local/lib/python3.6/site-packages/airflow/example_dags/example_python_operator.py
[2021-05-16 05:23:08,124] {scheduler_job.py:639} INFO - DAG(s) dict_keys(['example_python_operator']) retrieved from /home/airflow/.local/lib/python3.6/site-packages/airflow/example_dags/example_python_operator.py
[2021-05-16 05:23:08,165] {logging_mixin.py:104} INFO - [2021-05-16 05:23:08,164] {dag.py:1824} INFO - Sync 1 DAGs
[2021-05-16 05:23:08,190] {logging_mixin.py:104} INFO - [2021-05-16 05:23:08,190] {dag.py:2280} INFO - Setting next_dagrun for example_python_operator to None
[2021-05-16 05:23:08,217] {scheduler_job.py:190} INFO - Processing /home/airflow/.local/lib/python3.6/site-packages/airflow/example_dags/example_python_operator.py took 0.163 seconds
[2021-05-16 05:23:38,479] {scheduler_job.py:182} INFO - Started process (PID=303) to work on /home/airflow/.local/lib/python3.6/site-packages/airflow/example_dags/example_python_operator.py
[2021-05-16 05:23:38,486] {scheduler_job.py:629} INFO - Processing file /home/airflow/.local/lib/python3.6/site-packages/airflow/example_dags/example_python_operator.py for tasks to queue
[2021-05-16 05:23:38,489] {logging_mixin.py:104} INFO - [2021-05-16 05:23:38,489] {dagbag.py:451} INFO - Filling up the DagBag from /home/airflow/.local/lib/python3.6/site-packages/airflow/example_dags/example_python_operator.py
[2021-05-16 05:23:38,527] {scheduler_job.py:639} INFO - DAG(s) dict_keys(['example_python_operator']) retrieved from /home/airflow/.local/lib/python3.6/site-packages/airflow/example_dags/example_python_operator.py
[2021-05-16 05:23:38,570] {logging_mixin.py:104} INFO - [2021-05-16 05:23:38,570] {dag.py:1824} INFO - Sync 1 DAGs
[2021-05-16 05:23:38,639] {logging_mixin.py:104} INFO - [2021-05-16 05:23:38,639] {dag.py:2280} INFO - Setting next_dagrun for example_python_operator to None
[2021-05-16 05:23:38,656] {scheduler_job.py:190} INFO - Processing /home/airflow/.local/lib/python3.6/site-packages/airflow/example_dags/example_python_operator.py took 0.187 seconds
[2021-05-16 05:24:08,889] {scheduler_job.py:182} INFO - Started process (PID=329) to work on /home/airflow/.local/lib/python3.6/site-packages/airflow/example_dags/example_python_operator.py
[2021-05-16 05:24:08,904] {scheduler_job.py:629} INFO - Processing file /home/airflow/.local/lib/python3.6/site-packages/airflow/example_dags/example_python_operator.py for tasks to queue
[2021-05-16 05:24:08,908] {logging_mixin.py:104} INFO - [2021-05-16 05:24:08,908] {dagbag.py:451} INFO - Filling up the DagBag from /home/airflow/.local/lib/python3.6/site-packages/airflow/example_dags/example_python_operator.py
[2021-05-16 05:24:08,941] {scheduler_job.py:639} INFO - DAG(s) dict_keys(['example_python_operator']) retrieved from /home/airflow/.local/lib/python3.6/site-packages/airflow/example_dags/example_python_operator.py
[2021-05-16 05:24:08,988] {logging_mixin.py:104} INFO - [2021-05-16 05:24:08,987] {dag.py:1824} INFO - Sync 1 DAGs
[2021-05-16 05:24:09,021] {logging_mixin.py:104} INFO - [2021-05-16 05:24:09,021] {dag.py:2280} INFO - Setting next_dagrun for example_python_operator to None
[2021-05-16 05:24:09,044] {scheduler_job.py:190} INFO - Processing /home/airflow/.local/lib/python3.6/site-packages/airflow/example_dags/example_python_operator.py took 0.167 seconds
[2021-05-16 05:24:39,695] {scheduler_job.py:182} INFO - Started process (PID=353) to work on /home/airflow/.local/lib/python3.6/site-packages/airflow/example_dags/example_python_operator.py
[2021-05-16 05:24:39,709] {scheduler_job.py:629} INFO - Processing file /home/airflow/.local/lib/python3.6/site-packages/airflow/example_dags/example_python_operator.py for tasks to queue
[2021-05-16 05:24:39,719] {logging_mixin.py:104} INFO - [2021-05-16 05:24:39,718] {dagbag.py:451} INFO - Filling up the DagBag from /home/airflow/.local/lib/python3.6/site-packages/airflow/example_dags/example_python_operator.py
[2021-05-16 05:24:39,821] {scheduler_job.py:639} INFO - DAG(s) dict_keys(['example_python_operator']) retrieved from /home/airflow/.local/lib/python3.6/site-packages/airflow/example_dags/example_python_operator.py
[2021-05-16 05:24:40,228] {logging_mixin.py:104} INFO - [2021-05-16 05:24:40,227] {dag.py:1824} INFO - Sync 1 DAGs
[2021-05-16 05:24:40,303] {logging_mixin.py:104} INFO - [2021-05-16 05:24:40,303] {dag.py:2280} INFO - Setting next_dagrun for example_python_operator to None
[2021-05-16 05:24:40,358] {scheduler_job.py:190} INFO - Processing /home/airflow/.local/lib/python3.6/site-packages/airflow/example_dags/example_python_operator.py took 0.705 seconds
[2021-05-16 05:27:49,893] {scheduler_job.py:182} INFO - Started process (PID=41) to work on /home/airflow/.local/lib/python3.6/site-packages/airflow/example_dags/example_python_operator.py
[2021-05-16 05:27:49,898] {scheduler_job.py:629} INFO - Processing file /home/airflow/.local/lib/python3.6/site-packages/airflow/example_dags/example_python_operator.py for tasks to queue
[2021-05-16 05:27:49,911] {logging_mixin.py:104} INFO - [2021-05-16 05:27:49,910] {dagbag.py:451} INFO - Filling up the DagBag from /home/airflow/.local/lib/python3.6/site-packages/airflow/example_dags/example_python_operator.py
[2021-05-16 05:27:49,970] {scheduler_job.py:639} INFO - DAG(s) dict_keys(['example_python_operator']) retrieved from /home/airflow/.local/lib/python3.6/site-packages/airflow/example_dags/example_python_operator.py
[2021-05-16 05:27:50,084] {logging_mixin.py:104} INFO - [2021-05-16 05:27:50,084] {dag.py:1824} INFO - Sync 1 DAGs
[2021-05-16 05:27:50,197] {logging_mixin.py:104} INFO - [2021-05-16 05:27:50,197] {dag.py:2280} INFO - Setting next_dagrun for example_python_operator to None
[2021-05-16 05:27:50,319] {scheduler_job.py:190} INFO - Processing /home/airflow/.local/lib/python3.6/site-packages/airflow/example_dags/example_python_operator.py took 0.454 seconds
[2021-05-16 05:28:20,718] {scheduler_job.py:182} INFO - Started process (PID=67) to work on /home/airflow/.local/lib/python3.6/site-packages/airflow/example_dags/example_python_operator.py
[2021-05-16 05:28:20,733] {scheduler_job.py:629} INFO - Processing file /home/airflow/.local/lib/python3.6/site-packages/airflow/example_dags/example_python_operator.py for tasks to queue
[2021-05-16 05:28:20,738] {logging_mixin.py:104} INFO - [2021-05-16 05:28:20,738] {dagbag.py:451} INFO - Filling up the DagBag from /home/airflow/.local/lib/python3.6/site-packages/airflow/example_dags/example_python_operator.py
[2021-05-16 05:28:20,796] {scheduler_job.py:639} INFO - DAG(s) dict_keys(['example_python_operator']) retrieved from /home/airflow/.local/lib/python3.6/site-packages/airflow/example_dags/example_python_operator.py
[2021-05-16 05:28:20,937] {logging_mixin.py:104} INFO - [2021-05-16 05:28:20,937] {dag.py:1824} INFO - Sync 1 DAGs
[2021-05-16 05:28:21,011] {logging_mixin.py:104} INFO - [2021-05-16 05:28:21,011] {dag.py:2280} INFO - Setting next_dagrun for example_python_operator to None
[2021-05-16 05:28:21,146] {scheduler_job.py:190} INFO - Processing /home/airflow/.local/lib/python3.6/site-packages/airflow/example_dags/example_python_operator.py took 0.446 seconds
[2021-05-16 05:29:18,227] {scheduler_job.py:182} INFO - Started process (PID=93) to work on /home/airflow/.local/lib/python3.6/site-packages/airflow/example_dags/example_python_operator.py
[2021-05-16 05:29:18,230] {scheduler_job.py:629} INFO - Processing file /home/airflow/.local/lib/python3.6/site-packages/airflow/example_dags/example_python_operator.py for tasks to queue
[2021-05-16 05:29:18,237] {logging_mixin.py:104} INFO - [2021-05-16 05:29:18,237] {dagbag.py:451} INFO - Filling up the DagBag from /home/airflow/.local/lib/python3.6/site-packages/airflow/example_dags/example_python_operator.py
[2021-05-16 05:29:18,346] {scheduler_job.py:639} INFO - DAG(s) dict_keys(['example_python_operator']) retrieved from /home/airflow/.local/lib/python3.6/site-packages/airflow/example_dags/example_python_operator.py
[2021-05-16 05:29:18,485] {logging_mixin.py:104} INFO - [2021-05-16 05:29:18,484] {dag.py:1824} INFO - Sync 1 DAGs
[2021-05-16 05:29:18,581] {logging_mixin.py:104} INFO - [2021-05-16 05:29:18,581] {dag.py:2280} INFO - Setting next_dagrun for example_python_operator to None
[2021-05-16 05:29:18,653] {scheduler_job.py:190} INFO - Processing /home/airflow/.local/lib/python3.6/site-packages/airflow/example_dags/example_python_operator.py took 0.438 seconds
