[2021-05-16 05:18:23,551] {scheduler_job.py:182} INFO - Started process (PID=33) to work on /home/airflow/.local/lib/python3.6/site-packages/airflow/example_dags/example_branch_operator.py
[2021-05-16 05:18:23,560] {scheduler_job.py:629} INFO - Processing file /home/airflow/.local/lib/python3.6/site-packages/airflow/example_dags/example_branch_operator.py for tasks to queue
[2021-05-16 05:18:23,565] {logging_mixin.py:104} INFO - [2021-05-16 05:18:23,565] {dagbag.py:451} INFO - Filling up the DagBag from /home/airflow/.local/lib/python3.6/site-packages/airflow/example_dags/example_branch_operator.py
[2021-05-16 05:18:23,779] {scheduler_job.py:639} INFO - DAG(s) dict_keys(['example_branch_operator']) retrieved from /home/airflow/.local/lib/python3.6/site-packages/airflow/example_dags/example_branch_operator.py
[2021-05-16 05:18:24,187] {logging_mixin.py:104} INFO - [2021-05-16 05:18:24,187] {dag.py:1824} INFO - Sync 1 DAGs
[2021-05-16 05:18:24,293] {logging_mixin.py:104} INFO - [2021-05-16 05:18:24,292] {dag.py:1843} INFO - Creating ORM DAG for example_branch_operator
[2021-05-16 05:18:24,500] {logging_mixin.py:104} INFO - [2021-05-16 05:18:24,500] {dag.py:2280} INFO - Setting next_dagrun for example_branch_operator to 2021-05-14 00:00:00+00:00
[2021-05-16 05:18:24,741] {scheduler_job.py:190} INFO - Processing /home/airflow/.local/lib/python3.6/site-packages/airflow/example_dags/example_branch_operator.py took 1.201 seconds
[2021-05-16 05:18:54,946] {scheduler_job.py:182} INFO - Started process (PID=59) to work on /home/airflow/.local/lib/python3.6/site-packages/airflow/example_dags/example_branch_operator.py
[2021-05-16 05:18:54,951] {scheduler_job.py:629} INFO - Processing file /home/airflow/.local/lib/python3.6/site-packages/airflow/example_dags/example_branch_operator.py for tasks to queue
[2021-05-16 05:18:54,960] {logging_mixin.py:104} INFO - [2021-05-16 05:18:54,958] {dagbag.py:451} INFO - Filling up the DagBag from /home/airflow/.local/lib/python3.6/site-packages/airflow/example_dags/example_branch_operator.py
[2021-05-16 05:18:55,076] {scheduler_job.py:639} INFO - DAG(s) dict_keys(['example_branch_operator']) retrieved from /home/airflow/.local/lib/python3.6/site-packages/airflow/example_dags/example_branch_operator.py
[2021-05-16 05:18:55,136] {logging_mixin.py:104} INFO - [2021-05-16 05:18:55,136] {dag.py:1824} INFO - Sync 1 DAGs
[2021-05-16 05:18:55,207] {logging_mixin.py:104} INFO - [2021-05-16 05:18:55,207] {dag.py:2280} INFO - Setting next_dagrun for example_branch_operator to 2021-05-14 00:00:00+00:00
[2021-05-16 05:18:55,240] {scheduler_job.py:190} INFO - Processing /home/airflow/.local/lib/python3.6/site-packages/airflow/example_dags/example_branch_operator.py took 0.315 seconds
[2021-05-16 05:19:25,486] {scheduler_job.py:182} INFO - Started process (PID=83) to work on /home/airflow/.local/lib/python3.6/site-packages/airflow/example_dags/example_branch_operator.py
[2021-05-16 05:19:25,505] {scheduler_job.py:629} INFO - Processing file /home/airflow/.local/lib/python3.6/site-packages/airflow/example_dags/example_branch_operator.py for tasks to queue
[2021-05-16 05:19:25,516] {logging_mixin.py:104} INFO - [2021-05-16 05:19:25,513] {dagbag.py:451} INFO - Filling up the DagBag from /home/airflow/.local/lib/python3.6/site-packages/airflow/example_dags/example_branch_operator.py
[2021-05-16 05:19:25,609] {scheduler_job.py:639} INFO - DAG(s) dict_keys(['example_branch_operator']) retrieved from /home/airflow/.local/lib/python3.6/site-packages/airflow/example_dags/example_branch_operator.py
[2021-05-16 05:19:25,709] {logging_mixin.py:104} INFO - [2021-05-16 05:19:25,709] {dag.py:1824} INFO - Sync 1 DAGs
[2021-05-16 05:19:25,812] {logging_mixin.py:104} INFO - [2021-05-16 05:19:25,812] {dag.py:2280} INFO - Setting next_dagrun for example_branch_operator to 2021-05-14 00:00:00+00:00
[2021-05-16 05:19:25,848] {scheduler_job.py:190} INFO - Processing /home/airflow/.local/lib/python3.6/site-packages/airflow/example_dags/example_branch_operator.py took 0.389 seconds
[2021-05-16 05:19:56,047] {scheduler_job.py:182} INFO - Started process (PID=110) to work on /home/airflow/.local/lib/python3.6/site-packages/airflow/example_dags/example_branch_operator.py
[2021-05-16 05:19:56,050] {scheduler_job.py:629} INFO - Processing file /home/airflow/.local/lib/python3.6/site-packages/airflow/example_dags/example_branch_operator.py for tasks to queue
[2021-05-16 05:19:56,052] {logging_mixin.py:104} INFO - [2021-05-16 05:19:56,052] {dagbag.py:451} INFO - Filling up the DagBag from /home/airflow/.local/lib/python3.6/site-packages/airflow/example_dags/example_branch_operator.py
[2021-05-16 05:19:56,089] {scheduler_job.py:639} INFO - DAG(s) dict_keys(['example_branch_operator']) retrieved from /home/airflow/.local/lib/python3.6/site-packages/airflow/example_dags/example_branch_operator.py
[2021-05-16 05:19:56,139] {logging_mixin.py:104} INFO - [2021-05-16 05:19:56,138] {dag.py:1824} INFO - Sync 1 DAGs
[2021-05-16 05:19:56,181] {logging_mixin.py:104} INFO - [2021-05-16 05:19:56,181] {dag.py:2280} INFO - Setting next_dagrun for example_branch_operator to 2021-05-14 00:00:00+00:00
[2021-05-16 05:19:56,203] {scheduler_job.py:190} INFO - Processing /home/airflow/.local/lib/python3.6/site-packages/airflow/example_dags/example_branch_operator.py took 0.162 seconds
[2021-05-16 05:20:26,299] {scheduler_job.py:182} INFO - Started process (PID=136) to work on /home/airflow/.local/lib/python3.6/site-packages/airflow/example_dags/example_branch_operator.py
[2021-05-16 05:20:26,304] {scheduler_job.py:629} INFO - Processing file /home/airflow/.local/lib/python3.6/site-packages/airflow/example_dags/example_branch_operator.py for tasks to queue
[2021-05-16 05:20:26,308] {logging_mixin.py:104} INFO - [2021-05-16 05:20:26,307] {dagbag.py:451} INFO - Filling up the DagBag from /home/airflow/.local/lib/python3.6/site-packages/airflow/example_dags/example_branch_operator.py
[2021-05-16 05:20:26,344] {scheduler_job.py:639} INFO - DAG(s) dict_keys(['example_branch_operator']) retrieved from /home/airflow/.local/lib/python3.6/site-packages/airflow/example_dags/example_branch_operator.py
[2021-05-16 05:20:26,399] {logging_mixin.py:104} INFO - [2021-05-16 05:20:26,399] {dag.py:1824} INFO - Sync 1 DAGs
[2021-05-16 05:20:26,440] {logging_mixin.py:104} INFO - [2021-05-16 05:20:26,440] {dag.py:2280} INFO - Setting next_dagrun for example_branch_operator to 2021-05-14 00:00:00+00:00
[2021-05-16 05:20:26,475] {scheduler_job.py:190} INFO - Processing /home/airflow/.local/lib/python3.6/site-packages/airflow/example_dags/example_branch_operator.py took 0.187 seconds
[2021-05-16 05:20:56,543] {scheduler_job.py:182} INFO - Started process (PID=161) to work on /home/airflow/.local/lib/python3.6/site-packages/airflow/example_dags/example_branch_operator.py
[2021-05-16 05:20:56,554] {scheduler_job.py:629} INFO - Processing file /home/airflow/.local/lib/python3.6/site-packages/airflow/example_dags/example_branch_operator.py for tasks to queue
[2021-05-16 05:20:56,559] {logging_mixin.py:104} INFO - [2021-05-16 05:20:56,559] {dagbag.py:451} INFO - Filling up the DagBag from /home/airflow/.local/lib/python3.6/site-packages/airflow/example_dags/example_branch_operator.py
[2021-05-16 05:20:56,618] {scheduler_job.py:639} INFO - DAG(s) dict_keys(['example_branch_operator']) retrieved from /home/airflow/.local/lib/python3.6/site-packages/airflow/example_dags/example_branch_operator.py
[2021-05-16 05:20:56,685] {logging_mixin.py:104} INFO - [2021-05-16 05:20:56,685] {dag.py:1824} INFO - Sync 1 DAGs
[2021-05-16 05:20:56,757] {logging_mixin.py:104} INFO - [2021-05-16 05:20:56,756] {dag.py:2280} INFO - Setting next_dagrun for example_branch_operator to 2021-05-14 00:00:00+00:00
[2021-05-16 05:20:56,783] {scheduler_job.py:190} INFO - Processing /home/airflow/.local/lib/python3.6/site-packages/airflow/example_dags/example_branch_operator.py took 0.260 seconds
[2021-05-16 05:21:27,640] {scheduler_job.py:182} INFO - Started process (PID=187) to work on /home/airflow/.local/lib/python3.6/site-packages/airflow/example_dags/example_branch_operator.py
[2021-05-16 05:21:27,647] {scheduler_job.py:629} INFO - Processing file /home/airflow/.local/lib/python3.6/site-packages/airflow/example_dags/example_branch_operator.py for tasks to queue
[2021-05-16 05:21:27,652] {logging_mixin.py:104} INFO - [2021-05-16 05:21:27,651] {dagbag.py:451} INFO - Filling up the DagBag from /home/airflow/.local/lib/python3.6/site-packages/airflow/example_dags/example_branch_operator.py
[2021-05-16 05:21:27,710] {scheduler_job.py:639} INFO - DAG(s) dict_keys(['example_branch_operator']) retrieved from /home/airflow/.local/lib/python3.6/site-packages/airflow/example_dags/example_branch_operator.py
[2021-05-16 05:21:27,766] {logging_mixin.py:104} INFO - [2021-05-16 05:21:27,766] {dag.py:1824} INFO - Sync 1 DAGs
[2021-05-16 05:21:27,813] {logging_mixin.py:104} INFO - [2021-05-16 05:21:27,812] {dag.py:2280} INFO - Setting next_dagrun for example_branch_operator to 2021-05-14 00:00:00+00:00
[2021-05-16 05:21:27,841] {scheduler_job.py:190} INFO - Processing /home/airflow/.local/lib/python3.6/site-packages/airflow/example_dags/example_branch_operator.py took 0.218 seconds
[2021-05-16 05:21:58,054] {scheduler_job.py:182} INFO - Started process (PID=213) to work on /home/airflow/.local/lib/python3.6/site-packages/airflow/example_dags/example_branch_operator.py
[2021-05-16 05:21:58,059] {scheduler_job.py:629} INFO - Processing file /home/airflow/.local/lib/python3.6/site-packages/airflow/example_dags/example_branch_operator.py for tasks to queue
[2021-05-16 05:21:58,064] {logging_mixin.py:104} INFO - [2021-05-16 05:21:58,063] {dagbag.py:451} INFO - Filling up the DagBag from /home/airflow/.local/lib/python3.6/site-packages/airflow/example_dags/example_branch_operator.py
[2021-05-16 05:21:58,109] {scheduler_job.py:639} INFO - DAG(s) dict_keys(['example_branch_operator']) retrieved from /home/airflow/.local/lib/python3.6/site-packages/airflow/example_dags/example_branch_operator.py
[2021-05-16 05:21:58,156] {logging_mixin.py:104} INFO - [2021-05-16 05:21:58,156] {dag.py:1824} INFO - Sync 1 DAGs
[2021-05-16 05:21:58,193] {logging_mixin.py:104} INFO - [2021-05-16 05:21:58,193] {dag.py:2280} INFO - Setting next_dagrun for example_branch_operator to 2021-05-14 00:00:00+00:00
[2021-05-16 05:21:58,215] {scheduler_job.py:190} INFO - Processing /home/airflow/.local/lib/python3.6/site-packages/airflow/example_dags/example_branch_operator.py took 0.175 seconds
[2021-05-16 05:22:28,469] {scheduler_job.py:182} INFO - Started process (PID=239) to work on /home/airflow/.local/lib/python3.6/site-packages/airflow/example_dags/example_branch_operator.py
[2021-05-16 05:22:28,478] {scheduler_job.py:629} INFO - Processing file /home/airflow/.local/lib/python3.6/site-packages/airflow/example_dags/example_branch_operator.py for tasks to queue
[2021-05-16 05:22:28,482] {logging_mixin.py:104} INFO - [2021-05-16 05:22:28,482] {dagbag.py:451} INFO - Filling up the DagBag from /home/airflow/.local/lib/python3.6/site-packages/airflow/example_dags/example_branch_operator.py
[2021-05-16 05:22:28,583] {scheduler_job.py:639} INFO - DAG(s) dict_keys(['example_branch_operator']) retrieved from /home/airflow/.local/lib/python3.6/site-packages/airflow/example_dags/example_branch_operator.py
[2021-05-16 05:22:28,712] {logging_mixin.py:104} INFO - [2021-05-16 05:22:28,712] {dag.py:1824} INFO - Sync 1 DAGs
[2021-05-16 05:22:28,834] {logging_mixin.py:104} INFO - [2021-05-16 05:22:28,833] {dag.py:2280} INFO - Setting next_dagrun for example_branch_operator to 2021-05-14 00:00:00+00:00
[2021-05-16 05:22:28,878] {scheduler_job.py:190} INFO - Processing /home/airflow/.local/lib/python3.6/site-packages/airflow/example_dags/example_branch_operator.py took 0.417 seconds
[2021-05-16 05:22:59,236] {scheduler_job.py:182} INFO - Started process (PID=265) to work on /home/airflow/.local/lib/python3.6/site-packages/airflow/example_dags/example_branch_operator.py
[2021-05-16 05:22:59,243] {scheduler_job.py:629} INFO - Processing file /home/airflow/.local/lib/python3.6/site-packages/airflow/example_dags/example_branch_operator.py for tasks to queue
[2021-05-16 05:22:59,248] {logging_mixin.py:104} INFO - [2021-05-16 05:22:59,248] {dagbag.py:451} INFO - Filling up the DagBag from /home/airflow/.local/lib/python3.6/site-packages/airflow/example_dags/example_branch_operator.py
[2021-05-16 05:22:59,320] {scheduler_job.py:639} INFO - DAG(s) dict_keys(['example_branch_operator']) retrieved from /home/airflow/.local/lib/python3.6/site-packages/airflow/example_dags/example_branch_operator.py
[2021-05-16 05:22:59,391] {logging_mixin.py:104} INFO - [2021-05-16 05:22:59,391] {dag.py:1824} INFO - Sync 1 DAGs
[2021-05-16 05:22:59,478] {logging_mixin.py:104} INFO - [2021-05-16 05:22:59,478] {dag.py:2280} INFO - Setting next_dagrun for example_branch_operator to 2021-05-14 00:00:00+00:00
[2021-05-16 05:22:59,514] {scheduler_job.py:190} INFO - Processing /home/airflow/.local/lib/python3.6/site-packages/airflow/example_dags/example_branch_operator.py took 0.290 seconds
[2021-05-16 05:23:30,332] {scheduler_job.py:182} INFO - Started process (PID=292) to work on /home/airflow/.local/lib/python3.6/site-packages/airflow/example_dags/example_branch_operator.py
[2021-05-16 05:23:30,335] {scheduler_job.py:629} INFO - Processing file /home/airflow/.local/lib/python3.6/site-packages/airflow/example_dags/example_branch_operator.py for tasks to queue
[2021-05-16 05:23:30,337] {logging_mixin.py:104} INFO - [2021-05-16 05:23:30,337] {dagbag.py:451} INFO - Filling up the DagBag from /home/airflow/.local/lib/python3.6/site-packages/airflow/example_dags/example_branch_operator.py
[2021-05-16 05:23:30,384] {scheduler_job.py:639} INFO - DAG(s) dict_keys(['example_branch_operator']) retrieved from /home/airflow/.local/lib/python3.6/site-packages/airflow/example_dags/example_branch_operator.py
[2021-05-16 05:23:30,422] {logging_mixin.py:104} INFO - [2021-05-16 05:23:30,422] {dag.py:1824} INFO - Sync 1 DAGs
[2021-05-16 05:23:30,456] {logging_mixin.py:104} INFO - [2021-05-16 05:23:30,456] {dag.py:2280} INFO - Setting next_dagrun for example_branch_operator to 2021-05-14 00:00:00+00:00
[2021-05-16 05:23:30,474] {scheduler_job.py:190} INFO - Processing /home/airflow/.local/lib/python3.6/site-packages/airflow/example_dags/example_branch_operator.py took 0.149 seconds
[2021-05-16 05:24:00,991] {scheduler_job.py:182} INFO - Started process (PID=318) to work on /home/airflow/.local/lib/python3.6/site-packages/airflow/example_dags/example_branch_operator.py
[2021-05-16 05:24:00,996] {scheduler_job.py:629} INFO - Processing file /home/airflow/.local/lib/python3.6/site-packages/airflow/example_dags/example_branch_operator.py for tasks to queue
[2021-05-16 05:24:00,998] {logging_mixin.py:104} INFO - [2021-05-16 05:24:00,998] {dagbag.py:451} INFO - Filling up the DagBag from /home/airflow/.local/lib/python3.6/site-packages/airflow/example_dags/example_branch_operator.py
[2021-05-16 05:24:01,031] {scheduler_job.py:639} INFO - DAG(s) dict_keys(['example_branch_operator']) retrieved from /home/airflow/.local/lib/python3.6/site-packages/airflow/example_dags/example_branch_operator.py
[2021-05-16 05:24:01,069] {logging_mixin.py:104} INFO - [2021-05-16 05:24:01,069] {dag.py:1824} INFO - Sync 1 DAGs
[2021-05-16 05:24:01,101] {logging_mixin.py:104} INFO - [2021-05-16 05:24:01,101] {dag.py:2280} INFO - Setting next_dagrun for example_branch_operator to 2021-05-14 00:00:00+00:00
[2021-05-16 05:24:01,129] {scheduler_job.py:190} INFO - Processing /home/airflow/.local/lib/python3.6/site-packages/airflow/example_dags/example_branch_operator.py took 0.147 seconds
[2021-05-16 05:24:31,848] {scheduler_job.py:182} INFO - Started process (PID=344) to work on /home/airflow/.local/lib/python3.6/site-packages/airflow/example_dags/example_branch_operator.py
[2021-05-16 05:24:31,856] {scheduler_job.py:629} INFO - Processing file /home/airflow/.local/lib/python3.6/site-packages/airflow/example_dags/example_branch_operator.py for tasks to queue
[2021-05-16 05:24:31,894] {logging_mixin.py:104} INFO - [2021-05-16 05:24:31,894] {dagbag.py:451} INFO - Filling up the DagBag from /home/airflow/.local/lib/python3.6/site-packages/airflow/example_dags/example_branch_operator.py
[2021-05-16 05:24:32,036] {scheduler_job.py:639} INFO - DAG(s) dict_keys(['example_branch_operator']) retrieved from /home/airflow/.local/lib/python3.6/site-packages/airflow/example_dags/example_branch_operator.py
[2021-05-16 05:24:32,086] {logging_mixin.py:104} INFO - [2021-05-16 05:24:32,086] {dag.py:1824} INFO - Sync 1 DAGs
[2021-05-16 05:24:32,133] {logging_mixin.py:104} INFO - [2021-05-16 05:24:32,132] {dag.py:2280} INFO - Setting next_dagrun for example_branch_operator to 2021-05-14 00:00:00+00:00
[2021-05-16 05:24:32,159] {scheduler_job.py:190} INFO - Processing /home/airflow/.local/lib/python3.6/site-packages/airflow/example_dags/example_branch_operator.py took 0.352 seconds
[2021-05-16 05:27:49,333] {scheduler_job.py:182} INFO - Started process (PID=39) to work on /home/airflow/.local/lib/python3.6/site-packages/airflow/example_dags/example_branch_operator.py
[2021-05-16 05:27:49,339] {scheduler_job.py:629} INFO - Processing file /home/airflow/.local/lib/python3.6/site-packages/airflow/example_dags/example_branch_operator.py for tasks to queue
[2021-05-16 05:27:49,344] {logging_mixin.py:104} INFO - [2021-05-16 05:27:49,343] {dagbag.py:451} INFO - Filling up the DagBag from /home/airflow/.local/lib/python3.6/site-packages/airflow/example_dags/example_branch_operator.py
[2021-05-16 05:27:49,403] {scheduler_job.py:639} INFO - DAG(s) dict_keys(['example_branch_operator']) retrieved from /home/airflow/.local/lib/python3.6/site-packages/airflow/example_dags/example_branch_operator.py
[2021-05-16 05:27:49,564] {logging_mixin.py:104} INFO - [2021-05-16 05:27:49,563] {dag.py:1824} INFO - Sync 1 DAGs
[2021-05-16 05:27:49,743] {logging_mixin.py:104} INFO - [2021-05-16 05:27:49,743] {dag.py:2280} INFO - Setting next_dagrun for example_branch_operator to 2021-05-14 00:00:00+00:00
[2021-05-16 05:27:49,810] {scheduler_job.py:190} INFO - Processing /home/airflow/.local/lib/python3.6/site-packages/airflow/example_dags/example_branch_operator.py took 0.489 seconds
[2021-05-16 05:28:20,215] {scheduler_job.py:182} INFO - Started process (PID=65) to work on /home/airflow/.local/lib/python3.6/site-packages/airflow/example_dags/example_branch_operator.py
[2021-05-16 05:28:20,222] {scheduler_job.py:629} INFO - Processing file /home/airflow/.local/lib/python3.6/site-packages/airflow/example_dags/example_branch_operator.py for tasks to queue
[2021-05-16 05:28:20,230] {logging_mixin.py:104} INFO - [2021-05-16 05:28:20,230] {dagbag.py:451} INFO - Filling up the DagBag from /home/airflow/.local/lib/python3.6/site-packages/airflow/example_dags/example_branch_operator.py
[2021-05-16 05:28:20,325] {scheduler_job.py:639} INFO - DAG(s) dict_keys(['example_branch_operator']) retrieved from /home/airflow/.local/lib/python3.6/site-packages/airflow/example_dags/example_branch_operator.py
[2021-05-16 05:28:20,501] {logging_mixin.py:104} INFO - [2021-05-16 05:28:20,501] {dag.py:1824} INFO - Sync 1 DAGs
[2021-05-16 05:28:20,560] {logging_mixin.py:104} INFO - [2021-05-16 05:28:20,560] {dag.py:2280} INFO - Setting next_dagrun for example_branch_operator to 2021-05-14 00:00:00+00:00
[2021-05-16 05:28:20,608] {scheduler_job.py:190} INFO - Processing /home/airflow/.local/lib/python3.6/site-packages/airflow/example_dags/example_branch_operator.py took 0.405 seconds
[2021-05-16 05:29:17,922] {scheduler_job.py:182} INFO - Started process (PID=91) to work on /home/airflow/.local/lib/python3.6/site-packages/airflow/example_dags/example_branch_operator.py
[2021-05-16 05:29:17,928] {scheduler_job.py:629} INFO - Processing file /home/airflow/.local/lib/python3.6/site-packages/airflow/example_dags/example_branch_operator.py for tasks to queue
[2021-05-16 05:29:17,932] {logging_mixin.py:104} INFO - [2021-05-16 05:29:17,932] {dagbag.py:451} INFO - Filling up the DagBag from /home/airflow/.local/lib/python3.6/site-packages/airflow/example_dags/example_branch_operator.py
[2021-05-16 05:29:17,985] {scheduler_job.py:639} INFO - DAG(s) dict_keys(['example_branch_operator']) retrieved from /home/airflow/.local/lib/python3.6/site-packages/airflow/example_dags/example_branch_operator.py
[2021-05-16 05:29:18,075] {logging_mixin.py:104} INFO - [2021-05-16 05:29:18,075] {dag.py:1824} INFO - Sync 1 DAGs
[2021-05-16 05:29:18,141] {logging_mixin.py:104} INFO - [2021-05-16 05:29:18,141] {dag.py:2280} INFO - Setting next_dagrun for example_branch_operator to 2021-05-14 00:00:00+00:00
[2021-05-16 05:29:18,170] {scheduler_job.py:190} INFO - Processing /home/airflow/.local/lib/python3.6/site-packages/airflow/example_dags/example_branch_operator.py took 0.263 seconds
