[2021-05-16 05:18:31,820] {scheduler_job.py:182} INFO - Started process (PID=47) to work on /home/airflow/.local/lib/python3.6/site-packages/airflow/example_dags/tutorial_taskflow_api_etl.py
[2021-05-16 05:18:31,846] {scheduler_job.py:629} INFO - Processing file /home/airflow/.local/lib/python3.6/site-packages/airflow/example_dags/tutorial_taskflow_api_etl.py for tasks to queue
[2021-05-16 05:18:31,905] {logging_mixin.py:104} INFO - [2021-05-16 05:18:31,905] {dagbag.py:451} INFO - Filling up the DagBag from /home/airflow/.local/lib/python3.6/site-packages/airflow/example_dags/tutorial_taskflow_api_etl.py
[2021-05-16 05:18:32,176] {scheduler_job.py:639} INFO - DAG(s) dict_keys(['tutorial_taskflow_api_etl']) retrieved from /home/airflow/.local/lib/python3.6/site-packages/airflow/example_dags/tutorial_taskflow_api_etl.py
[2021-05-16 05:18:32,299] {logging_mixin.py:104} INFO - [2021-05-16 05:18:32,299] {dag.py:1824} INFO - Sync 1 DAGs
[2021-05-16 05:18:32,491] {logging_mixin.py:104} INFO - [2021-05-16 05:18:32,491] {dag.py:1843} INFO - Creating ORM DAG for tutorial_taskflow_api_etl
[2021-05-16 05:18:32,553] {logging_mixin.py:104} INFO - [2021-05-16 05:18:32,553] {dag.py:2280} INFO - Setting next_dagrun for tutorial_taskflow_api_etl to None
[2021-05-16 05:18:32,691] {scheduler_job.py:190} INFO - Processing /home/airflow/.local/lib/python3.6/site-packages/airflow/example_dags/tutorial_taskflow_api_etl.py took 0.945 seconds
[2021-05-16 05:19:03,362] {scheduler_job.py:182} INFO - Started process (PID=73) to work on /home/airflow/.local/lib/python3.6/site-packages/airflow/example_dags/tutorial_taskflow_api_etl.py
[2021-05-16 05:19:03,377] {scheduler_job.py:629} INFO - Processing file /home/airflow/.local/lib/python3.6/site-packages/airflow/example_dags/tutorial_taskflow_api_etl.py for tasks to queue
[2021-05-16 05:19:03,387] {logging_mixin.py:104} INFO - [2021-05-16 05:19:03,386] {dagbag.py:451} INFO - Filling up the DagBag from /home/airflow/.local/lib/python3.6/site-packages/airflow/example_dags/tutorial_taskflow_api_etl.py
[2021-05-16 05:19:03,434] {scheduler_job.py:639} INFO - DAG(s) dict_keys(['tutorial_taskflow_api_etl']) retrieved from /home/airflow/.local/lib/python3.6/site-packages/airflow/example_dags/tutorial_taskflow_api_etl.py
[2021-05-16 05:19:03,643] {logging_mixin.py:104} INFO - [2021-05-16 05:19:03,643] {dag.py:1824} INFO - Sync 1 DAGs
[2021-05-16 05:19:03,733] {logging_mixin.py:104} INFO - [2021-05-16 05:19:03,732] {dag.py:2280} INFO - Setting next_dagrun for tutorial_taskflow_api_etl to None
[2021-05-16 05:19:03,801] {scheduler_job.py:190} INFO - Processing /home/airflow/.local/lib/python3.6/site-packages/airflow/example_dags/tutorial_taskflow_api_etl.py took 0.451 seconds
[2021-05-16 05:19:34,345] {scheduler_job.py:182} INFO - Started process (PID=99) to work on /home/airflow/.local/lib/python3.6/site-packages/airflow/example_dags/tutorial_taskflow_api_etl.py
[2021-05-16 05:19:34,358] {scheduler_job.py:629} INFO - Processing file /home/airflow/.local/lib/python3.6/site-packages/airflow/example_dags/tutorial_taskflow_api_etl.py for tasks to queue
[2021-05-16 05:19:34,370] {logging_mixin.py:104} INFO - [2021-05-16 05:19:34,362] {dagbag.py:451} INFO - Filling up the DagBag from /home/airflow/.local/lib/python3.6/site-packages/airflow/example_dags/tutorial_taskflow_api_etl.py
[2021-05-16 05:19:34,455] {scheduler_job.py:639} INFO - DAG(s) dict_keys(['tutorial_taskflow_api_etl']) retrieved from /home/airflow/.local/lib/python3.6/site-packages/airflow/example_dags/tutorial_taskflow_api_etl.py
[2021-05-16 05:19:34,561] {logging_mixin.py:104} INFO - [2021-05-16 05:19:34,560] {dag.py:1824} INFO - Sync 1 DAGs
[2021-05-16 05:19:34,641] {logging_mixin.py:104} INFO - [2021-05-16 05:19:34,641] {dag.py:2280} INFO - Setting next_dagrun for tutorial_taskflow_api_etl to None
[2021-05-16 05:19:34,743] {scheduler_job.py:190} INFO - Processing /home/airflow/.local/lib/python3.6/site-packages/airflow/example_dags/tutorial_taskflow_api_etl.py took 0.428 seconds
[2021-05-16 05:20:05,474] {scheduler_job.py:182} INFO - Started process (PID=125) to work on /home/airflow/.local/lib/python3.6/site-packages/airflow/example_dags/tutorial_taskflow_api_etl.py
[2021-05-16 05:20:05,491] {scheduler_job.py:629} INFO - Processing file /home/airflow/.local/lib/python3.6/site-packages/airflow/example_dags/tutorial_taskflow_api_etl.py for tasks to queue
[2021-05-16 05:20:05,503] {logging_mixin.py:104} INFO - [2021-05-16 05:20:05,503] {dagbag.py:451} INFO - Filling up the DagBag from /home/airflow/.local/lib/python3.6/site-packages/airflow/example_dags/tutorial_taskflow_api_etl.py
[2021-05-16 05:20:05,560] {scheduler_job.py:639} INFO - DAG(s) dict_keys(['tutorial_taskflow_api_etl']) retrieved from /home/airflow/.local/lib/python3.6/site-packages/airflow/example_dags/tutorial_taskflow_api_etl.py
[2021-05-16 05:20:05,723] {logging_mixin.py:104} INFO - [2021-05-16 05:20:05,722] {dag.py:1824} INFO - Sync 1 DAGs
[2021-05-16 05:20:05,756] {logging_mixin.py:104} INFO - [2021-05-16 05:20:05,755] {dag.py:2280} INFO - Setting next_dagrun for tutorial_taskflow_api_etl to None
[2021-05-16 05:20:05,876] {scheduler_job.py:190} INFO - Processing /home/airflow/.local/lib/python3.6/site-packages/airflow/example_dags/tutorial_taskflow_api_etl.py took 0.424 seconds
[2021-05-16 05:20:36,179] {scheduler_job.py:182} INFO - Started process (PID=151) to work on /home/airflow/.local/lib/python3.6/site-packages/airflow/example_dags/tutorial_taskflow_api_etl.py
[2021-05-16 05:20:36,187] {scheduler_job.py:629} INFO - Processing file /home/airflow/.local/lib/python3.6/site-packages/airflow/example_dags/tutorial_taskflow_api_etl.py for tasks to queue
[2021-05-16 05:20:36,195] {logging_mixin.py:104} INFO - [2021-05-16 05:20:36,194] {dagbag.py:451} INFO - Filling up the DagBag from /home/airflow/.local/lib/python3.6/site-packages/airflow/example_dags/tutorial_taskflow_api_etl.py
[2021-05-16 05:20:36,231] {scheduler_job.py:639} INFO - DAG(s) dict_keys(['tutorial_taskflow_api_etl']) retrieved from /home/airflow/.local/lib/python3.6/site-packages/airflow/example_dags/tutorial_taskflow_api_etl.py
[2021-05-16 05:20:36,310] {logging_mixin.py:104} INFO - [2021-05-16 05:20:36,308] {dag.py:1824} INFO - Sync 1 DAGs
[2021-05-16 05:20:36,376] {logging_mixin.py:104} INFO - [2021-05-16 05:20:36,375] {dag.py:2280} INFO - Setting next_dagrun for tutorial_taskflow_api_etl to None
[2021-05-16 05:20:36,421] {scheduler_job.py:190} INFO - Processing /home/airflow/.local/lib/python3.6/site-packages/airflow/example_dags/tutorial_taskflow_api_etl.py took 0.276 seconds
[2021-05-16 05:21:06,906] {scheduler_job.py:182} INFO - Started process (PID=177) to work on /home/airflow/.local/lib/python3.6/site-packages/airflow/example_dags/tutorial_taskflow_api_etl.py
[2021-05-16 05:21:06,911] {scheduler_job.py:629} INFO - Processing file /home/airflow/.local/lib/python3.6/site-packages/airflow/example_dags/tutorial_taskflow_api_etl.py for tasks to queue
[2021-05-16 05:21:06,922] {logging_mixin.py:104} INFO - [2021-05-16 05:21:06,922] {dagbag.py:451} INFO - Filling up the DagBag from /home/airflow/.local/lib/python3.6/site-packages/airflow/example_dags/tutorial_taskflow_api_etl.py
[2021-05-16 05:21:06,998] {scheduler_job.py:639} INFO - DAG(s) dict_keys(['tutorial_taskflow_api_etl']) retrieved from /home/airflow/.local/lib/python3.6/site-packages/airflow/example_dags/tutorial_taskflow_api_etl.py
[2021-05-16 05:21:07,122] {logging_mixin.py:104} INFO - [2021-05-16 05:21:07,122] {dag.py:1824} INFO - Sync 1 DAGs
[2021-05-16 05:21:07,179] {logging_mixin.py:104} INFO - [2021-05-16 05:21:07,179] {dag.py:2280} INFO - Setting next_dagrun for tutorial_taskflow_api_etl to None
[2021-05-16 05:21:07,242] {scheduler_job.py:190} INFO - Processing /home/airflow/.local/lib/python3.6/site-packages/airflow/example_dags/tutorial_taskflow_api_etl.py took 0.350 seconds
[2021-05-16 05:21:37,745] {scheduler_job.py:182} INFO - Started process (PID=203) to work on /home/airflow/.local/lib/python3.6/site-packages/airflow/example_dags/tutorial_taskflow_api_etl.py
[2021-05-16 05:21:37,752] {scheduler_job.py:629} INFO - Processing file /home/airflow/.local/lib/python3.6/site-packages/airflow/example_dags/tutorial_taskflow_api_etl.py for tasks to queue
[2021-05-16 05:21:37,765] {logging_mixin.py:104} INFO - [2021-05-16 05:21:37,763] {dagbag.py:451} INFO - Filling up the DagBag from /home/airflow/.local/lib/python3.6/site-packages/airflow/example_dags/tutorial_taskflow_api_etl.py
[2021-05-16 05:21:37,872] {scheduler_job.py:639} INFO - DAG(s) dict_keys(['tutorial_taskflow_api_etl']) retrieved from /home/airflow/.local/lib/python3.6/site-packages/airflow/example_dags/tutorial_taskflow_api_etl.py
[2021-05-16 05:21:38,023] {logging_mixin.py:104} INFO - [2021-05-16 05:21:38,023] {dag.py:1824} INFO - Sync 1 DAGs
[2021-05-16 05:21:38,142] {logging_mixin.py:104} INFO - [2021-05-16 05:21:38,142] {dag.py:2280} INFO - Setting next_dagrun for tutorial_taskflow_api_etl to None
[2021-05-16 05:21:38,245] {scheduler_job.py:190} INFO - Processing /home/airflow/.local/lib/python3.6/site-packages/airflow/example_dags/tutorial_taskflow_api_etl.py took 0.523 seconds
[2021-05-16 05:22:08,462] {scheduler_job.py:182} INFO - Started process (PID=229) to work on /home/airflow/.local/lib/python3.6/site-packages/airflow/example_dags/tutorial_taskflow_api_etl.py
[2021-05-16 05:22:08,473] {scheduler_job.py:629} INFO - Processing file /home/airflow/.local/lib/python3.6/site-packages/airflow/example_dags/tutorial_taskflow_api_etl.py for tasks to queue
[2021-05-16 05:22:08,476] {logging_mixin.py:104} INFO - [2021-05-16 05:22:08,475] {dagbag.py:451} INFO - Filling up the DagBag from /home/airflow/.local/lib/python3.6/site-packages/airflow/example_dags/tutorial_taskflow_api_etl.py
[2021-05-16 05:22:08,525] {scheduler_job.py:639} INFO - DAG(s) dict_keys(['tutorial_taskflow_api_etl']) retrieved from /home/airflow/.local/lib/python3.6/site-packages/airflow/example_dags/tutorial_taskflow_api_etl.py
[2021-05-16 05:22:08,612] {logging_mixin.py:104} INFO - [2021-05-16 05:22:08,611] {dag.py:1824} INFO - Sync 1 DAGs
[2021-05-16 05:22:08,675] {logging_mixin.py:104} INFO - [2021-05-16 05:22:08,675] {dag.py:2280} INFO - Setting next_dagrun for tutorial_taskflow_api_etl to None
[2021-05-16 05:22:08,704] {scheduler_job.py:190} INFO - Processing /home/airflow/.local/lib/python3.6/site-packages/airflow/example_dags/tutorial_taskflow_api_etl.py took 0.247 seconds
[2021-05-16 05:22:39,220] {scheduler_job.py:182} INFO - Started process (PID=255) to work on /home/airflow/.local/lib/python3.6/site-packages/airflow/example_dags/tutorial_taskflow_api_etl.py
[2021-05-16 05:22:39,225] {scheduler_job.py:629} INFO - Processing file /home/airflow/.local/lib/python3.6/site-packages/airflow/example_dags/tutorial_taskflow_api_etl.py for tasks to queue
[2021-05-16 05:22:39,228] {logging_mixin.py:104} INFO - [2021-05-16 05:22:39,228] {dagbag.py:451} INFO - Filling up the DagBag from /home/airflow/.local/lib/python3.6/site-packages/airflow/example_dags/tutorial_taskflow_api_etl.py
[2021-05-16 05:22:39,292] {scheduler_job.py:639} INFO - DAG(s) dict_keys(['tutorial_taskflow_api_etl']) retrieved from /home/airflow/.local/lib/python3.6/site-packages/airflow/example_dags/tutorial_taskflow_api_etl.py
[2021-05-16 05:22:39,407] {logging_mixin.py:104} INFO - [2021-05-16 05:22:39,406] {dag.py:1824} INFO - Sync 1 DAGs
[2021-05-16 05:22:39,487] {logging_mixin.py:104} INFO - [2021-05-16 05:22:39,487] {dag.py:2280} INFO - Setting next_dagrun for tutorial_taskflow_api_etl to None
[2021-05-16 05:22:39,540] {scheduler_job.py:190} INFO - Processing /home/airflow/.local/lib/python3.6/site-packages/airflow/example_dags/tutorial_taskflow_api_etl.py took 0.343 seconds
[2021-05-16 05:23:09,617] {scheduler_job.py:182} INFO - Started process (PID=280) to work on /home/airflow/.local/lib/python3.6/site-packages/airflow/example_dags/tutorial_taskflow_api_etl.py
[2021-05-16 05:23:09,622] {scheduler_job.py:629} INFO - Processing file /home/airflow/.local/lib/python3.6/site-packages/airflow/example_dags/tutorial_taskflow_api_etl.py for tasks to queue
[2021-05-16 05:23:09,625] {logging_mixin.py:104} INFO - [2021-05-16 05:23:09,625] {dagbag.py:451} INFO - Filling up the DagBag from /home/airflow/.local/lib/python3.6/site-packages/airflow/example_dags/tutorial_taskflow_api_etl.py
[2021-05-16 05:23:09,659] {scheduler_job.py:639} INFO - DAG(s) dict_keys(['tutorial_taskflow_api_etl']) retrieved from /home/airflow/.local/lib/python3.6/site-packages/airflow/example_dags/tutorial_taskflow_api_etl.py
[2021-05-16 05:23:09,695] {logging_mixin.py:104} INFO - [2021-05-16 05:23:09,695] {dag.py:1824} INFO - Sync 1 DAGs
[2021-05-16 05:23:09,725] {logging_mixin.py:104} INFO - [2021-05-16 05:23:09,725] {dag.py:2280} INFO - Setting next_dagrun for tutorial_taskflow_api_etl to None
[2021-05-16 05:23:09,753] {scheduler_job.py:190} INFO - Processing /home/airflow/.local/lib/python3.6/site-packages/airflow/example_dags/tutorial_taskflow_api_etl.py took 0.146 seconds
[2021-05-16 05:23:40,016] {scheduler_job.py:182} INFO - Started process (PID=306) to work on /home/airflow/.local/lib/python3.6/site-packages/airflow/example_dags/tutorial_taskflow_api_etl.py
[2021-05-16 05:23:40,035] {scheduler_job.py:629} INFO - Processing file /home/airflow/.local/lib/python3.6/site-packages/airflow/example_dags/tutorial_taskflow_api_etl.py for tasks to queue
[2021-05-16 05:23:40,040] {logging_mixin.py:104} INFO - [2021-05-16 05:23:40,039] {dagbag.py:451} INFO - Filling up the DagBag from /home/airflow/.local/lib/python3.6/site-packages/airflow/example_dags/tutorial_taskflow_api_etl.py
[2021-05-16 05:23:40,217] {scheduler_job.py:639} INFO - DAG(s) dict_keys(['tutorial_taskflow_api_etl']) retrieved from /home/airflow/.local/lib/python3.6/site-packages/airflow/example_dags/tutorial_taskflow_api_etl.py
[2021-05-16 05:23:40,345] {logging_mixin.py:104} INFO - [2021-05-16 05:23:40,345] {dag.py:1824} INFO - Sync 1 DAGs
[2021-05-16 05:23:40,399] {logging_mixin.py:104} INFO - [2021-05-16 05:23:40,399] {dag.py:2280} INFO - Setting next_dagrun for tutorial_taskflow_api_etl to None
[2021-05-16 05:23:40,437] {scheduler_job.py:190} INFO - Processing /home/airflow/.local/lib/python3.6/site-packages/airflow/example_dags/tutorial_taskflow_api_etl.py took 0.434 seconds
[2021-05-16 05:24:10,612] {scheduler_job.py:182} INFO - Started process (PID=332) to work on /home/airflow/.local/lib/python3.6/site-packages/airflow/example_dags/tutorial_taskflow_api_etl.py
[2021-05-16 05:24:10,617] {scheduler_job.py:629} INFO - Processing file /home/airflow/.local/lib/python3.6/site-packages/airflow/example_dags/tutorial_taskflow_api_etl.py for tasks to queue
[2021-05-16 05:24:10,621] {logging_mixin.py:104} INFO - [2021-05-16 05:24:10,620] {dagbag.py:451} INFO - Filling up the DagBag from /home/airflow/.local/lib/python3.6/site-packages/airflow/example_dags/tutorial_taskflow_api_etl.py
[2021-05-16 05:24:10,694] {scheduler_job.py:639} INFO - DAG(s) dict_keys(['tutorial_taskflow_api_etl']) retrieved from /home/airflow/.local/lib/python3.6/site-packages/airflow/example_dags/tutorial_taskflow_api_etl.py
[2021-05-16 05:24:10,791] {logging_mixin.py:104} INFO - [2021-05-16 05:24:10,791] {dag.py:1824} INFO - Sync 1 DAGs
[2021-05-16 05:24:10,845] {logging_mixin.py:104} INFO - [2021-05-16 05:24:10,844] {dag.py:2280} INFO - Setting next_dagrun for tutorial_taskflow_api_etl to None
[2021-05-16 05:24:10,892] {scheduler_job.py:190} INFO - Processing /home/airflow/.local/lib/python3.6/site-packages/airflow/example_dags/tutorial_taskflow_api_etl.py took 0.296 seconds
[2021-05-16 05:24:41,648] {scheduler_job.py:182} INFO - Started process (PID=359) to work on /home/airflow/.local/lib/python3.6/site-packages/airflow/example_dags/tutorial_taskflow_api_etl.py
[2021-05-16 05:24:41,654] {scheduler_job.py:629} INFO - Processing file /home/airflow/.local/lib/python3.6/site-packages/airflow/example_dags/tutorial_taskflow_api_etl.py for tasks to queue
[2021-05-16 05:24:41,658] {logging_mixin.py:104} INFO - [2021-05-16 05:24:41,657] {dagbag.py:451} INFO - Filling up the DagBag from /home/airflow/.local/lib/python3.6/site-packages/airflow/example_dags/tutorial_taskflow_api_etl.py
[2021-05-16 05:24:41,760] {scheduler_job.py:639} INFO - DAG(s) dict_keys(['tutorial_taskflow_api_etl']) retrieved from /home/airflow/.local/lib/python3.6/site-packages/airflow/example_dags/tutorial_taskflow_api_etl.py
[2021-05-16 05:24:41,867] {logging_mixin.py:104} INFO - [2021-05-16 05:24:41,867] {dag.py:1824} INFO - Sync 1 DAGs
[2021-05-16 05:24:41,940] {logging_mixin.py:104} INFO - [2021-05-16 05:24:41,940] {dag.py:2280} INFO - Setting next_dagrun for tutorial_taskflow_api_etl to None
[2021-05-16 05:24:42,007] {scheduler_job.py:190} INFO - Processing /home/airflow/.local/lib/python3.6/site-packages/airflow/example_dags/tutorial_taskflow_api_etl.py took 0.373 seconds
[2021-05-16 05:27:45,468] {scheduler_job.py:182} INFO - Started process (PID=27) to work on /home/airflow/.local/lib/python3.6/site-packages/airflow/example_dags/tutorial_taskflow_api_etl.py
[2021-05-16 05:27:45,472] {scheduler_job.py:629} INFO - Processing file /home/airflow/.local/lib/python3.6/site-packages/airflow/example_dags/tutorial_taskflow_api_etl.py for tasks to queue
[2021-05-16 05:27:45,475] {logging_mixin.py:104} INFO - [2021-05-16 05:27:45,475] {dagbag.py:451} INFO - Filling up the DagBag from /home/airflow/.local/lib/python3.6/site-packages/airflow/example_dags/tutorial_taskflow_api_etl.py
[2021-05-16 05:27:45,520] {scheduler_job.py:639} INFO - DAG(s) dict_keys(['tutorial_taskflow_api_etl']) retrieved from /home/airflow/.local/lib/python3.6/site-packages/airflow/example_dags/tutorial_taskflow_api_etl.py
[2021-05-16 05:27:45,668] {logging_mixin.py:104} INFO - [2021-05-16 05:27:45,668] {dag.py:1824} INFO - Sync 1 DAGs
[2021-05-16 05:27:45,748] {logging_mixin.py:104} INFO - [2021-05-16 05:27:45,748] {dag.py:2280} INFO - Setting next_dagrun for tutorial_taskflow_api_etl to None
[2021-05-16 05:27:45,835] {scheduler_job.py:190} INFO - Processing /home/airflow/.local/lib/python3.6/site-packages/airflow/example_dags/tutorial_taskflow_api_etl.py took 0.376 seconds
[2021-05-16 05:28:17,075] {scheduler_job.py:182} INFO - Started process (PID=55) to work on /home/airflow/.local/lib/python3.6/site-packages/airflow/example_dags/tutorial_taskflow_api_etl.py
[2021-05-16 05:28:17,081] {scheduler_job.py:629} INFO - Processing file /home/airflow/.local/lib/python3.6/site-packages/airflow/example_dags/tutorial_taskflow_api_etl.py for tasks to queue
[2021-05-16 05:28:17,088] {logging_mixin.py:104} INFO - [2021-05-16 05:28:17,086] {dagbag.py:451} INFO - Filling up the DagBag from /home/airflow/.local/lib/python3.6/site-packages/airflow/example_dags/tutorial_taskflow_api_etl.py
[2021-05-16 05:28:17,132] {scheduler_job.py:639} INFO - DAG(s) dict_keys(['tutorial_taskflow_api_etl']) retrieved from /home/airflow/.local/lib/python3.6/site-packages/airflow/example_dags/tutorial_taskflow_api_etl.py
[2021-05-16 05:28:17,228] {logging_mixin.py:104} INFO - [2021-05-16 05:28:17,228] {dag.py:1824} INFO - Sync 1 DAGs
[2021-05-16 05:28:17,260] {logging_mixin.py:104} INFO - [2021-05-16 05:28:17,260] {dag.py:2280} INFO - Setting next_dagrun for tutorial_taskflow_api_etl to None
[2021-05-16 05:28:17,290] {scheduler_job.py:190} INFO - Processing /home/airflow/.local/lib/python3.6/site-packages/airflow/example_dags/tutorial_taskflow_api_etl.py took 0.224 seconds
[2021-05-16 05:29:15,815] {scheduler_job.py:182} INFO - Started process (PID=82) to work on /home/airflow/.local/lib/python3.6/site-packages/airflow/example_dags/tutorial_taskflow_api_etl.py
[2021-05-16 05:29:15,820] {scheduler_job.py:629} INFO - Processing file /home/airflow/.local/lib/python3.6/site-packages/airflow/example_dags/tutorial_taskflow_api_etl.py for tasks to queue
[2021-05-16 05:29:15,840] {logging_mixin.py:104} INFO - [2021-05-16 05:29:15,840] {dagbag.py:451} INFO - Filling up the DagBag from /home/airflow/.local/lib/python3.6/site-packages/airflow/example_dags/tutorial_taskflow_api_etl.py
[2021-05-16 05:29:15,931] {scheduler_job.py:639} INFO - DAG(s) dict_keys(['tutorial_taskflow_api_etl']) retrieved from /home/airflow/.local/lib/python3.6/site-packages/airflow/example_dags/tutorial_taskflow_api_etl.py
[2021-05-16 05:29:16,082] {logging_mixin.py:104} INFO - [2021-05-16 05:29:16,080] {dag.py:1824} INFO - Sync 1 DAGs
[2021-05-16 05:29:16,140] {logging_mixin.py:104} INFO - [2021-05-16 05:29:16,140] {dag.py:2280} INFO - Setting next_dagrun for tutorial_taskflow_api_etl to None
[2021-05-16 05:29:16,204] {scheduler_job.py:190} INFO - Processing /home/airflow/.local/lib/python3.6/site-packages/airflow/example_dags/tutorial_taskflow_api_etl.py took 0.421 seconds
